2012-11-15 22:49:36,240 [WARN ] ServerRunning.apply():141 - Not executing tests because basic connectivity test failed for hostName=dev.lela.com, port=8080
org.springframework.web.client.ResourceAccessException: I/O error: Connection refused; nested exception is java.net.ConnectException: Connection refused
	at org.springframework.web.client.RestTemplate.doExecute(RestTemplate.java:461)
	at org.springframework.web.client.RestTemplate.execute(RestTemplate.java:409)
	at org.springframework.web.client.RestTemplate.getForEntity(RestTemplate.java:229)
	at com.lela.util.test.integration.oauth.ServerRunning.apply(ServerRunning.java:137)
	at org.junit.runners.BlockJUnit4ClassRunner.withRules(BlockJUnit4ClassRunner.java:344)
	at org.junit.runners.BlockJUnit4ClassRunner.methodBlock(BlockJUnit4ClassRunner.java:263)
	at org.junit.runners.BlockJUnit4ClassRunner.runChild(BlockJUnit4ClassRunner.java:76)
	at org.junit.runners.BlockJUnit4ClassRunner.runChild(BlockJUnit4ClassRunner.java:50)
	at org.junit.runners.ParentRunner$3.run(ParentRunner.java:193)
	at org.junit.runners.ParentRunner$1.schedule(ParentRunner.java:52)
	at org.junit.runners.ParentRunner.runChildren(ParentRunner.java:191)
	at org.junit.runners.ParentRunner.access$000(ParentRunner.java:42)
	at org.junit.runners.ParentRunner$2.evaluate(ParentRunner.java:184)
	at org.junit.runners.ParentRunner.run(ParentRunner.java:236)
	at org.apache.maven.surefire.junit4.JUnit4Provider.execute(JUnit4Provider.java:252)
	at org.apache.maven.surefire.junit4.JUnit4Provider.executeTestSet(JUnit4Provider.java:141)
	at org.apache.maven.surefire.junit4.JUnit4Provider.invoke(JUnit4Provider.java:112)
	at sun.reflect.NativeMethodAccessorImpl.invoke0(Native Method)
	at sun.reflect.NativeMethodAccessorImpl.invoke(NativeMethodAccessorImpl.java:39)
	at sun.reflect.DelegatingMethodAccessorImpl.invoke(DelegatingMethodAccessorImpl.java:25)
	at java.lang.reflect.Method.invoke(Method.java:597)
	at org.apache.maven.surefire.util.ReflectionUtils.invokeMethodWithArray(ReflectionUtils.java:189)
	at org.apache.maven.surefire.booter.ProviderFactory$ProviderProxy.invoke(ProviderFactory.java:165)
	at org.apache.maven.surefire.booter.ProviderFactory.invokeProvider(ProviderFactory.java:85)
	at org.apache.maven.surefire.booter.ForkedBooter.runSuitesInProcess(ForkedBooter.java:113)
	at org.apache.maven.surefire.booter.ForkedBooter.main(ForkedBooter.java:75)
Caused by: java.net.ConnectException: Connection refused
	at java.net.PlainSocketImpl.socketConnect(Native Method)
	at java.net.PlainSocketImpl.doConnect(PlainSocketImpl.java:351)
	at java.net.PlainSocketImpl.connectToAddress(PlainSocketImpl.java:213)
	at java.net.PlainSocketImpl.connect(PlainSocketImpl.java:200)
	at java.net.SocksSocketImpl.connect(SocksSocketImpl.java:432)
	at java.net.Socket.connect(Socket.java:529)
	at java.net.Socket.connect(Socket.java:478)
	at sun.net.NetworkClient.doConnect(NetworkClient.java:163)
	at sun.net.www.http.HttpClient.openServer(HttpClient.java:388)
	at sun.net.www.http.HttpClient.openServer(HttpClient.java:523)
	at sun.net.www.http.HttpClient.<init>(HttpClient.java:227)
	at sun.net.www.http.HttpClient.New(HttpClient.java:300)
	at sun.net.www.http.HttpClient.New(HttpClient.java:317)
	at sun.net.www.protocol.http.HttpURLConnection.getNewHttpClient(HttpURLConnection.java:970)
	at sun.net.www.protocol.http.HttpURLConnection.plainConnect(HttpURLConnection.java:911)
	at sun.net.www.protocol.http.HttpURLConnection.connect(HttpURLConnection.java:836)
	at org.springframework.http.client.SimpleBufferingClientHttpRequest.executeInternal(SimpleBufferingClientHttpRequest.java:73)
	at org.springframework.http.client.AbstractBufferingClientHttpRequest.executeInternal(AbstractBufferingClientHttpRequest.java:46)
	at org.springframework.http.client.AbstractClientHttpRequest.execute(AbstractClientHttpRequest.java:49)
	at org.springframework.web.client.RestTemplate.doExecute(RestTemplate.java:446)
	... 25 more
2012-11-15 22:49:37,667 [ERROR] SearchServiceImpl.deleteItemsByQuery():619 - Solr server is NOT available! This might cause havoc on the search functionality.
2012-11-15 22:49:37,667 [ERROR] SearchServiceImpl.deleteItemsByQuery():619 - Solr server is NOT available! This might cause havoc on the search functionality.
2012-11-15 22:49:37,667 [INFO ] SearchServiceIntegrationTest.testSearchService():119 - Testing search service...
2012-11-15 22:49:37,678 [ERROR] SearchServiceImpl.indexItems():572 - Solr server is NOT available! This might cause havoc on the search functionality.
2012-11-15 22:49:38,679 [INFO ] SearchServiceIntegrationTest.testSearchService():134 - First we search by category
2012-11-15 22:49:38,680 [ERROR] SearchServiceImpl.searchForItems():190 - Solr server is NOT available! This might cause havoc on the search functionality.
2012-11-15 22:49:38,681 [INFO ] SearchServiceIntegrationTest.testSearchService():304 - 
java.lang.NullPointerException
	at com.lela.commons.test.integration.search.SearchServiceIntegrationTest.testSearchService(SearchServiceIntegrationTest.java:139)
	at sun.reflect.NativeMethodAccessorImpl.invoke0(Native Method)
	at sun.reflect.NativeMethodAccessorImpl.invoke(NativeMethodAccessorImpl.java:39)
	at sun.reflect.DelegatingMethodAccessorImpl.invoke(DelegatingMethodAccessorImpl.java:25)
	at java.lang.reflect.Method.invoke(Method.java:597)
	at org.junit.runners.model.FrameworkMethod$1.runReflectiveCall(FrameworkMethod.java:44)
	at org.junit.internal.runners.model.ReflectiveCallable.run(ReflectiveCallable.java:15)
	at org.junit.runners.model.FrameworkMethod.invokeExplosively(FrameworkMethod.java:41)
	at org.junit.internal.runners.statements.InvokeMethod.evaluate(InvokeMethod.java:20)
	at org.junit.internal.runners.statements.RunBefores.evaluate(RunBefores.java:28)
	at org.springframework.test.context.junit4.statements.RunBeforeTestMethodCallbacks.evaluate(RunBeforeTestMethodCallbacks.java:74)
	at org.junit.internal.runners.statements.RunAfters.evaluate(RunAfters.java:31)
	at org.springframework.test.context.junit4.statements.RunAfterTestMethodCallbacks.evaluate(RunAfterTestMethodCallbacks.java:83)
	at org.junit.rules.TestWatchman$1.evaluate(TestWatchman.java:48)
	at org.springframework.test.context.junit4.statements.SpringRepeat.evaluate(SpringRepeat.java:72)
	at org.springframework.test.context.junit4.SpringJUnit4ClassRunner.runChild(SpringJUnit4ClassRunner.java:231)
	at org.junit.runners.BlockJUnit4ClassRunner.runChild(BlockJUnit4ClassRunner.java:50)
	at org.junit.runners.ParentRunner$3.run(ParentRunner.java:193)
	at org.junit.runners.ParentRunner$1.schedule(ParentRunner.java:52)
	at org.junit.runners.ParentRunner.runChildren(ParentRunner.java:191)
	at org.junit.runners.ParentRunner.access$000(ParentRunner.java:42)
	at org.junit.runners.ParentRunner$2.evaluate(ParentRunner.java:184)
	at org.springframework.test.context.junit4.statements.RunBeforeTestClassCallbacks.evaluate(RunBeforeTestClassCallbacks.java:61)
	at org.springframework.test.context.junit4.statements.RunAfterTestClassCallbacks.evaluate(RunAfterTestClassCallbacks.java:71)
	at org.junit.runners.ParentRunner.run(ParentRunner.java:236)
	at org.springframework.test.context.junit4.SpringJUnit4ClassRunner.run(SpringJUnit4ClassRunner.java:174)
	at org.apache.maven.surefire.junit4.JUnit4Provider.execute(JUnit4Provider.java:252)
	at org.apache.maven.surefire.junit4.JUnit4Provider.executeTestSet(JUnit4Provider.java:141)
	at org.apache.maven.surefire.junit4.JUnit4Provider.invoke(JUnit4Provider.java:112)
	at sun.reflect.NativeMethodAccessorImpl.invoke0(Native Method)
	at sun.reflect.NativeMethodAccessorImpl.invoke(NativeMethodAccessorImpl.java:39)
	at sun.reflect.DelegatingMethodAccessorImpl.invoke(DelegatingMethodAccessorImpl.java:25)
	at java.lang.reflect.Method.invoke(Method.java:597)
	at org.apache.maven.surefire.util.ReflectionUtils.invokeMethodWithArray(ReflectionUtils.java:189)
	at org.apache.maven.surefire.booter.ProviderFactory$ProviderProxy.invoke(ProviderFactory.java:165)
	at org.apache.maven.surefire.booter.ProviderFactory.invokeProvider(ProviderFactory.java:85)
	at org.apache.maven.surefire.booter.ForkedBooter.runSuitesInProcess(ForkedBooter.java:113)
	at org.apache.maven.surefire.booter.ForkedBooter.main(ForkedBooter.java:75)
2012-11-15 22:49:38,682 [ERROR] SearchServiceImpl.deleteItemsByQuery():619 - Solr server is NOT available! This might cause havoc on the search functionality.
2012-11-15 22:49:38,682 [ERROR] SearchServiceImpl.deleteItemsByQuery():619 - Solr server is NOT available! This might cause havoc on the search functionality.
2012-11-15 22:49:38,705 [ERROR] SearchServiceImpl.deleteItemsByQuery():619 - Solr server is NOT available! This might cause havoc on the search functionality.
2012-11-15 22:49:38,706 [ERROR] SearchServiceImpl.deleteItemsByQuery():619 - Solr server is NOT available! This might cause havoc on the search functionality.
2012-11-15 22:49:38,706 [INFO ] SearchServiceIntegrationTest.testExceptions():313 - Testing passing no terms across...
2012-11-15 22:49:38,706 [ERROR] SearchServiceImpl.searchForItems():190 - Solr server is NOT available! This might cause havoc on the search functionality.
2012-11-15 22:49:38,706 [ERROR] SearchServiceImpl.deleteItemsByQuery():619 - Solr server is NOT available! This might cause havoc on the search functionality.
2012-11-15 22:49:38,707 [ERROR] SearchServiceImpl.deleteItemsByQuery():619 - Solr server is NOT available! This might cause havoc on the search functionality.
2012-11-15 22:49:38,724 [ERROR] SearchServiceImpl.deleteItemsByQuery():619 - Solr server is NOT available! This might cause havoc on the search functionality.
2012-11-15 22:49:38,725 [ERROR] SearchServiceImpl.deleteItemsByQuery():619 - Solr server is NOT available! This might cause havoc on the search functionality.
2012-11-15 22:49:38,725 [INFO ] SearchServiceIntegrationTest.testPlurals():327 - Testing searching for 'caterpillars' and 'caterpillar'...
2012-11-15 22:49:38,725 [INFO ] SearchServiceIntegrationTest.testPlurals():331 - First we have to create some test data
2012-11-15 22:49:38,726 [ERROR] SearchServiceImpl.indexItems():572 - Solr server is NOT available! This might cause havoc on the search functionality.
2012-11-15 22:49:39,733 [ERROR] SearchServiceImpl.searchForItems():190 - Solr server is NOT available! This might cause havoc on the search functionality.
2012-11-15 22:49:39,733 [ERROR] SearchServiceIntegrationTest.testPlurals():386 - 
java.lang.NullPointerException
	at com.lela.commons.test.integration.search.SearchServiceIntegrationTest.testPlurals(SearchServiceIntegrationTest.java:371)
	at sun.reflect.NativeMethodAccessorImpl.invoke0(Native Method)
	at sun.reflect.NativeMethodAccessorImpl.invoke(NativeMethodAccessorImpl.java:39)
	at sun.reflect.DelegatingMethodAccessorImpl.invoke(DelegatingMethodAccessorImpl.java:25)
	at java.lang.reflect.Method.invoke(Method.java:597)
	at org.junit.runners.model.FrameworkMethod$1.runReflectiveCall(FrameworkMethod.java:44)
	at org.junit.internal.runners.model.ReflectiveCallable.run(ReflectiveCallable.java:15)
	at org.junit.runners.model.FrameworkMethod.invokeExplosively(FrameworkMethod.java:41)
	at org.junit.internal.runners.statements.InvokeMethod.evaluate(InvokeMethod.java:20)
	at org.junit.internal.runners.statements.RunBefores.evaluate(RunBefores.java:28)
	at org.springframework.test.context.junit4.statements.RunBeforeTestMethodCallbacks.evaluate(RunBeforeTestMethodCallbacks.java:74)
	at org.junit.internal.runners.statements.RunAfters.evaluate(RunAfters.java:31)
	at org.springframework.test.context.junit4.statements.RunAfterTestMethodCallbacks.evaluate(RunAfterTestMethodCallbacks.java:83)
	at org.junit.rules.TestWatchman$1.evaluate(TestWatchman.java:48)
	at org.springframework.test.context.junit4.statements.SpringRepeat.evaluate(SpringRepeat.java:72)
	at org.springframework.test.context.junit4.SpringJUnit4ClassRunner.runChild(SpringJUnit4ClassRunner.java:231)
	at org.junit.runners.BlockJUnit4ClassRunner.runChild(BlockJUnit4ClassRunner.java:50)
	at org.junit.runners.ParentRunner$3.run(ParentRunner.java:193)
	at org.junit.runners.ParentRunner$1.schedule(ParentRunner.java:52)
	at org.junit.runners.ParentRunner.runChildren(ParentRunner.java:191)
	at org.junit.runners.ParentRunner.access$000(ParentRunner.java:42)
	at org.junit.runners.ParentRunner$2.evaluate(ParentRunner.java:184)
	at org.springframework.test.context.junit4.statements.RunBeforeTestClassCallbacks.evaluate(RunBeforeTestClassCallbacks.java:61)
	at org.springframework.test.context.junit4.statements.RunAfterTestClassCallbacks.evaluate(RunAfterTestClassCallbacks.java:71)
	at org.junit.runners.ParentRunner.run(ParentRunner.java:236)
	at org.springframework.test.context.junit4.SpringJUnit4ClassRunner.run(SpringJUnit4ClassRunner.java:174)
	at org.apache.maven.surefire.junit4.JUnit4Provider.execute(JUnit4Provider.java:252)
	at org.apache.maven.surefire.junit4.JUnit4Provider.executeTestSet(JUnit4Provider.java:141)
	at org.apache.maven.surefire.junit4.JUnit4Provider.invoke(JUnit4Provider.java:112)
	at sun.reflect.NativeMethodAccessorImpl.invoke0(Native Method)
	at sun.reflect.NativeMethodAccessorImpl.invoke(NativeMethodAccessorImpl.java:39)
	at sun.reflect.DelegatingMethodAccessorImpl.invoke(DelegatingMethodAccessorImpl.java:25)
	at java.lang.reflect.Method.invoke(Method.java:597)
	at org.apache.maven.surefire.util.ReflectionUtils.invokeMethodWithArray(ReflectionUtils.java:189)
	at org.apache.maven.surefire.booter.ProviderFactory$ProviderProxy.invoke(ProviderFactory.java:165)
	at org.apache.maven.surefire.booter.ProviderFactory.invokeProvider(ProviderFactory.java:85)
	at org.apache.maven.surefire.booter.ForkedBooter.runSuitesInProcess(ForkedBooter.java:113)
	at org.apache.maven.surefire.booter.ForkedBooter.main(ForkedBooter.java:75)
2012-11-15 22:49:39,734 [ERROR] SearchServiceImpl.deleteItemsByQuery():619 - Solr server is NOT available! This might cause havoc on the search functionality.
2012-11-15 22:49:39,734 [ERROR] SearchServiceImpl.deleteItemsByQuery():619 - Solr server is NOT available! This might cause havoc on the search functionality.
2012-11-15 22:49:40,004 [INFO ] PriceAlertJobUnitTest.testEmailPriceAlert():79 - Test email price alert
2012-11-15 22:49:40,028 [INFO ] PriceAlertJobUnitTest.testEmailPriceAlert():99 - Test price alert email successful
2012-11-15 22:49:40,030 [INFO ] PriceAlertJobUnitTest.testNoPriceAlertWithHigherPrice():107 - Test no price alert for higher price
2012-11-15 22:49:40,031 [INFO ] PriceAlertJobUnitTest.testNoPriceAlertWithHigherPrice():127 - Test price alert email successful
2012-11-15 22:49:40,033 [INFO ] PriceAlertJobUnitTest.testNoPriceAlertWithDisabledAlert():135 - Test no price alert for diasbled alert
2012-11-15 22:49:40,034 [INFO ] PriceAlertJobUnitTest.testNoPriceAlertWithDisabledAlert():155 - Test price alert email successful
2012-11-15 22:49:42,137 [WARN ] PropertiesLoaderSupport.loadProperties():198 - Could not load properties from class path resource [mailjimp.properties]: class path resource [mailjimp.properties] cannot be opened because it does not exist
2012-11-15 22:49:42,325 [ERROR] TestContextManager.prepareTestInstance():324 - Caught exception while allowing TestExecutionListener [org.springframework.test.context.support.DependencyInjectionTestExecutionListener@37af78ce] to prepare test instance [com.lela.commons.test.repository.FooRepositoryFunctionalTest@612438f1]
java.lang.IllegalStateException: Failed to load ApplicationContext
	at org.springframework.test.context.TestContext.getApplicationContext(TestContext.java:157)
	at org.springframework.test.context.support.DependencyInjectionTestExecutionListener.injectDependencies(DependencyInjectionTestExecutionListener.java:109)
	at org.springframework.test.context.support.DependencyInjectionTestExecutionListener.prepareTestInstance(DependencyInjectionTestExecutionListener.java:75)
	at org.springframework.test.context.TestContextManager.prepareTestInstance(TestContextManager.java:321)
	at org.springframework.test.context.junit4.SpringJUnit4ClassRunner.createTest(SpringJUnit4ClassRunner.java:211)
	at org.springframework.test.context.junit4.SpringJUnit4ClassRunner$1.runReflectiveCall(SpringJUnit4ClassRunner.java:288)
	at org.junit.internal.runners.model.ReflectiveCallable.run(ReflectiveCallable.java:15)
	at org.springframework.test.context.junit4.SpringJUnit4ClassRunner.methodBlock(SpringJUnit4ClassRunner.java:290)
	at org.springframework.test.context.junit4.SpringJUnit4ClassRunner.runChild(SpringJUnit4ClassRunner.java:231)
	at org.junit.runners.BlockJUnit4ClassRunner.runChild(BlockJUnit4ClassRunner.java:50)
	at org.junit.runners.ParentRunner$3.run(ParentRunner.java:193)
	at org.junit.runners.ParentRunner$1.schedule(ParentRunner.java:52)
	at org.junit.runners.ParentRunner.runChildren(ParentRunner.java:191)
	at org.junit.runners.ParentRunner.access$000(ParentRunner.java:42)
	at org.junit.runners.ParentRunner$2.evaluate(ParentRunner.java:184)
	at org.junit.internal.runners.statements.RunBefores.evaluate(RunBefores.java:28)
	at org.springframework.test.context.junit4.statements.RunBeforeTestClassCallbacks.evaluate(RunBeforeTestClassCallbacks.java:61)
	at org.junit.internal.runners.statements.RunAfters.evaluate(RunAfters.java:31)
	at org.springframework.test.context.junit4.statements.RunAfterTestClassCallbacks.evaluate(RunAfterTestClassCallbacks.java:71)
	at org.junit.runners.ParentRunner.run(ParentRunner.java:236)
	at org.springframework.test.context.junit4.SpringJUnit4ClassRunner.run(SpringJUnit4ClassRunner.java:174)
	at org.apache.maven.surefire.junit4.JUnit4Provider.execute(JUnit4Provider.java:252)
	at org.apache.maven.surefire.junit4.JUnit4Provider.executeTestSet(JUnit4Provider.java:141)
	at org.apache.maven.surefire.junit4.JUnit4Provider.invoke(JUnit4Provider.java:112)
	at sun.reflect.NativeMethodAccessorImpl.invoke0(Native Method)
	at sun.reflect.NativeMethodAccessorImpl.invoke(NativeMethodAccessorImpl.java:39)
	at sun.reflect.DelegatingMethodAccessorImpl.invoke(DelegatingMethodAccessorImpl.java:25)
	at java.lang.reflect.Method.invoke(Method.java:597)
	at org.apache.maven.surefire.util.ReflectionUtils.invokeMethodWithArray(ReflectionUtils.java:189)
	at org.apache.maven.surefire.booter.ProviderFactory$ProviderProxy.invoke(ProviderFactory.java:165)
	at org.apache.maven.surefire.booter.ProviderFactory.invokeProvider(ProviderFactory.java:85)
	at org.apache.maven.surefire.booter.ForkedBooter.runSuitesInProcess(ForkedBooter.java:113)
	at org.apache.maven.surefire.booter.ForkedBooter.main(ForkedBooter.java:75)
Caused by: org.springframework.beans.factory.BeanCreationException: Error creating bean with name 'org.springframework.dao.annotation.PersistenceExceptionTranslationPostProcessor#0' defined in class path resource [META-INF/spring/mongodb.xml]: Initialization of bean failed; nested exception is org.springframework.beans.factory.BeanCreationException: Error creating bean with name 'mongo': Initialization of bean failed; nested exception is org.springframework.beans.TypeMismatchException: Failed to convert property value of type 'java.lang.String' to required type 'int' for property 'port'; nested exception is java.lang.NumberFormatException: For input string: "${mongodb-lela.port}"
	at org.springframework.beans.factory.support.AbstractAutowireCapableBeanFactory.doCreateBean(AbstractAutowireCapableBeanFactory.java:527)
	at org.springframework.beans.factory.support.AbstractAutowireCapableBeanFactory.createBean(AbstractAutowireCapableBeanFactory.java:456)
	at org.springframework.beans.factory.support.AbstractBeanFactory$1.getObject(AbstractBeanFactory.java:294)
	at org.springframework.beans.factory.support.DefaultSingletonBeanRegistry.getSingleton(DefaultSingletonBeanRegistry.java:225)
	at org.springframework.beans.factory.support.AbstractBeanFactory.doGetBean(AbstractBeanFactory.java:291)
	at org.springframework.beans.factory.support.AbstractBeanFactory.getBean(AbstractBeanFactory.java:197)
	at org.springframework.context.support.AbstractApplicationContext.registerBeanPostProcessors(AbstractApplicationContext.java:734)
	at org.springframework.context.support.AbstractApplicationContext.refresh(AbstractApplicationContext.java:457)
	at org.springframework.test.context.support.AbstractGenericContextLoader.loadContext(AbstractGenericContextLoader.java:103)
	at org.springframework.test.context.support.AbstractGenericContextLoader.loadContext(AbstractGenericContextLoader.java:1)
	at org.springframework.test.context.support.DelegatingSmartContextLoader.loadContext(DelegatingSmartContextLoader.java:228)
	at org.springframework.test.context.TestContext.loadApplicationContext(TestContext.java:124)
	at org.springframework.test.context.TestContext.getApplicationContext(TestContext.java:148)
	... 32 more
Caused by: org.springframework.beans.factory.BeanCreationException: Error creating bean with name 'mongo': Initialization of bean failed; nested exception is org.springframework.beans.TypeMismatchException: Failed to convert property value of type 'java.lang.String' to required type 'int' for property 'port'; nested exception is java.lang.NumberFormatException: For input string: "${mongodb-lela.port}"
	at org.springframework.beans.factory.support.AbstractAutowireCapableBeanFactory.doCreateBean(AbstractAutowireCapableBeanFactory.java:527)
	at org.springframework.beans.factory.support.AbstractAutowireCapableBeanFactory.createBean(AbstractAutowireCapableBeanFactory.java:456)
	at org.springframework.beans.factory.support.AbstractBeanFactory$1.getObject(AbstractBeanFactory.java:294)
	at org.springframework.beans.factory.support.DefaultSingletonBeanRegistry.getSingleton(DefaultSingletonBeanRegistry.java:225)
	at org.springframework.beans.factory.support.AbstractBeanFactory.doGetBean(AbstractBeanFactory.java:291)
	at org.springframework.beans.factory.support.AbstractBeanFactory.getBean(AbstractBeanFactory.java:197)
	at org.springframework.beans.factory.support.DefaultListableBeanFactory.getBeansOfType(DefaultListableBeanFactory.java:420)
	at org.springframework.beans.factory.BeanFactoryUtils.beansOfTypeIncludingAncestors(BeanFactoryUtils.java:277)
	at org.springframework.dao.support.PersistenceExceptionTranslationInterceptor.detectPersistenceExceptionTranslators(PersistenceExceptionTranslationInterceptor.java:139)
	at org.springframework.dao.support.PersistenceExceptionTranslationInterceptor.<init>(PersistenceExceptionTranslationInterceptor.java:79)
	at org.springframework.dao.annotation.PersistenceExceptionTranslationAdvisor.<init>(PersistenceExceptionTranslationAdvisor.java:70)
	at org.springframework.dao.annotation.PersistenceExceptionTranslationPostProcessor.setBeanFactory(PersistenceExceptionTranslationPostProcessor.java:103)
	at org.springframework.beans.factory.support.AbstractAutowireCapableBeanFactory.invokeAwareMethods(AbstractAutowireCapableBeanFactory.java:1475)
	at org.springframework.beans.factory.support.AbstractAutowireCapableBeanFactory.initializeBean(AbstractAutowireCapableBeanFactory.java:1443)
	at org.springframework.beans.factory.support.AbstractAutowireCapableBeanFactory.doCreateBean(AbstractAutowireCapableBeanFactory.java:519)
	... 44 more
Caused by: org.springframework.beans.TypeMismatchException: Failed to convert property value of type 'java.lang.String' to required type 'int' for property 'port'; nested exception is java.lang.NumberFormatException: For input string: "${mongodb-lela.port}"
	at org.springframework.beans.BeanWrapperImpl.convertIfNecessary(BeanWrapperImpl.java:490)
	at org.springframework.beans.BeanWrapperImpl.convertForProperty(BeanWrapperImpl.java:516)
	at org.springframework.beans.BeanWrapperImpl.convertForProperty(BeanWrapperImpl.java:510)
	at org.springframework.beans.factory.support.AbstractAutowireCapableBeanFactory.convertForProperty(AbstractAutowireCapableBeanFactory.java:1406)
	at org.springframework.beans.factory.support.AbstractAutowireCapableBeanFactory.applyPropertyValues(AbstractAutowireCapableBeanFactory.java:1365)
	at org.springframework.beans.factory.support.AbstractAutowireCapableBeanFactory.populateBean(AbstractAutowireCapableBeanFactory.java:1118)
	at org.springframework.beans.factory.support.AbstractAutowireCapableBeanFactory.doCreateBean(AbstractAutowireCapableBeanFactory.java:517)
	... 58 more
Caused by: java.lang.NumberFormatException: For input string: "${mongodb-lela.port}"
	at java.lang.NumberFormatException.forInputString(NumberFormatException.java:48)
	at java.lang.Integer.parseInt(Integer.java:449)
	at java.lang.Integer.valueOf(Integer.java:554)
	at org.springframework.util.NumberUtils.parseNumber(NumberUtils.java:155)
	at org.springframework.beans.propertyeditors.CustomNumberEditor.setAsText(CustomNumberEditor.java:115)
	at org.springframework.beans.TypeConverterDelegate.doConvertTextValue(TypeConverterDelegate.java:435)
	at org.springframework.beans.TypeConverterDelegate.doConvertValue(TypeConverterDelegate.java:407)
	at org.springframework.beans.TypeConverterDelegate.convertIfNecessary(TypeConverterDelegate.java:164)
	at org.springframework.beans.BeanWrapperImpl.convertIfNecessary(BeanWrapperImpl.java:470)
	... 64 more
2012-11-15 22:49:43,568 [WARN ] PropertiesLoaderSupport.loadProperties():198 - Could not load properties from class path resource [mailjimp.properties]: class path resource [mailjimp.properties] cannot be opened because it does not exist
2012-11-15 22:49:43,635 [ERROR] TestContextManager.prepareTestInstance():324 - Caught exception while allowing TestExecutionListener [org.springframework.test.context.support.DependencyInjectionTestExecutionListener@37af78ce] to prepare test instance [com.lela.commons.test.repository.FooRepositoryFunctionalTest@33d88c1f]
java.lang.IllegalStateException: Failed to load ApplicationContext
	at org.springframework.test.context.TestContext.getApplicationContext(TestContext.java:157)
	at org.springframework.test.context.support.DependencyInjectionTestExecutionListener.injectDependencies(DependencyInjectionTestExecutionListener.java:109)
	at org.springframework.test.context.support.DependencyInjectionTestExecutionListener.prepareTestInstance(DependencyInjectionTestExecutionListener.java:75)
	at org.springframework.test.context.TestContextManager.prepareTestInstance(TestContextManager.java:321)
	at org.springframework.test.context.junit4.SpringJUnit4ClassRunner.createTest(SpringJUnit4ClassRunner.java:211)
	at org.springframework.test.context.junit4.SpringJUnit4ClassRunner$1.runReflectiveCall(SpringJUnit4ClassRunner.java:288)
	at org.junit.internal.runners.model.ReflectiveCallable.run(ReflectiveCallable.java:15)
	at org.springframework.test.context.junit4.SpringJUnit4ClassRunner.methodBlock(SpringJUnit4ClassRunner.java:290)
	at org.springframework.test.context.junit4.SpringJUnit4ClassRunner.runChild(SpringJUnit4ClassRunner.java:231)
	at org.junit.runners.BlockJUnit4ClassRunner.runChild(BlockJUnit4ClassRunner.java:50)
	at org.junit.runners.ParentRunner$3.run(ParentRunner.java:193)
	at org.junit.runners.ParentRunner$1.schedule(ParentRunner.java:52)
	at org.junit.runners.ParentRunner.runChildren(ParentRunner.java:191)
	at org.junit.runners.ParentRunner.access$000(ParentRunner.java:42)
	at org.junit.runners.ParentRunner$2.evaluate(ParentRunner.java:184)
	at org.junit.internal.runners.statements.RunBefores.evaluate(RunBefores.java:28)
	at org.springframework.test.context.junit4.statements.RunBeforeTestClassCallbacks.evaluate(RunBeforeTestClassCallbacks.java:61)
	at org.junit.internal.runners.statements.RunAfters.evaluate(RunAfters.java:31)
	at org.springframework.test.context.junit4.statements.RunAfterTestClassCallbacks.evaluate(RunAfterTestClassCallbacks.java:71)
	at org.junit.runners.ParentRunner.run(ParentRunner.java:236)
	at org.springframework.test.context.junit4.SpringJUnit4ClassRunner.run(SpringJUnit4ClassRunner.java:174)
	at org.apache.maven.surefire.junit4.JUnit4Provider.execute(JUnit4Provider.java:252)
	at org.apache.maven.surefire.junit4.JUnit4Provider.executeTestSet(JUnit4Provider.java:141)
	at org.apache.maven.surefire.junit4.JUnit4Provider.invoke(JUnit4Provider.java:112)
	at sun.reflect.NativeMethodAccessorImpl.invoke0(Native Method)
	at sun.reflect.NativeMethodAccessorImpl.invoke(NativeMethodAccessorImpl.java:39)
	at sun.reflect.DelegatingMethodAccessorImpl.invoke(DelegatingMethodAccessorImpl.java:25)
	at java.lang.reflect.Method.invoke(Method.java:597)
	at org.apache.maven.surefire.util.ReflectionUtils.invokeMethodWithArray(ReflectionUtils.java:189)
	at org.apache.maven.surefire.booter.ProviderFactory$ProviderProxy.invoke(ProviderFactory.java:165)
	at org.apache.maven.surefire.booter.ProviderFactory.invokeProvider(ProviderFactory.java:85)
	at org.apache.maven.surefire.booter.ForkedBooter.runSuitesInProcess(ForkedBooter.java:113)
	at org.apache.maven.surefire.booter.ForkedBooter.main(ForkedBooter.java:75)
Caused by: org.springframework.beans.factory.BeanCreationException: Error creating bean with name 'org.springframework.dao.annotation.PersistenceExceptionTranslationPostProcessor#0' defined in class path resource [META-INF/spring/mongodb.xml]: Initialization of bean failed; nested exception is org.springframework.beans.factory.BeanCreationException: Error creating bean with name 'mongo': Initialization of bean failed; nested exception is org.springframework.beans.TypeMismatchException: Failed to convert property value of type 'java.lang.String' to required type 'int' for property 'port'; nested exception is java.lang.NumberFormatException: For input string: "${mongodb-lela.port}"
	at org.springframework.beans.factory.support.AbstractAutowireCapableBeanFactory.doCreateBean(AbstractAutowireCapableBeanFactory.java:527)
	at org.springframework.beans.factory.support.AbstractAutowireCapableBeanFactory.createBean(AbstractAutowireCapableBeanFactory.java:456)
	at org.springframework.beans.factory.support.AbstractBeanFactory$1.getObject(AbstractBeanFactory.java:294)
	at org.springframework.beans.factory.support.DefaultSingletonBeanRegistry.getSingleton(DefaultSingletonBeanRegistry.java:225)
	at org.springframework.beans.factory.support.AbstractBeanFactory.doGetBean(AbstractBeanFactory.java:291)
	at org.springframework.beans.factory.support.AbstractBeanFactory.getBean(AbstractBeanFactory.java:197)
	at org.springframework.context.support.AbstractApplicationContext.registerBeanPostProcessors(AbstractApplicationContext.java:734)
	at org.springframework.context.support.AbstractApplicationContext.refresh(AbstractApplicationContext.java:457)
	at org.springframework.test.context.support.AbstractGenericContextLoader.loadContext(AbstractGenericContextLoader.java:103)
	at org.springframework.test.context.support.AbstractGenericContextLoader.loadContext(AbstractGenericContextLoader.java:1)
	at org.springframework.test.context.support.DelegatingSmartContextLoader.loadContext(DelegatingSmartContextLoader.java:228)
	at org.springframework.test.context.TestContext.loadApplicationContext(TestContext.java:124)
	at org.springframework.test.context.TestContext.getApplicationContext(TestContext.java:148)
	... 32 more
Caused by: org.springframework.beans.factory.BeanCreationException: Error creating bean with name 'mongo': Initialization of bean failed; nested exception is org.springframework.beans.TypeMismatchException: Failed to convert property value of type 'java.lang.String' to required type 'int' for property 'port'; nested exception is java.lang.NumberFormatException: For input string: "${mongodb-lela.port}"
	at org.springframework.beans.factory.support.AbstractAutowireCapableBeanFactory.doCreateBean(AbstractAutowireCapableBeanFactory.java:527)
	at org.springframework.beans.factory.support.AbstractAutowireCapableBeanFactory.createBean(AbstractAutowireCapableBeanFactory.java:456)
	at org.springframework.beans.factory.support.AbstractBeanFactory$1.getObject(AbstractBeanFactory.java:294)
	at org.springframework.beans.factory.support.DefaultSingletonBeanRegistry.getSingleton(DefaultSingletonBeanRegistry.java:225)
	at org.springframework.beans.factory.support.AbstractBeanFactory.doGetBean(AbstractBeanFactory.java:291)
	at org.springframework.beans.factory.support.AbstractBeanFactory.getBean(AbstractBeanFactory.java:197)
	at org.springframework.beans.factory.support.DefaultListableBeanFactory.getBeansOfType(DefaultListableBeanFactory.java:420)
	at org.springframework.beans.factory.BeanFactoryUtils.beansOfTypeIncludingAncestors(BeanFactoryUtils.java:277)
	at org.springframework.dao.support.PersistenceExceptionTranslationInterceptor.detectPersistenceExceptionTranslators(PersistenceExceptionTranslationInterceptor.java:139)
	at org.springframework.dao.support.PersistenceExceptionTranslationInterceptor.<init>(PersistenceExceptionTranslationInterceptor.java:79)
	at org.springframework.dao.annotation.PersistenceExceptionTranslationAdvisor.<init>(PersistenceExceptionTranslationAdvisor.java:70)
	at org.springframework.dao.annotation.PersistenceExceptionTranslationPostProcessor.setBeanFactory(PersistenceExceptionTranslationPostProcessor.java:103)
	at org.springframework.beans.factory.support.AbstractAutowireCapableBeanFactory.invokeAwareMethods(AbstractAutowireCapableBeanFactory.java:1475)
	at org.springframework.beans.factory.support.AbstractAutowireCapableBeanFactory.initializeBean(AbstractAutowireCapableBeanFactory.java:1443)
	at org.springframework.beans.factory.support.AbstractAutowireCapableBeanFactory.doCreateBean(AbstractAutowireCapableBeanFactory.java:519)
	... 44 more
Caused by: org.springframework.beans.TypeMismatchException: Failed to convert property value of type 'java.lang.String' to required type 'int' for property 'port'; nested exception is java.lang.NumberFormatException: For input string: "${mongodb-lela.port}"
	at org.springframework.beans.BeanWrapperImpl.convertIfNecessary(BeanWrapperImpl.java:490)
	at org.springframework.beans.BeanWrapperImpl.convertForProperty(BeanWrapperImpl.java:516)
	at org.springframework.beans.BeanWrapperImpl.convertForProperty(BeanWrapperImpl.java:510)
	at org.springframework.beans.factory.support.AbstractAutowireCapableBeanFactory.convertForProperty(AbstractAutowireCapableBeanFactory.java:1406)
	at org.springframework.beans.factory.support.AbstractAutowireCapableBeanFactory.applyPropertyValues(AbstractAutowireCapableBeanFactory.java:1365)
	at org.springframework.beans.factory.support.AbstractAutowireCapableBeanFactory.populateBean(AbstractAutowireCapableBeanFactory.java:1118)
	at org.springframework.beans.factory.support.AbstractAutowireCapableBeanFactory.doCreateBean(AbstractAutowireCapableBeanFactory.java:517)
	... 58 more
Caused by: java.lang.NumberFormatException: For input string: "${mongodb-lela.port}"
	at java.lang.NumberFormatException.forInputString(NumberFormatException.java:48)
	at java.lang.Integer.parseInt(Integer.java:449)
	at java.lang.Integer.valueOf(Integer.java:554)
	at org.springframework.util.NumberUtils.parseNumber(NumberUtils.java:155)
	at org.springframework.beans.propertyeditors.CustomNumberEditor.setAsText(CustomNumberEditor.java:115)
	at org.springframework.beans.TypeConverterDelegate.doConvertTextValue(TypeConverterDelegate.java:435)
	at org.springframework.beans.TypeConverterDelegate.doConvertValue(TypeConverterDelegate.java:407)
	at org.springframework.beans.TypeConverterDelegate.convertIfNecessary(TypeConverterDelegate.java:164)
	at org.springframework.beans.BeanWrapperImpl.convertIfNecessary(BeanWrapperImpl.java:470)
	... 64 more
2012-11-15 22:49:44,648 [WARN ] PropertiesLoaderSupport.loadProperties():198 - Could not load properties from class path resource [mailjimp.properties]: class path resource [mailjimp.properties] cannot be opened because it does not exist
2012-11-15 22:49:44,703 [ERROR] TestContextManager.prepareTestInstance():324 - Caught exception while allowing TestExecutionListener [org.springframework.test.context.support.DependencyInjectionTestExecutionListener@37af78ce] to prepare test instance [com.lela.commons.test.repository.FooRepositoryFunctionalTest@5e87512]
java.lang.IllegalStateException: Failed to load ApplicationContext
	at org.springframework.test.context.TestContext.getApplicationContext(TestContext.java:157)
	at org.springframework.test.context.support.DependencyInjectionTestExecutionListener.injectDependencies(DependencyInjectionTestExecutionListener.java:109)
	at org.springframework.test.context.support.DependencyInjectionTestExecutionListener.prepareTestInstance(DependencyInjectionTestExecutionListener.java:75)
	at org.springframework.test.context.TestContextManager.prepareTestInstance(TestContextManager.java:321)
	at org.springframework.test.context.junit4.SpringJUnit4ClassRunner.createTest(SpringJUnit4ClassRunner.java:211)
	at org.springframework.test.context.junit4.SpringJUnit4ClassRunner$1.runReflectiveCall(SpringJUnit4ClassRunner.java:288)
	at org.junit.internal.runners.model.ReflectiveCallable.run(ReflectiveCallable.java:15)
	at org.springframework.test.context.junit4.SpringJUnit4ClassRunner.methodBlock(SpringJUnit4ClassRunner.java:290)
	at org.springframework.test.context.junit4.SpringJUnit4ClassRunner.runChild(SpringJUnit4ClassRunner.java:231)
	at org.junit.runners.BlockJUnit4ClassRunner.runChild(BlockJUnit4ClassRunner.java:50)
	at org.junit.runners.ParentRunner$3.run(ParentRunner.java:193)
	at org.junit.runners.ParentRunner$1.schedule(ParentRunner.java:52)
	at org.junit.runners.ParentRunner.runChildren(ParentRunner.java:191)
	at org.junit.runners.ParentRunner.access$000(ParentRunner.java:42)
	at org.junit.runners.ParentRunner$2.evaluate(ParentRunner.java:184)
	at org.junit.internal.runners.statements.RunBefores.evaluate(RunBefores.java:28)
	at org.springframework.test.context.junit4.statements.RunBeforeTestClassCallbacks.evaluate(RunBeforeTestClassCallbacks.java:61)
	at org.junit.internal.runners.statements.RunAfters.evaluate(RunAfters.java:31)
	at org.springframework.test.context.junit4.statements.RunAfterTestClassCallbacks.evaluate(RunAfterTestClassCallbacks.java:71)
	at org.junit.runners.ParentRunner.run(ParentRunner.java:236)
	at org.springframework.test.context.junit4.SpringJUnit4ClassRunner.run(SpringJUnit4ClassRunner.java:174)
	at org.apache.maven.surefire.junit4.JUnit4Provider.execute(JUnit4Provider.java:252)
	at org.apache.maven.surefire.junit4.JUnit4Provider.executeTestSet(JUnit4Provider.java:141)
	at org.apache.maven.surefire.junit4.JUnit4Provider.invoke(JUnit4Provider.java:112)
	at sun.reflect.NativeMethodAccessorImpl.invoke0(Native Method)
	at sun.reflect.NativeMethodAccessorImpl.invoke(NativeMethodAccessorImpl.java:39)
	at sun.reflect.DelegatingMethodAccessorImpl.invoke(DelegatingMethodAccessorImpl.java:25)
	at java.lang.reflect.Method.invoke(Method.java:597)
	at org.apache.maven.surefire.util.ReflectionUtils.invokeMethodWithArray(ReflectionUtils.java:189)
	at org.apache.maven.surefire.booter.ProviderFactory$ProviderProxy.invoke(ProviderFactory.java:165)
	at org.apache.maven.surefire.booter.ProviderFactory.invokeProvider(ProviderFactory.java:85)
	at org.apache.maven.surefire.booter.ForkedBooter.runSuitesInProcess(ForkedBooter.java:113)
	at org.apache.maven.surefire.booter.ForkedBooter.main(ForkedBooter.java:75)
Caused by: org.springframework.beans.factory.BeanCreationException: Error creating bean with name 'org.springframework.dao.annotation.PersistenceExceptionTranslationPostProcessor#0' defined in class path resource [META-INF/spring/mongodb.xml]: Initialization of bean failed; nested exception is org.springframework.beans.factory.BeanCreationException: Error creating bean with name 'mongo': Initialization of bean failed; nested exception is org.springframework.beans.TypeMismatchException: Failed to convert property value of type 'java.lang.String' to required type 'int' for property 'port'; nested exception is java.lang.NumberFormatException: For input string: "${mongodb-lela.port}"
	at org.springframework.beans.factory.support.AbstractAutowireCapableBeanFactory.doCreateBean(AbstractAutowireCapableBeanFactory.java:527)
	at org.springframework.beans.factory.support.AbstractAutowireCapableBeanFactory.createBean(AbstractAutowireCapableBeanFactory.java:456)
	at org.springframework.beans.factory.support.AbstractBeanFactory$1.getObject(AbstractBeanFactory.java:294)
	at org.springframework.beans.factory.support.DefaultSingletonBeanRegistry.getSingleton(DefaultSingletonBeanRegistry.java:225)
	at org.springframework.beans.factory.support.AbstractBeanFactory.doGetBean(AbstractBeanFactory.java:291)
	at org.springframework.beans.factory.support.AbstractBeanFactory.getBean(AbstractBeanFactory.java:197)
	at org.springframework.context.support.AbstractApplicationContext.registerBeanPostProcessors(AbstractApplicationContext.java:734)
	at org.springframework.context.support.AbstractApplicationContext.refresh(AbstractApplicationContext.java:457)
	at org.springframework.test.context.support.AbstractGenericContextLoader.loadContext(AbstractGenericContextLoader.java:103)
	at org.springframework.test.context.support.AbstractGenericContextLoader.loadContext(AbstractGenericContextLoader.java:1)
	at org.springframework.test.context.support.DelegatingSmartContextLoader.loadContext(DelegatingSmartContextLoader.java:228)
	at org.springframework.test.context.TestContext.loadApplicationContext(TestContext.java:124)
	at org.springframework.test.context.TestContext.getApplicationContext(TestContext.java:148)
	... 32 more
Caused by: org.springframework.beans.factory.BeanCreationException: Error creating bean with name 'mongo': Initialization of bean failed; nested exception is org.springframework.beans.TypeMismatchException: Failed to convert property value of type 'java.lang.String' to required type 'int' for property 'port'; nested exception is java.lang.NumberFormatException: For input string: "${mongodb-lela.port}"
	at org.springframework.beans.factory.support.AbstractAutowireCapableBeanFactory.doCreateBean(AbstractAutowireCapableBeanFactory.java:527)
	at org.springframework.beans.factory.support.AbstractAutowireCapableBeanFactory.createBean(AbstractAutowireCapableBeanFactory.java:456)
	at org.springframework.beans.factory.support.AbstractBeanFactory$1.getObject(AbstractBeanFactory.java:294)
	at org.springframework.beans.factory.support.DefaultSingletonBeanRegistry.getSingleton(DefaultSingletonBeanRegistry.java:225)
	at org.springframework.beans.factory.support.AbstractBeanFactory.doGetBean(AbstractBeanFactory.java:291)
	at org.springframework.beans.factory.support.AbstractBeanFactory.getBean(AbstractBeanFactory.java:197)
	at org.springframework.beans.factory.support.DefaultListableBeanFactory.getBeansOfType(DefaultListableBeanFactory.java:420)
	at org.springframework.beans.factory.BeanFactoryUtils.beansOfTypeIncludingAncestors(BeanFactoryUtils.java:277)
	at org.springframework.dao.support.PersistenceExceptionTranslationInterceptor.detectPersistenceExceptionTranslators(PersistenceExceptionTranslationInterceptor.java:139)
	at org.springframework.dao.support.PersistenceExceptionTranslationInterceptor.<init>(PersistenceExceptionTranslationInterceptor.java:79)
	at org.springframework.dao.annotation.PersistenceExceptionTranslationAdvisor.<init>(PersistenceExceptionTranslationAdvisor.java:70)
	at org.springframework.dao.annotation.PersistenceExceptionTranslationPostProcessor.setBeanFactory(PersistenceExceptionTranslationPostProcessor.java:103)
	at org.springframework.beans.factory.support.AbstractAutowireCapableBeanFactory.invokeAwareMethods(AbstractAutowireCapableBeanFactory.java:1475)
	at org.springframework.beans.factory.support.AbstractAutowireCapableBeanFactory.initializeBean(AbstractAutowireCapableBeanFactory.java:1443)
	at org.springframework.beans.factory.support.AbstractAutowireCapableBeanFactory.doCreateBean(AbstractAutowireCapableBeanFactory.java:519)
	... 44 more
Caused by: org.springframework.beans.TypeMismatchException: Failed to convert property value of type 'java.lang.String' to required type 'int' for property 'port'; nested exception is java.lang.NumberFormatException: For input string: "${mongodb-lela.port}"
	at org.springframework.beans.BeanWrapperImpl.convertIfNecessary(BeanWrapperImpl.java:490)
	at org.springframework.beans.BeanWrapperImpl.convertForProperty(BeanWrapperImpl.java:516)
	at org.springframework.beans.BeanWrapperImpl.convertForProperty(BeanWrapperImpl.java:510)
	at org.springframework.beans.factory.support.AbstractAutowireCapableBeanFactory.convertForProperty(AbstractAutowireCapableBeanFactory.java:1406)
	at org.springframework.beans.factory.support.AbstractAutowireCapableBeanFactory.applyPropertyValues(AbstractAutowireCapableBeanFactory.java:1365)
	at org.springframework.beans.factory.support.AbstractAutowireCapableBeanFactory.populateBean(AbstractAutowireCapableBeanFactory.java:1118)
	at org.springframework.beans.factory.support.AbstractAutowireCapableBeanFactory.doCreateBean(AbstractAutowireCapableBeanFactory.java:517)
	... 58 more
Caused by: java.lang.NumberFormatException: For input string: "${mongodb-lela.port}"
	at java.lang.NumberFormatException.forInputString(NumberFormatException.java:48)
	at java.lang.Integer.parseInt(Integer.java:449)
	at java.lang.Integer.valueOf(Integer.java:554)
	at org.springframework.util.NumberUtils.parseNumber(NumberUtils.java:155)
	at org.springframework.beans.propertyeditors.CustomNumberEditor.setAsText(CustomNumberEditor.java:115)
	at org.springframework.beans.TypeConverterDelegate.doConvertTextValue(TypeConverterDelegate.java:435)
	at org.springframework.beans.TypeConverterDelegate.doConvertValue(TypeConverterDelegate.java:407)
	at org.springframework.beans.TypeConverterDelegate.convertIfNecessary(TypeConverterDelegate.java:164)
	at org.springframework.beans.BeanWrapperImpl.convertIfNecessary(BeanWrapperImpl.java:470)
	... 64 more
2012-11-15 22:49:45,714 [WARN ] PropertiesLoaderSupport.loadProperties():198 - Could not load properties from class path resource [mailjimp.properties]: class path resource [mailjimp.properties] cannot be opened because it does not exist
2012-11-15 22:49:45,761 [ERROR] TestContextManager.prepareTestInstance():324 - Caught exception while allowing TestExecutionListener [org.springframework.test.context.support.DependencyInjectionTestExecutionListener@37af78ce] to prepare test instance [com.lela.commons.test.repository.FooRepositoryFunctionalTest@a0002df]
java.lang.IllegalStateException: Failed to load ApplicationContext
	at org.springframework.test.context.TestContext.getApplicationContext(TestContext.java:157)
	at org.springframework.test.context.support.DependencyInjectionTestExecutionListener.injectDependencies(DependencyInjectionTestExecutionListener.java:109)
	at org.springframework.test.context.support.DependencyInjectionTestExecutionListener.prepareTestInstance(DependencyInjectionTestExecutionListener.java:75)
	at org.springframework.test.context.TestContextManager.prepareTestInstance(TestContextManager.java:321)
	at org.springframework.test.context.junit4.SpringJUnit4ClassRunner.createTest(SpringJUnit4ClassRunner.java:211)
	at org.springframework.test.context.junit4.SpringJUnit4ClassRunner$1.runReflectiveCall(SpringJUnit4ClassRunner.java:288)
	at org.junit.internal.runners.model.ReflectiveCallable.run(ReflectiveCallable.java:15)
	at org.springframework.test.context.junit4.SpringJUnit4ClassRunner.methodBlock(SpringJUnit4ClassRunner.java:290)
	at org.springframework.test.context.junit4.SpringJUnit4ClassRunner.runChild(SpringJUnit4ClassRunner.java:231)
	at org.junit.runners.BlockJUnit4ClassRunner.runChild(BlockJUnit4ClassRunner.java:50)
	at org.junit.runners.ParentRunner$3.run(ParentRunner.java:193)
	at org.junit.runners.ParentRunner$1.schedule(ParentRunner.java:52)
	at org.junit.runners.ParentRunner.runChildren(ParentRunner.java:191)
	at org.junit.runners.ParentRunner.access$000(ParentRunner.java:42)
	at org.junit.runners.ParentRunner$2.evaluate(ParentRunner.java:184)
	at org.junit.internal.runners.statements.RunBefores.evaluate(RunBefores.java:28)
	at org.springframework.test.context.junit4.statements.RunBeforeTestClassCallbacks.evaluate(RunBeforeTestClassCallbacks.java:61)
	at org.junit.internal.runners.statements.RunAfters.evaluate(RunAfters.java:31)
	at org.springframework.test.context.junit4.statements.RunAfterTestClassCallbacks.evaluate(RunAfterTestClassCallbacks.java:71)
	at org.junit.runners.ParentRunner.run(ParentRunner.java:236)
	at org.springframework.test.context.junit4.SpringJUnit4ClassRunner.run(SpringJUnit4ClassRunner.java:174)
	at org.apache.maven.surefire.junit4.JUnit4Provider.execute(JUnit4Provider.java:252)
	at org.apache.maven.surefire.junit4.JUnit4Provider.executeTestSet(JUnit4Provider.java:141)
	at org.apache.maven.surefire.junit4.JUnit4Provider.invoke(JUnit4Provider.java:112)
	at sun.reflect.NativeMethodAccessorImpl.invoke0(Native Method)
	at sun.reflect.NativeMethodAccessorImpl.invoke(NativeMethodAccessorImpl.java:39)
	at sun.reflect.DelegatingMethodAccessorImpl.invoke(DelegatingMethodAccessorImpl.java:25)
	at java.lang.reflect.Method.invoke(Method.java:597)
	at org.apache.maven.surefire.util.ReflectionUtils.invokeMethodWithArray(ReflectionUtils.java:189)
	at org.apache.maven.surefire.booter.ProviderFactory$ProviderProxy.invoke(ProviderFactory.java:165)
	at org.apache.maven.surefire.booter.ProviderFactory.invokeProvider(ProviderFactory.java:85)
	at org.apache.maven.surefire.booter.ForkedBooter.runSuitesInProcess(ForkedBooter.java:113)
	at org.apache.maven.surefire.booter.ForkedBooter.main(ForkedBooter.java:75)
Caused by: org.springframework.beans.factory.BeanCreationException: Error creating bean with name 'org.springframework.dao.annotation.PersistenceExceptionTranslationPostProcessor#0' defined in class path resource [META-INF/spring/mongodb.xml]: Initialization of bean failed; nested exception is org.springframework.beans.factory.BeanCreationException: Error creating bean with name 'mongo': Initialization of bean failed; nested exception is org.springframework.beans.TypeMismatchException: Failed to convert property value of type 'java.lang.String' to required type 'int' for property 'port'; nested exception is java.lang.NumberFormatException: For input string: "${mongodb-lela.port}"
	at org.springframework.beans.factory.support.AbstractAutowireCapableBeanFactory.doCreateBean(AbstractAutowireCapableBeanFactory.java:527)
	at org.springframework.beans.factory.support.AbstractAutowireCapableBeanFactory.createBean(AbstractAutowireCapableBeanFactory.java:456)
	at org.springframework.beans.factory.support.AbstractBeanFactory$1.getObject(AbstractBeanFactory.java:294)
	at org.springframework.beans.factory.support.DefaultSingletonBeanRegistry.getSingleton(DefaultSingletonBeanRegistry.java:225)
	at org.springframework.beans.factory.support.AbstractBeanFactory.doGetBean(AbstractBeanFactory.java:291)
	at org.springframework.beans.factory.support.AbstractBeanFactory.getBean(AbstractBeanFactory.java:197)
	at org.springframework.context.support.AbstractApplicationContext.registerBeanPostProcessors(AbstractApplicationContext.java:734)
	at org.springframework.context.support.AbstractApplicationContext.refresh(AbstractApplicationContext.java:457)
	at org.springframework.test.context.support.AbstractGenericContextLoader.loadContext(AbstractGenericContextLoader.java:103)
	at org.springframework.test.context.support.AbstractGenericContextLoader.loadContext(AbstractGenericContextLoader.java:1)
	at org.springframework.test.context.support.DelegatingSmartContextLoader.loadContext(DelegatingSmartContextLoader.java:228)
	at org.springframework.test.context.TestContext.loadApplicationContext(TestContext.java:124)
	at org.springframework.test.context.TestContext.getApplicationContext(TestContext.java:148)
	... 32 more
Caused by: org.springframework.beans.factory.BeanCreationException: Error creating bean with name 'mongo': Initialization of bean failed; nested exception is org.springframework.beans.TypeMismatchException: Failed to convert property value of type 'java.lang.String' to required type 'int' for property 'port'; nested exception is java.lang.NumberFormatException: For input string: "${mongodb-lela.port}"
	at org.springframework.beans.factory.support.AbstractAutowireCapableBeanFactory.doCreateBean(AbstractAutowireCapableBeanFactory.java:527)
	at org.springframework.beans.factory.support.AbstractAutowireCapableBeanFactory.createBean(AbstractAutowireCapableBeanFactory.java:456)
	at org.springframework.beans.factory.support.AbstractBeanFactory$1.getObject(AbstractBeanFactory.java:294)
	at org.springframework.beans.factory.support.DefaultSingletonBeanRegistry.getSingleton(DefaultSingletonBeanRegistry.java:225)
	at org.springframework.beans.factory.support.AbstractBeanFactory.doGetBean(AbstractBeanFactory.java:291)
	at org.springframework.beans.factory.support.AbstractBeanFactory.getBean(AbstractBeanFactory.java:197)
	at org.springframework.beans.factory.support.DefaultListableBeanFactory.getBeansOfType(DefaultListableBeanFactory.java:420)
	at org.springframework.beans.factory.BeanFactoryUtils.beansOfTypeIncludingAncestors(BeanFactoryUtils.java:277)
	at org.springframework.dao.support.PersistenceExceptionTranslationInterceptor.detectPersistenceExceptionTranslators(PersistenceExceptionTranslationInterceptor.java:139)
	at org.springframework.dao.support.PersistenceExceptionTranslationInterceptor.<init>(PersistenceExceptionTranslationInterceptor.java:79)
	at org.springframework.dao.annotation.PersistenceExceptionTranslationAdvisor.<init>(PersistenceExceptionTranslationAdvisor.java:70)
	at org.springframework.dao.annotation.PersistenceExceptionTranslationPostProcessor.setBeanFactory(PersistenceExceptionTranslationPostProcessor.java:103)
	at org.springframework.beans.factory.support.AbstractAutowireCapableBeanFactory.invokeAwareMethods(AbstractAutowireCapableBeanFactory.java:1475)
	at org.springframework.beans.factory.support.AbstractAutowireCapableBeanFactory.initializeBean(AbstractAutowireCapableBeanFactory.java:1443)
	at org.springframework.beans.factory.support.AbstractAutowireCapableBeanFactory.doCreateBean(AbstractAutowireCapableBeanFactory.java:519)
	... 44 more
Caused by: org.springframework.beans.TypeMismatchException: Failed to convert property value of type 'java.lang.String' to required type 'int' for property 'port'; nested exception is java.lang.NumberFormatException: For input string: "${mongodb-lela.port}"
	at org.springframework.beans.BeanWrapperImpl.convertIfNecessary(BeanWrapperImpl.java:490)
	at org.springframework.beans.BeanWrapperImpl.convertForProperty(BeanWrapperImpl.java:516)
	at org.springframework.beans.BeanWrapperImpl.convertForProperty(BeanWrapperImpl.java:510)
	at org.springframework.beans.factory.support.AbstractAutowireCapableBeanFactory.convertForProperty(AbstractAutowireCapableBeanFactory.java:1406)
	at org.springframework.beans.factory.support.AbstractAutowireCapableBeanFactory.applyPropertyValues(AbstractAutowireCapableBeanFactory.java:1365)
	at org.springframework.beans.factory.support.AbstractAutowireCapableBeanFactory.populateBean(AbstractAutowireCapableBeanFactory.java:1118)
	at org.springframework.beans.factory.support.AbstractAutowireCapableBeanFactory.doCreateBean(AbstractAutowireCapableBeanFactory.java:517)
	... 58 more
Caused by: java.lang.NumberFormatException: For input string: "${mongodb-lela.port}"
	at java.lang.NumberFormatException.forInputString(NumberFormatException.java:48)
	at java.lang.Integer.parseInt(Integer.java:449)
	at java.lang.Integer.valueOf(Integer.java:554)
	at org.springframework.util.NumberUtils.parseNumber(NumberUtils.java:155)
	at org.springframework.beans.propertyeditors.CustomNumberEditor.setAsText(CustomNumberEditor.java:115)
	at org.springframework.beans.TypeConverterDelegate.doConvertTextValue(TypeConverterDelegate.java:435)
	at org.springframework.beans.TypeConverterDelegate.doConvertValue(TypeConverterDelegate.java:407)
	at org.springframework.beans.TypeConverterDelegate.convertIfNecessary(TypeConverterDelegate.java:164)
	at org.springframework.beans.BeanWrapperImpl.convertIfNecessary(BeanWrapperImpl.java:470)
	... 64 more
2012-11-15 22:49:47,673 [WARN ] PropertiesLoaderSupport.loadProperties():198 - Could not load properties from class path resource [mailjimp.properties]: class path resource [mailjimp.properties] cannot be opened because it does not exist
2012-11-15 22:49:47,721 [ERROR] TestContextManager.prepareTestInstance():324 - Caught exception while allowing TestExecutionListener [org.springframework.test.context.support.DependencyInjectionTestExecutionListener@206c2ea3] to prepare test instance [com.lela.commons.test.repository.ItemRepositoryFunctionalTest@1e69dff6]
java.lang.IllegalStateException: Failed to load ApplicationContext
	at org.springframework.test.context.TestContext.getApplicationContext(TestContext.java:157)
	at org.springframework.test.context.support.DependencyInjectionTestExecutionListener.injectDependencies(DependencyInjectionTestExecutionListener.java:109)
	at org.springframework.test.context.support.DependencyInjectionTestExecutionListener.prepareTestInstance(DependencyInjectionTestExecutionListener.java:75)
	at org.springframework.test.context.TestContextManager.prepareTestInstance(TestContextManager.java:321)
	at org.springframework.test.context.junit4.SpringJUnit4ClassRunner.createTest(SpringJUnit4ClassRunner.java:211)
	at org.springframework.test.context.junit4.SpringJUnit4ClassRunner$1.runReflectiveCall(SpringJUnit4ClassRunner.java:288)
	at org.junit.internal.runners.model.ReflectiveCallable.run(ReflectiveCallable.java:15)
	at org.springframework.test.context.junit4.SpringJUnit4ClassRunner.methodBlock(SpringJUnit4ClassRunner.java:290)
	at org.springframework.test.context.junit4.SpringJUnit4ClassRunner.runChild(SpringJUnit4ClassRunner.java:231)
	at org.junit.runners.BlockJUnit4ClassRunner.runChild(BlockJUnit4ClassRunner.java:50)
	at org.junit.runners.ParentRunner$3.run(ParentRunner.java:193)
	at org.junit.runners.ParentRunner$1.schedule(ParentRunner.java:52)
	at org.junit.runners.ParentRunner.runChildren(ParentRunner.java:191)
	at org.junit.runners.ParentRunner.access$000(ParentRunner.java:42)
	at org.junit.runners.ParentRunner$2.evaluate(ParentRunner.java:184)
	at org.junit.internal.runners.statements.RunBefores.evaluate(RunBefores.java:28)
	at org.springframework.test.context.junit4.statements.RunBeforeTestClassCallbacks.evaluate(RunBeforeTestClassCallbacks.java:61)
	at org.junit.internal.runners.statements.RunAfters.evaluate(RunAfters.java:31)
	at org.springframework.test.context.junit4.statements.RunAfterTestClassCallbacks.evaluate(RunAfterTestClassCallbacks.java:71)
	at org.junit.runners.ParentRunner.run(ParentRunner.java:236)
	at org.springframework.test.context.junit4.SpringJUnit4ClassRunner.run(SpringJUnit4ClassRunner.java:174)
	at org.apache.maven.surefire.junit4.JUnit4Provider.execute(JUnit4Provider.java:252)
	at org.apache.maven.surefire.junit4.JUnit4Provider.executeTestSet(JUnit4Provider.java:141)
	at org.apache.maven.surefire.junit4.JUnit4Provider.invoke(JUnit4Provider.java:112)
	at sun.reflect.NativeMethodAccessorImpl.invoke0(Native Method)
	at sun.reflect.NativeMethodAccessorImpl.invoke(NativeMethodAccessorImpl.java:39)
	at sun.reflect.DelegatingMethodAccessorImpl.invoke(DelegatingMethodAccessorImpl.java:25)
	at java.lang.reflect.Method.invoke(Method.java:597)
	at org.apache.maven.surefire.util.ReflectionUtils.invokeMethodWithArray(ReflectionUtils.java:189)
	at org.apache.maven.surefire.booter.ProviderFactory$ProviderProxy.invoke(ProviderFactory.java:165)
	at org.apache.maven.surefire.booter.ProviderFactory.invokeProvider(ProviderFactory.java:85)
	at org.apache.maven.surefire.booter.ForkedBooter.runSuitesInProcess(ForkedBooter.java:113)
	at org.apache.maven.surefire.booter.ForkedBooter.main(ForkedBooter.java:75)
Caused by: org.springframework.beans.factory.BeanCreationException: Error creating bean with name 'org.springframework.dao.annotation.PersistenceExceptionTranslationPostProcessor#0' defined in class path resource [META-INF/spring/mongodb.xml]: Initialization of bean failed; nested exception is org.springframework.beans.factory.BeanCreationException: Error creating bean with name 'mongo': Initialization of bean failed; nested exception is org.springframework.beans.TypeMismatchException: Failed to convert property value of type 'java.lang.String' to required type 'int' for property 'port'; nested exception is java.lang.NumberFormatException: For input string: "${mongodb-lela.port}"
	at org.springframework.beans.factory.support.AbstractAutowireCapableBeanFactory.doCreateBean(AbstractAutowireCapableBeanFactory.java:527)
	at org.springframework.beans.factory.support.AbstractAutowireCapableBeanFactory.createBean(AbstractAutowireCapableBeanFactory.java:456)
	at org.springframework.beans.factory.support.AbstractBeanFactory$1.getObject(AbstractBeanFactory.java:294)
	at org.springframework.beans.factory.support.DefaultSingletonBeanRegistry.getSingleton(DefaultSingletonBeanRegistry.java:225)
	at org.springframework.beans.factory.support.AbstractBeanFactory.doGetBean(AbstractBeanFactory.java:291)
	at org.springframework.beans.factory.support.AbstractBeanFactory.getBean(AbstractBeanFactory.java:197)
	at org.springframework.context.support.AbstractApplicationContext.registerBeanPostProcessors(AbstractApplicationContext.java:734)
	at org.springframework.context.support.AbstractApplicationContext.refresh(AbstractApplicationContext.java:457)
	at org.springframework.test.context.support.AbstractGenericContextLoader.loadContext(AbstractGenericContextLoader.java:103)
	at org.springframework.test.context.support.AbstractGenericContextLoader.loadContext(AbstractGenericContextLoader.java:1)
	at org.springframework.test.context.support.DelegatingSmartContextLoader.loadContext(DelegatingSmartContextLoader.java:228)
	at org.springframework.test.context.TestContext.loadApplicationContext(TestContext.java:124)
	at org.springframework.test.context.TestContext.getApplicationContext(TestContext.java:148)
	... 32 more
Caused by: org.springframework.beans.factory.BeanCreationException: Error creating bean with name 'mongo': Initialization of bean failed; nested exception is org.springframework.beans.TypeMismatchException: Failed to convert property value of type 'java.lang.String' to required type 'int' for property 'port'; nested exception is java.lang.NumberFormatException: For input string: "${mongodb-lela.port}"
	at org.springframework.beans.factory.support.AbstractAutowireCapableBeanFactory.doCreateBean(AbstractAutowireCapableBeanFactory.java:527)
	at org.springframework.beans.factory.support.AbstractAutowireCapableBeanFactory.createBean(AbstractAutowireCapableBeanFactory.java:456)
	at org.springframework.beans.factory.support.AbstractBeanFactory$1.getObject(AbstractBeanFactory.java:294)
	at org.springframework.beans.factory.support.DefaultSingletonBeanRegistry.getSingleton(DefaultSingletonBeanRegistry.java:225)
	at org.springframework.beans.factory.support.AbstractBeanFactory.doGetBean(AbstractBeanFactory.java:291)
	at org.springframework.beans.factory.support.AbstractBeanFactory.getBean(AbstractBeanFactory.java:197)
	at org.springframework.beans.factory.support.DefaultListableBeanFactory.getBeansOfType(DefaultListableBeanFactory.java:420)
	at org.springframework.beans.factory.BeanFactoryUtils.beansOfTypeIncludingAncestors(BeanFactoryUtils.java:277)
	at org.springframework.dao.support.PersistenceExceptionTranslationInterceptor.detectPersistenceExceptionTranslators(PersistenceExceptionTranslationInterceptor.java:139)
	at org.springframework.dao.support.PersistenceExceptionTranslationInterceptor.<init>(PersistenceExceptionTranslationInterceptor.java:79)
	at org.springframework.dao.annotation.PersistenceExceptionTranslationAdvisor.<init>(PersistenceExceptionTranslationAdvisor.java:70)
	at org.springframework.dao.annotation.PersistenceExceptionTranslationPostProcessor.setBeanFactory(PersistenceExceptionTranslationPostProcessor.java:103)
	at org.springframework.beans.factory.support.AbstractAutowireCapableBeanFactory.invokeAwareMethods(AbstractAutowireCapableBeanFactory.java:1475)
	at org.springframework.beans.factory.support.AbstractAutowireCapableBeanFactory.initializeBean(AbstractAutowireCapableBeanFactory.java:1443)
	at org.springframework.beans.factory.support.AbstractAutowireCapableBeanFactory.doCreateBean(AbstractAutowireCapableBeanFactory.java:519)
	... 44 more
Caused by: org.springframework.beans.TypeMismatchException: Failed to convert property value of type 'java.lang.String' to required type 'int' for property 'port'; nested exception is java.lang.NumberFormatException: For input string: "${mongodb-lela.port}"
	at org.springframework.beans.BeanWrapperImpl.convertIfNecessary(BeanWrapperImpl.java:490)
	at org.springframework.beans.BeanWrapperImpl.convertForProperty(BeanWrapperImpl.java:516)
	at org.springframework.beans.BeanWrapperImpl.convertForProperty(BeanWrapperImpl.java:510)
	at org.springframework.beans.factory.support.AbstractAutowireCapableBeanFactory.convertForProperty(AbstractAutowireCapableBeanFactory.java:1406)
	at org.springframework.beans.factory.support.AbstractAutowireCapableBeanFactory.applyPropertyValues(AbstractAutowireCapableBeanFactory.java:1365)
	at org.springframework.beans.factory.support.AbstractAutowireCapableBeanFactory.populateBean(AbstractAutowireCapableBeanFactory.java:1118)
	at org.springframework.beans.factory.support.AbstractAutowireCapableBeanFactory.doCreateBean(AbstractAutowireCapableBeanFactory.java:517)
	... 58 more
Caused by: java.lang.NumberFormatException: For input string: "${mongodb-lela.port}"
	at java.lang.NumberFormatException.forInputString(NumberFormatException.java:48)
	at java.lang.Integer.parseInt(Integer.java:449)
	at java.lang.Integer.valueOf(Integer.java:554)
	at org.springframework.util.NumberUtils.parseNumber(NumberUtils.java:155)
	at org.springframework.beans.propertyeditors.CustomNumberEditor.setAsText(CustomNumberEditor.java:115)
	at org.springframework.beans.TypeConverterDelegate.doConvertTextValue(TypeConverterDelegate.java:435)
	at org.springframework.beans.TypeConverterDelegate.doConvertValue(TypeConverterDelegate.java:407)
	at org.springframework.beans.TypeConverterDelegate.convertIfNecessary(TypeConverterDelegate.java:164)
	at org.springframework.beans.BeanWrapperImpl.convertIfNecessary(BeanWrapperImpl.java:470)
	... 64 more
2012-11-15 22:50:18,260 [WARN ] ServerRunning.apply():141 - Not executing tests because basic connectivity test failed for hostName=dev.lela.com, port=8080
org.springframework.web.client.ResourceAccessException: I/O error: Connection refused; nested exception is java.net.ConnectException: Connection refused
	at org.springframework.web.client.RestTemplate.doExecute(RestTemplate.java:461)
	at org.springframework.web.client.RestTemplate.execute(RestTemplate.java:409)
	at org.springframework.web.client.RestTemplate.getForEntity(RestTemplate.java:229)
	at com.lela.util.test.integration.oauth.ServerRunning.apply(ServerRunning.java:137)
	at org.junit.runners.BlockJUnit4ClassRunner.withRules(BlockJUnit4ClassRunner.java:344)
	at org.junit.runners.BlockJUnit4ClassRunner.methodBlock(BlockJUnit4ClassRunner.java:263)
	at org.junit.runners.BlockJUnit4ClassRunner.runChild(BlockJUnit4ClassRunner.java:76)
	at org.junit.runners.BlockJUnit4ClassRunner.runChild(BlockJUnit4ClassRunner.java:50)
	at org.junit.runners.ParentRunner$3.run(ParentRunner.java:193)
	at org.junit.runners.ParentRunner$1.schedule(ParentRunner.java:52)
	at org.junit.runners.ParentRunner.runChildren(ParentRunner.java:191)
	at org.junit.runners.ParentRunner.access$000(ParentRunner.java:42)
	at org.junit.runners.ParentRunner$2.evaluate(ParentRunner.java:184)
	at org.junit.runners.ParentRunner.run(ParentRunner.java:236)
	at org.apache.maven.surefire.junit4.JUnit4Provider.execute(JUnit4Provider.java:252)
	at org.apache.maven.surefire.junit4.JUnit4Provider.executeTestSet(JUnit4Provider.java:141)
	at org.apache.maven.surefire.junit4.JUnit4Provider.invoke(JUnit4Provider.java:112)
	at sun.reflect.NativeMethodAccessorImpl.invoke0(Native Method)
	at sun.reflect.NativeMethodAccessorImpl.invoke(NativeMethodAccessorImpl.java:39)
	at sun.reflect.DelegatingMethodAccessorImpl.invoke(DelegatingMethodAccessorImpl.java:25)
	at java.lang.reflect.Method.invoke(Method.java:597)
	at org.apache.maven.surefire.util.ReflectionUtils.invokeMethodWithArray(ReflectionUtils.java:189)
	at org.apache.maven.surefire.booter.ProviderFactory$ProviderProxy.invoke(ProviderFactory.java:165)
	at org.apache.maven.surefire.booter.ProviderFactory.invokeProvider(ProviderFactory.java:85)
	at org.apache.maven.surefire.booter.ForkedBooter.runSuitesInProcess(ForkedBooter.java:113)
	at org.apache.maven.surefire.booter.ForkedBooter.main(ForkedBooter.java:75)
Caused by: java.net.ConnectException: Connection refused
	at java.net.PlainSocketImpl.socketConnect(Native Method)
	at java.net.PlainSocketImpl.doConnect(PlainSocketImpl.java:351)
	at java.net.PlainSocketImpl.connectToAddress(PlainSocketImpl.java:213)
	at java.net.PlainSocketImpl.connect(PlainSocketImpl.java:200)
	at java.net.SocksSocketImpl.connect(SocksSocketImpl.java:432)
	at java.net.Socket.connect(Socket.java:529)
	at java.net.Socket.connect(Socket.java:478)
	at sun.net.NetworkClient.doConnect(NetworkClient.java:163)
	at sun.net.www.http.HttpClient.openServer(HttpClient.java:388)
	at sun.net.www.http.HttpClient.openServer(HttpClient.java:523)
	at sun.net.www.http.HttpClient.<init>(HttpClient.java:227)
	at sun.net.www.http.HttpClient.New(HttpClient.java:300)
	at sun.net.www.http.HttpClient.New(HttpClient.java:317)
	at sun.net.www.protocol.http.HttpURLConnection.getNewHttpClient(HttpURLConnection.java:970)
	at sun.net.www.protocol.http.HttpURLConnection.plainConnect(HttpURLConnection.java:911)
	at sun.net.www.protocol.http.HttpURLConnection.connect(HttpURLConnection.java:836)
	at org.springframework.http.client.SimpleBufferingClientHttpRequest.executeInternal(SimpleBufferingClientHttpRequest.java:73)
	at org.springframework.http.client.AbstractBufferingClientHttpRequest.executeInternal(AbstractBufferingClientHttpRequest.java:46)
	at org.springframework.http.client.AbstractClientHttpRequest.execute(AbstractClientHttpRequest.java:49)
	at org.springframework.web.client.RestTemplate.doExecute(RestTemplate.java:446)
	... 25 more
2012-11-15 22:50:20,256 [ERROR] SearchServiceImpl.deleteItemsByQuery():619 - Solr server is NOT available! This might cause havoc on the search functionality.
2012-11-15 22:50:20,257 [ERROR] SearchServiceImpl.deleteItemsByQuery():619 - Solr server is NOT available! This might cause havoc on the search functionality.
2012-11-15 22:50:20,257 [INFO ] SearchServiceIntegrationTest.testSearchService():119 - Testing search service...
2012-11-15 22:50:21,301 [INFO ] SearchServiceIntegrationTest.testSearchService():134 - First we search by category
2012-11-15 22:50:21,333 [INFO ] SearchServiceIntegrationTest.testSearchService():146 - Now we search on something more specific that will only give us a subset of documents.
2012-11-15 22:50:21,333 [INFO ] SearchServiceIntegrationTest.testSearchService():148 - Let's search for item1 name first...
2012-11-15 22:50:21,345 [INFO ] SearchServiceIntegrationTest.testSearchService():164 - Search for item1 name was successful
2012-11-15 22:50:21,345 [INFO ] SearchServiceIntegrationTest.testSearchService():166 - Let's compare the results of the last query with the same query, but this time by not using the extended dismax query parser
2012-11-15 22:50:21,350 [INFO ] SearchServiceIntegrationTest.testSearchService():184 - Let's search for item2 name second...
2012-11-15 22:50:21,364 [INFO ] SearchServiceIntegrationTest.testSearchService():199 - Search for item2 name was successful
2012-11-15 22:50:21,365 [INFO ] SearchServiceIntegrationTest.testSearchService():201 - That worked marvellously. Now let's search for brand.
2012-11-15 22:50:21,372 [INFO ] SearchServiceIntegrationTest.testSearchService():217 - We can also search for brand using the dedicated brand method
2012-11-15 22:50:21,416 [INFO ] SearchServiceIntegrationTest.testSearchService():232 - Brand search successful. Let's search for colors
2012-11-15 22:50:21,424 [INFO ] SearchServiceIntegrationTest.testSearchService():248 - Color search successful. Finally we search on attributes
2012-11-15 22:50:21,424 [INFO ] SearchServiceIntegrationTest.testSearchService():250 - Color search successful. Let's search for stores
2012-11-15 22:50:21,434 [INFO ] SearchServiceIntegrationTest.testSearchService():266 - Color search successful. Finally we search on attributes
2012-11-15 22:50:21,434 [INFO ] SearchServiceIntegrationTest.testSearchService():268 - Attribute search successful.
2012-11-15 22:50:21,435 [INFO ] SearchServiceIntegrationTest.testSearchService():270 - Now we want to use the specific category field to retrieve data
2012-11-15 22:50:21,440 [INFO ] SearchServiceIntegrationTest.testSearchService():286 - Searching by category field worked
2012-11-15 22:50:21,440 [INFO ] SearchServiceIntegrationTest.testSearchService():288 - Nothing left to do so we delete all the Solr documents
2012-11-15 22:50:21,463 [INFO ] SearchServiceIntegrationTest.testSearchService():308 - Testing search service complete
2012-11-15 22:50:21,537 [INFO ] SearchServiceIntegrationTest.testExceptions():313 - Testing passing no terms across...
2012-11-15 22:50:21,537 [INFO ] SearchServiceIntegrationTest.testExceptions():322 - Testing passing no terms across completed
2012-11-15 22:50:21,601 [INFO ] SearchServiceIntegrationTest.testPlurals():327 - Testing searching for 'caterpillars' and 'caterpillar'...
2012-11-15 22:50:21,601 [INFO ] SearchServiceIntegrationTest.testPlurals():331 - First we have to create some test data
2012-11-15 22:50:22,618 [INFO ] SearchServiceIntegrationTest.testPlurals():374 - Returned 1 results for 'caterpillar'
2012-11-15 22:50:22,624 [INFO ] SearchServiceIntegrationTest.testPlurals():383 - Returned 1 results for 'caterpillars'
2012-11-15 22:50:22,624 [INFO ] SearchServiceIntegrationTest.testPlurals():390 - Testing searching for 'caterpillars' and 'caterpillar' complete
2012-11-15 22:50:22,926 [INFO ] PriceAlertJobUnitTest.testEmailPriceAlert():79 - Test email price alert
2012-11-15 22:50:22,950 [INFO ] PriceAlertJobUnitTest.testEmailPriceAlert():99 - Test price alert email successful
2012-11-15 22:50:22,953 [INFO ] PriceAlertJobUnitTest.testNoPriceAlertWithHigherPrice():107 - Test no price alert for higher price
2012-11-15 22:50:22,953 [INFO ] PriceAlertJobUnitTest.testNoPriceAlertWithHigherPrice():127 - Test price alert email successful
2012-11-15 22:50:22,955 [INFO ] PriceAlertJobUnitTest.testNoPriceAlertWithDisabledAlert():135 - Test no price alert for diasbled alert
2012-11-15 22:50:22,956 [INFO ] PriceAlertJobUnitTest.testNoPriceAlertWithDisabledAlert():155 - Test price alert email successful
2012-11-15 22:50:25,902 [WARN ] PropertiesLoaderSupport.loadProperties():198 - Could not load properties from class path resource [mailjimp.properties]: class path resource [mailjimp.properties] cannot be opened because it does not exist
2012-11-15 22:51:07,407 [INFO ] BranchServiceFunctionalTest.setUp():65 - Setting up BranchServiceFunctionalTest...
2012-11-15 22:51:08,167 [INFO ] BranchServiceFunctionalTest.setUp():98 - Set up complete
2012-11-15 22:51:08,168 [INFO ] BranchServiceFunctionalTest.testFindBranchByUrlName():132 - Finding branch by url name
2012-11-15 22:51:08,210 [INFO ] BranchServiceFunctionalTest.testFindBranchByUrlName():137 - Finding branch by url name complete.
2012-11-15 22:51:08,211 [INFO ] BranchServiceFunctionalTest.tearDown():103 - Tearing down...
2012-11-15 22:51:09,419 [INFO ] BranchServiceFunctionalTest.tearDown():127 - Tear down complete
2012-11-15 22:51:09,420 [INFO ] BranchServiceFunctionalTest.setUp():65 - Setting up BranchServiceFunctionalTest...
2012-11-15 22:51:10,771 [INFO ] BranchServiceFunctionalTest.setUp():98 - Set up complete
2012-11-15 22:51:10,772 [INFO ] BranchServiceFunctionalTest.testFindBranchByLocationCode():142 - Finding branch by local code
2012-11-15 22:51:10,790 [INFO ] BranchServiceFunctionalTest.testFindBranchByLocationCode():147 - Finding branch by local code complete.
2012-11-15 22:51:10,791 [INFO ] BranchServiceFunctionalTest.tearDown():103 - Tearing down...
2012-11-15 22:51:12,216 [INFO ] BranchServiceFunctionalTest.tearDown():127 - Tear down complete
2012-11-15 22:51:12,218 [INFO ] BranchServiceFunctionalTest.setUp():65 - Setting up BranchServiceFunctionalTest...
2012-11-15 22:51:13,301 [INFO ] BranchServiceFunctionalTest.setUp():98 - Set up complete
2012-11-15 22:51:13,302 [INFO ] BranchServiceFunctionalTest.testFindBranchesByAffiliateUrlName():152 - Finding branches by affiliate url name
2012-11-15 22:51:13,317 [INFO ] BranchServiceFunctionalTest.testFindBranchesByAffiliateUrlName():158 - Finding branches by affiliate url name complete.
2012-11-15 22:51:13,317 [INFO ] BranchServiceFunctionalTest.tearDown():103 - Tearing down...
2012-11-15 22:51:14,283 [INFO ] BranchServiceFunctionalTest.tearDown():127 - Tear down complete
2012-11-15 22:51:14,285 [INFO ] BranchServiceFunctionalTest.setUp():65 - Setting up BranchServiceFunctionalTest...
2012-11-15 22:51:15,284 [INFO ] BranchServiceFunctionalTest.setUp():98 - Set up complete
2012-11-15 22:51:15,284 [INFO ] BranchServiceFunctionalTest.testFindBranchesByMerchantId():163 - Finding branches by merchant id
2012-11-15 22:51:15,294 [INFO ] BranchServiceFunctionalTest.testFindBranchesByMerchantId():169 - Finding branches by merchant id complete.
2012-11-15 22:51:15,295 [INFO ] BranchServiceFunctionalTest.tearDown():103 - Tearing down...
2012-11-15 22:51:16,300 [INFO ] BranchServiceFunctionalTest.tearDown():127 - Tear down complete
2012-11-15 22:51:16,302 [INFO ] BranchServiceFunctionalTest.setUp():65 - Setting up BranchServiceFunctionalTest...
2012-11-15 22:51:17,523 [INFO ] BranchServiceFunctionalTest.setUp():98 - Set up complete
2012-11-15 22:51:17,523 [INFO ] BranchServiceFunctionalTest.testFindNearest():174 - Finding branches by coordinates
2012-11-15 22:51:17,535 [INFO ] BranchServiceFunctionalTest.testFindNearest():186 - Finding branches by coordinates.
2012-11-15 22:51:17,535 [INFO ] BranchServiceFunctionalTest.tearDown():103 - Tearing down...
2012-11-15 22:51:18,858 [INFO ] BranchServiceFunctionalTest.tearDown():127 - Tear down complete
2012-11-15 22:51:29,119 [WARN ] PropertiesLoaderSupport.loadProperties():198 - Could not load properties from class path resource [mailjimp.properties]: class path resource [mailjimp.properties] cannot be opened because it does not exist
2012-11-15 22:51:31,394 [INFO ] CacheServiceFunctionalTest.testCacheServiceUsingFailsafe():117 - Starting cache test. using failsafe method..
2012-11-15 22:51:31,394 [INFO ] CacheServiceFunctionalTest.testCacheServiceUsingFailsafe():121 - Starting test with cacheSize 200
2012-11-15 22:51:31,425 [INFO ] CacheServiceFunctionalTest.runTestForSize():161 - Starting to place 200 elements in cache
2012-11-15 22:51:31,612 [INFO ] CacheServiceFunctionalTest.runTestForSize():164 - Placed 200 elements in cache
2012-11-15 22:51:31,623 [INFO ] CacheServiceFunctionalTest.testCacheServiceUsingFailsafe():121 - Starting test with cacheSize 300
2012-11-15 22:51:31,655 [INFO ] CacheServiceFunctionalTest.runTestForSize():161 - Starting to place 300 elements in cache
2012-11-15 22:51:31,957 [INFO ] CacheServiceFunctionalTest.runTestForSize():164 - Placed 300 elements in cache
2012-11-15 22:51:31,962 [INFO ] CacheServiceFunctionalTest.testCacheServiceUsingFailsafe():121 - Starting test with cacheSize 400
2012-11-15 22:51:31,976 [INFO ] CacheServiceFunctionalTest.runTestForSize():161 - Starting to place 400 elements in cache
2012-11-15 22:51:32,469 [INFO ] CacheServiceFunctionalTest.runTestForSize():164 - Placed 400 elements in cache
2012-11-15 22:51:32,474 [INFO ] CacheServiceFunctionalTest.testCacheServiceUsingFailsafe():121 - Starting test with cacheSize 500
2012-11-15 22:51:32,507 [INFO ] CacheServiceFunctionalTest.runTestForSize():161 - Starting to place 500 elements in cache
2012-11-15 22:51:33,147 [INFO ] CacheServiceFunctionalTest.runTestForSize():164 - Placed 500 elements in cache
2012-11-15 22:51:33,150 [INFO ] CacheServiceFunctionalTest.testCacheServiceUsingFailsafe():121 - Starting test with cacheSize 600
2012-11-15 22:51:33,167 [INFO ] CacheServiceFunctionalTest.runTestForSize():161 - Starting to place 600 elements in cache
2012-11-15 22:51:34,189 [INFO ] CacheServiceFunctionalTest.runTestForSize():164 - Placed 600 elements in cache
2012-11-15 22:51:34,193 [INFO ] CacheServiceFunctionalTest.testCacheServiceUsingFailsafe():121 - Starting test with cacheSize 700
2012-11-15 22:51:34,236 [INFO ] CacheServiceFunctionalTest.runTestForSize():161 - Starting to place 700 elements in cache
2012-11-15 22:51:35,759 [INFO ] CacheServiceFunctionalTest.runTestForSize():164 - Placed 700 elements in cache
2012-11-15 22:51:35,766 [INFO ] CacheServiceFunctionalTest.testCacheServiceUsingFailsafe():121 - Starting test with cacheSize 800
2012-11-15 22:51:35,853 [INFO ] CacheServiceFunctionalTest.runTestForSize():161 - Starting to place 800 elements in cache
2012-11-15 22:51:37,911 [INFO ] CacheServiceFunctionalTest.runTestForSize():164 - Placed 800 elements in cache
2012-11-15 22:51:37,919 [INFO ] CacheServiceFunctionalTest.testCacheServiceUsingFailsafe():121 - Starting test with cacheSize 900
2012-11-15 22:51:38,129 [INFO ] CacheServiceFunctionalTest.runTestForSize():161 - Starting to place 900 elements in cache
2012-11-15 22:51:40,752 [INFO ] CacheServiceFunctionalTest.runTestForSize():164 - Placed 900 elements in cache
2012-11-15 22:51:40,759 [INFO ] CacheServiceFunctionalTest.testCacheServiceUsingFailsafe():121 - Starting test with cacheSize 1000
2012-11-15 22:51:40,936 [INFO ] CacheServiceFunctionalTest.runTestForSize():161 - Starting to place 1000 elements in cache
2012-11-15 22:51:45,256 [INFO ] CacheServiceFunctionalTest.runTestForSize():164 - Placed 1000 elements in cache
2012-11-15 22:51:45,267 [INFO ] CacheServiceFunctionalTest.testCacheServiceUsingFailsafe():121 - Starting test with cacheSize 1100
2012-11-15 22:51:45,575 [INFO ] CacheServiceFunctionalTest.runTestForSize():161 - Starting to place 1100 elements in cache
2012-11-15 22:51:52,169 [INFO ] CacheServiceFunctionalTest.runTestForSize():164 - Placed 1100 elements in cache
2012-11-15 22:51:52,185 [INFO ] CacheServiceFunctionalTest.testCacheServiceUsingFailsafe():121 - Starting test with cacheSize 1200
2012-11-15 22:51:52,507 [INFO ] CacheServiceFunctionalTest.runTestForSize():161 - Starting to place 1200 elements in cache
2012-11-15 22:51:59,622 [INFO ] CacheServiceFunctionalTest.runTestForSize():164 - Placed 1200 elements in cache
2012-11-15 22:51:59,638 [INFO ] CacheServiceFunctionalTest.testCacheServiceUsingFailsafe():121 - Starting test with cacheSize 1300
2012-11-15 22:52:00,069 [INFO ] CacheServiceFunctionalTest.runTestForSize():161 - Starting to place 1300 elements in cache
2012-11-15 22:52:05,394 [INFO ] CacheServiceFunctionalTest.runTestForSize():164 - Placed 1300 elements in cache
2012-11-15 22:52:05,445 [WARN ] CacheServiceImpl.retrieveCacheableList():113 - The cache has got corrupt for cache name item and cache key testCacheKey. This could happen because the cache memory is low. Try increasing the value of maxBytesLocalHeap in ehcache.xml.
2012-11-15 22:52:05,445 [INFO ] CacheServiceFunctionalTest.runTestForSize():206 - Retrieved null value from cache. Probably ran out of memory
2012-11-15 22:52:05,445 [INFO ] CacheServiceFunctionalTest.runTestForSize():214 - Test finished with cacheSize of : 1300
2012-11-15 22:52:05,446 [INFO ] CacheServiceFunctionalTest.testCacheServiceUsingFailsafe():134 - Test testCacheServiceUsingFailsafe passed!!!
2012-11-15 22:52:06,631 [INFO ] CategoryItemFunctionalTest.setup():85 - First we create a category for the item
2012-11-15 22:52:07,286 [INFO ] CategoryItemFunctionalTest.setup():90 - Then we create an owner for the item
2012-11-15 22:52:09,231 [INFO ] CategoryItemFunctionalTest.testItemCategoryOwner():132 - Create an item and save it
2012-11-15 22:52:09,239 [INFO ] CategoryItemFunctionalTest.testItemCategoryOwner():138 - Tried to save item without credentials. An exception was expected: An Authentication object was not found in the SecurityContext
2012-11-15 22:52:09,240 [INFO ] CategoryItemFunctionalTest.testItemCategoryOwner():141 - Securing channel...
2012-11-15 22:52:09,240 [INFO ] CategoryItemFunctionalTest.testItemCategoryOwner():143 - Channel secured
2012-11-15 22:52:09,242 [INFO ] CategoryItemFunctionalTest.testItemCategoryOwner():149 - Retrieving categories successfully
2012-11-15 22:52:09,242 [INFO ] CategoryItemFunctionalTest.testItemCategoryOwner():151 - Retrieving items...
2012-11-15 22:52:09,244 [INFO ] CategoryItemFunctionalTest.testItemCategoryOwner():157 - Items retrieved successfully
2012-11-15 22:52:09,244 [INFO ] CategoryItemFunctionalTest.testItemCategoryOwner():159 - Deleting items...
2012-11-15 22:52:10,554 [INFO ] CategoryItemFunctionalTest.testItemCategoryOwner():165 - Deleted items successfully
2012-11-15 22:52:10,555 [INFO ] CategoryItemFunctionalTest.testItemCategoryOwner():167 - Deleting owner...
2012-11-15 22:52:11,825 [INFO ] CategoryItemFunctionalTest.testItemCategoryOwner():172 - Deleted owner successfully
2012-11-15 22:52:11,826 [INFO ] CategoryItemFunctionalTest.testItemCategoryOwner():174 - Deleting categories...
2012-11-15 22:52:12,517 [INFO ] CategoryItemFunctionalTest.testItemCategoryOwner():181 - Deleted category successfully
2012-11-15 22:52:12,517 [INFO ] CategoryItemFunctionalTest.testItemCategoryOwner():183 - Test complete!
2012-11-15 22:52:12,641 [INFO ] CategoryItemFunctionalTest.setup():85 - First we create a category for the item
2012-11-15 22:52:13,404 [INFO ] CategoryItemFunctionalTest.setup():90 - Then we create an owner for the item
2012-11-15 22:52:20,104 [INFO ] CategoryItemFunctionalTest.setup():85 - First we create a category for the item
2012-11-15 22:52:20,815 [INFO ] CategoryItemFunctionalTest.setup():90 - Then we create an owner for the item
2012-11-15 22:52:22,423 [INFO ] CategoryItemFunctionalTest.testFindCategory():196 - Test find category by Id
2012-11-15 22:52:22,427 [INFO ] CategoryItemFunctionalTest.testFindCategory():202 - Test find category by Id complete.
2012-11-15 22:52:25,106 [INFO ] CategoryItemFunctionalTest.setup():85 - First we create a category for the item
2012-11-15 22:52:25,533 [INFO ] CategoryItemFunctionalTest.setup():90 - Then we create an owner for the item
2012-11-15 22:52:27,893 [INFO ] CategoryItemFunctionalTest.testFindItemsByUrlName():207 - Find items by URL name.
2012-11-15 22:52:27,902 [INFO ] CategoryItemFunctionalTest.testFindItemsByUrlName():214 - Find items by URL name complete.
2012-11-15 22:52:30,943 [INFO ] CategoryItemFunctionalTest.setup():85 - First we create a category for the item
2012-11-15 22:52:31,575 [INFO ] CategoryItemFunctionalTest.setup():90 - Then we create an owner for the item
2012-11-15 22:52:34,264 [INFO ] CategoryItemFunctionalTest.testUpdateAvailableInStoresOnItem():224 - Testing updating available stores on item...
2012-11-15 22:52:35,053 [INFO ] CategoryItemFunctionalTest.testUpdateAvailableInStoresOnItem():236 - Now we update this item with available stores
2012-11-15 22:52:37,451 [INFO ] CategoryItemFunctionalTest.testUpdateAvailableInStoresOnItem():251 - Testing updating available stores on item...
2012-11-15 22:52:41,921 [INFO ] ComputedCategoriesFunctionalTest.setUp():88 - Creating test user...
2012-11-15 22:52:43,310 [INFO ] ComputedCategoriesFunctionalTest.setUp():93 - Test user created successfully
2012-11-15 22:52:43,311 [INFO ] ComputedCategoriesFunctionalTest.setUp():95 - Creating a test question...
2012-11-15 22:52:43,947 [INFO ] ComputedCategoriesFunctionalTest.setUp():123 - Let's also create a test category with a test product in it
2012-11-15 22:52:45,504 [INFO ] ComputedCategoriesFunctionalTest.setUp():144 - Set this newly created user in the security context
2012-11-15 22:52:45,506 [INFO ] ComputedCategoriesFunctionalTest.setUp():147 - Test question created successfully
2012-11-15 22:52:45,526 [INFO ] ComputedCategoriesFunctionalTest.testComputedCategories():213 - Testing how computed categories work from end to end...
2012-11-15 22:52:45,526 [INFO ] ComputedCategoriesFunctionalTest.testComputedCategories():214 - We currently are testing for successes only here. We are not trying to produce any errors.
2012-11-15 22:52:45,526 [INFO ] ComputedCategoriesFunctionalTest.testComputedCategories():215 - A newly created user will have no pre-computed categories
2012-11-15 22:52:45,711 [INFO ] ComputedCategoriesFunctionalTest.testComputedCategories():219 - A newly created user also doesn't have any motivator values on it
2012-11-15 22:52:45,713 [INFO ] ComputedCategoriesFunctionalTest.testComputedCategories():223 - User will now answer a question and have motivator values created for this user
2012-11-15 22:52:47,657 [INFO ] ComputedCategoriesFunctionalTest.testComputedCategories():243 - Let's put these motivators to good use and have the user view the product details page for category: computedcategorytestcategory
2012-11-15 22:52:47,700 [WARN ] ProductEngineServiceImpl.processFiltersAndFilterOutItemsByPresets():281 - Category with urlName: computedcategorytestcategory does not have any functional filters
2012-11-15 22:52:47,703 [INFO ] ComputedCategoriesFunctionalTest.testComputedCategories():253 - Successfully loaded the category page for our desired category
2012-11-15 22:52:47,703 [INFO ] ComputedCategoriesFunctionalTest.testComputedCategories():255 - At this point the user should have a computed category entry for the category he just viewed
2012-11-15 22:52:47,704 [INFO ] ComputedCategoriesFunctionalTest.testComputedCategories():261 - The computed categories are good
2012-11-15 22:52:47,704 [INFO ] ComputedCategoriesFunctionalTest.testComputedCategories():263 - Now the user answers another question...
2012-11-15 22:52:48,479 [INFO ] ComputedCategoriesFunctionalTest.testComputedCategories():275 - The computed category was indeed dirty. It will get updated again the next time the user views the product grid.
2012-11-15 22:52:48,480 [INFO ] ComputedCategoriesFunctionalTest.testComputedCategories():277 - Loading the same category for the second time to re-compute motivators
2012-11-15 22:52:48,814 [WARN ] ProductEngineServiceImpl.processFiltersAndFilterOutItemsByPresets():281 - Category with urlName: computedcategorytestcategory does not have any functional filters
2012-11-15 22:52:48,816 [INFO ] ComputedCategoriesFunctionalTest.testComputedCategories():280 - Successfully loaded the category page for our desired category
2012-11-15 22:52:48,816 [INFO ] ComputedCategoriesFunctionalTest.testComputedCategories():282 - At this point the user should have a computed category entry for the category he just viewed
2012-11-15 22:52:48,817 [INFO ] ComputedCategoriesFunctionalTest.testComputedCategories():289 - The computed categories are good
2012-11-15 22:52:48,817 [INFO ] ComputedCategoriesFunctionalTest.testComputedCategories():291 - Now the ingestion service updates the item, which should again set the dirty flag to true
2012-11-15 22:52:48,817 [INFO ] ComputedCategoriesFunctionalTest.testComputedCategories():292 - We can't test that fully, so instead we will just use the method calls that makes that happen
2012-11-15 22:52:49,590 [INFO ] ComputedCategoriesFunctionalTest.testComputedCategories():300 - Loading the same category for the third time to re-compute motivators
2012-11-15 22:52:50,335 [WARN ] ProductEngineServiceImpl.processFiltersAndFilterOutItemsByPresets():281 - Category with urlName: computedcategorytestcategory does not have any functional filters
2012-11-15 22:52:50,337 [INFO ] ComputedCategoriesFunctionalTest.testComputedCategories():309 - The computed category was indeed dirty
2012-11-15 22:52:50,337 [INFO ] ComputedCategoriesFunctionalTest.testComputedCategories():311 - Tested how computed categories work from end to end SUCCESSFULLY
2012-11-15 22:52:50,337 [INFO ] ComputedCategoriesFunctionalTest.tearDown():156 - Unsecuring channel from test user and securing with admin user with more privileges
2012-11-15 22:52:50,337 [INFO ] ComputedCategoriesFunctionalTest.tearDown():159 - Removing test user
2012-11-15 22:52:54,609 [INFO ] ComputedCategoriesFunctionalTest.tearDown():203 - Test user was removed successfully
2012-11-15 22:52:55,665 [INFO ] DepartmentServiceUnitTest.testFindFunctionalFilterCountByCategoryGroupUrlName():80 - Testing findFunctionalFilterCountByCategoryGroupUrlName()...
2012-11-15 22:52:55,666 [INFO ] DepartmentServiceUnitTest.testFindFunctionalFilterCountByCategoryGroupUrlName():92 - Testing findFunctionalFilterCountByCategoryGroupUrlName() complete
2012-11-15 22:52:55,667 [INFO ] DepartmentServiceUnitTest.testFindDepartmentLandingPage():97 - Testing findDepartmentLandingPage()...
2012-11-15 22:52:55,668 [INFO ] DepartmentServiceUnitTest.testFindDepartmentLandingPage():118 - Testing findDepartmentLandingPage() complete
2012-11-15 22:52:55,669 [INFO ] DepartmentServiceUnitTest.testFindDepartmentLandingPageData():123 - Testing findDepartmentLandingPageData()...
2012-11-15 22:52:55,670 [INFO ] DepartmentServiceUnitTest.testFindDepartmentLandingPageData():153 - Testing findDepartmentLandingPageData() complete
2012-11-15 22:52:55,671 [INFO ] DepartmentServiceUnitTest.testFindDepartmentSearchResults():158 - Testing findDepartmentSearchResults()...
2012-11-15 22:52:55,674 [INFO ] DepartmentServiceUnitTest.testFindDepartmentSearchResults():199 - First we retrieve the regular items list
2012-11-15 22:52:55,675 [INFO ] DepartmentServiceUnitTest.testFindDepartmentSearchResults():209 - Then we retrieve the relevant items list
2012-11-15 22:52:55,675 [INFO ] DepartmentServiceUnitTest.testFindDepartmentSearchResults():228 - Testing findDepartmentSearchResults() complete
2012-11-15 22:52:55,691 [WARN ] DistributedCacheEvictionServiceFunctionalTest.setUp():57 - Running test setup
2012-11-15 22:52:56,709 [INFO ] EventServiceFunctionalTest.testEvent():39 - Create a event and save it
2012-11-15 22:52:56,709 [INFO ] EventServiceFunctionalTest.testEvent():50 - Tried to save event without credentials. An exception was expected: An Authentication object was not found in the SecurityContext
2012-11-15 22:52:56,710 [INFO ] EventServiceFunctionalTest.testEvent():53 - Securing channel...
2012-11-15 22:52:56,710 [INFO ] EventServiceFunctionalTest.testEvent():55 - Channel secured
2012-11-15 22:52:56,710 [INFO ] EventServiceFunctionalTest.testEvent():57 - Saving a event. This time with a secure channel
2012-11-15 22:52:57,344 [INFO ] EventServiceFunctionalTest.testEvent():61 - Event persisted successfully
2012-11-15 22:52:57,345 [INFO ] EventServiceFunctionalTest.testEvent():67 - Retrieving event...
2012-11-15 22:52:57,346 [INFO ] EventServiceFunctionalTest.testEvent():71 - Event retrieved successfully
2012-11-15 22:52:57,346 [INFO ] EventServiceFunctionalTest.testEvent():73 - Deleting event...
2012-11-15 22:52:57,990 [INFO ] EventServiceFunctionalTest.testEvent():79 - Deleted event successfully
2012-11-15 22:52:57,990 [INFO ] EventServiceFunctionalTest.testEvent():80 - Test complete!
2012-11-15 22:53:00,023 [INFO ] FunctionalFilterFunctionalTest.testFunctionalFilter():50 - Create a functional filter and save it
2012-11-15 22:53:00,024 [INFO ] FunctionalFilterFunctionalTest.testFunctionalFilter():69 - Tried to save functional filter without credentials. An exception was expected: An Authentication object was not found in the SecurityContext
2012-11-15 22:53:00,024 [INFO ] FunctionalFilterFunctionalTest.testFunctionalFilter():72 - Securing channel...
2012-11-15 22:53:00,025 [INFO ] FunctionalFilterFunctionalTest.testFunctionalFilter():74 - Channel secured
2012-11-15 22:53:00,025 [INFO ] FunctionalFilterFunctionalTest.testFunctionalFilter():76 - Saving a functional filter. This time with a secure channel
2012-11-15 22:53:00,750 [INFO ] FunctionalFilterFunctionalTest.testFunctionalFilter():80 - Functional filter persisted successfully
2012-11-15 22:53:00,750 [INFO ] FunctionalFilterFunctionalTest.testFunctionalFilter():86 - Retrieving functional filter...
2012-11-15 22:53:00,752 [INFO ] FunctionalFilterFunctionalTest.testFunctionalFilter():90 - Functional filter retrieved successfully
2012-11-15 22:53:00,753 [INFO ] FunctionalFilterFunctionalTest.testFunctionalFilter():97 - Deleting functional filter...
2012-11-15 22:53:00,792 [INFO ] FunctionalFilterFunctionalTest.testFunctionalFilter():107 - Deleted functional filter successfully
2012-11-15 22:53:00,792 [INFO ] FunctionalFilterFunctionalTest.testFunctionalFilter():108 - Test complete!
2012-11-15 22:53:01,808 [INFO ] HTMLUtilityServiceFunctionalTest.testFetchImagesFromUrl():36 - Testing fetchImagesFromUrl()...
2012-11-15 22:53:01,808 [INFO ] HTMLUtilityServiceFunctionalTest.testFetchImagesFromUrl():38 - Retrieving all images from Yahoo's homepage
2012-11-15 22:53:02,875 [INFO ] HTMLUtilityServiceFunctionalTest.testFetchImagesFromUrl():41 - Retrieved 73 unrestricted images from Yahoo's homepage
2012-11-15 22:53:02,876 [INFO ] HTMLUtilityServiceFunctionalTest.testFetchImagesFromUrl():43 - Retrieving all images from Google's homepage BUT this time we have a crazy width and height restriction so we expect no images in return
2012-11-15 22:53:03,554 [INFO ] HTMLUtilityServiceFunctionalTest.testFetchImagesFromUrl():47 - Retrieving all images from Yahoo's homepage BUT this time we have a crazy width and height restriction so we expect no images in return
2012-11-15 22:53:26,921 [INFO ] HTMLUtilityServiceFunctionalTest.testFetchImagesFromUrl():51 - Testing fetchImagesFromUrl() complete
2012-11-15 22:53:27,948 [INFO ] LocalCacheEvictionServiceFunctionalTest.testSQSQueue():97 - Hello, world. This is message 1 in a batch of 2
2012-11-15 22:53:28,705 [INFO ] LocalCacheEvictionServiceFunctionalTest.testSQSQueue():97 - Hello, world. This is message 2 in a batch of 2
2012-11-15 22:53:34,513 [INFO ] MailServiceFunctionalTest.testMailService():77 - Testing mail service
2012-11-15 22:53:34,764 [INFO ] MailServiceFunctionalTest.testMailService():89 - Test mail service complete!
2012-11-15 22:53:41,264 [INFO ] MailServiceFunctionalTest.testRelationshipRequestMailService():94 - Testing relationship request mail service
2012-11-15 22:53:41,312 [INFO ] MailServiceFunctionalTest.testRelationshipRequestMailService():107 - Test relationship request mail service complete!
2012-11-15 22:53:48,699 [INFO ] MailServiceFunctionalTest.testRelationshipConfirmationMailService():112 - Testing relationship confirmation mail service
2012-11-15 22:53:48,739 [INFO ] MailServiceFunctionalTest.testRelationshipConfirmationMailService():125 - Test relationship confirmation mail service complete!
2012-11-15 22:53:55,944 [INFO ] MailServiceFunctionalTest.testSendShareWithFriends():130 - Testing share with friends mail service
2012-11-15 22:53:55,970 [INFO ] MailServiceFunctionalTest.testSendShareWithFriends():143 - Test relationship confirmation mail service complete!
2012-11-15 22:53:59,528 [ERROR] AbstractQueueListener$QueuePollerTask.run():224 - SQS Queue poll failed
java.util.concurrent.RejectedExecutionException
	at java.util.concurrent.ThreadPoolExecutor$AbortPolicy.rejectedExecution(ThreadPoolExecutor.java:1768)
	at java.util.concurrent.ThreadPoolExecutor.reject(ThreadPoolExecutor.java:767)
	at java.util.concurrent.ThreadPoolExecutor.execute(ThreadPoolExecutor.java:658)
	at com.polarrose.amazon.spring.sqs.impl.AbstractQueueListener$QueuePollerTask.run(AbstractQueueListener.java:219)
	at java.util.concurrent.Executors$RunnableAdapter.call(Executors.java:439)
	at java.util.concurrent.FutureTask$Sync.innerRun(FutureTask.java:303)
	at java.util.concurrent.FutureTask.run(FutureTask.java:138)
	at java.util.concurrent.ScheduledThreadPoolExecutor$ScheduledFutureTask.access$301(ScheduledThreadPoolExecutor.java:98)
	at java.util.concurrent.ScheduledThreadPoolExecutor$ScheduledFutureTask.run(ScheduledThreadPoolExecutor.java:206)
	at java.util.concurrent.ThreadPoolExecutor$Worker.runTask(ThreadPoolExecutor.java:886)
	at java.util.concurrent.ThreadPoolExecutor$Worker.run(ThreadPoolExecutor.java:908)
	at java.lang.Thread.run(Thread.java:680)
2012-11-15 22:54:04,476 [INFO ] MailServiceFunctionalTest.testSharedWithFriendsRegistrationConfirmation():148 - Testing share with friends registration confirmation mail service
2012-11-15 22:54:04,497 [INFO ] MailServiceFunctionalTest.testSharedWithFriendsRegistrationConfirmation():162 - Test share with friends registration confirmation mail service complete!
2012-11-15 22:54:12,740 [INFO ] MailServiceFunctionalTest.testAllInvitationsUsedConfirmation():167 - Testing all invitations used confirmation mail service
2012-11-15 22:54:12,768 [INFO ] MailServiceFunctionalTest.testAllInvitationsUsedConfirmation():180 - Testing all invitations used confirmation mail service complete!
2012-11-15 22:54:20,522 [INFO ] MailServiceFunctionalTest.testSendEmailNoLocaleMailService():185 - Testing mail service
2012-11-15 22:54:20,658 [INFO ] MailServiceFunctionalTest.testSendEmailNoLocaleMailService():250 - Test send email no locale mail service complete!
2012-11-15 22:54:27,914 [INFO ] MailServiceFunctionalTest.testExceptionMailService():255 - Testing exception for merchant service...
2012-11-15 22:54:27,915 [INFO ] MailServiceFunctionalTest.testExceptionMailService():279 - Testing exception for merchant service complete
2012-11-15 22:54:36,218 [INFO ] MerchantServiceFunctionalTest.testMerchantService():237 - Testing merchant service...
2012-11-15 22:54:36,228 [INFO ] MerchantServiceFunctionalTest.testMerchantService():264 - Testing merchant service complete
2012-11-15 22:54:41,506 [INFO ] MerchantServiceFunctionalTest.testAmazonMerchantService():269 - Testing amazon merchant service...
2012-11-15 22:54:41,516 [INFO ] MerchantServiceFunctionalTest.testAmazonMerchantService():296 - Testing amazon merchant service complete
2012-11-15 22:54:46,864 [INFO ] MerchantServiceFunctionalTest.testAffiliateIdAmazonMerchantService():332 - Testing affiliate id for amazon merchant service...
2012-11-15 22:54:46,874 [INFO ] MerchantServiceFunctionalTest.testAffiliateIdAmazonMerchantService():343 - Testing affiliate id for amazon merchant service complete
2012-11-15 22:54:51,257 [INFO ] MerchantServiceFunctionalTest.testUserIdPopshopsMerchantService():348 - Testing user id for popshops merchant service...
2012-11-15 22:54:51,262 [INFO ] MerchantServiceFunctionalTest.testUserIdPopshopsMerchantService():359 - Testing affiliate id for popshops merchant service complete
2012-11-15 22:54:56,771 [INFO ] MerchantServiceFunctionalTest.testOnlyIncludedMerchantIdMerchantService():364 - Testing included merchant id for merchant service...
2012-11-15 22:54:56,777 [INFO ] MerchantServiceFunctionalTest.testOnlyIncludedMerchantIdMerchantService():377 - Testing included merchant id for merchant service complete
2012-11-15 22:55:01,349 [INFO ] MerchantServiceFunctionalTest.testMerchantServiceException():382 - Testing exception for merchant service...
2012-11-15 22:55:01,352 [INFO ] MerchantServiceFunctionalTest.testMerchantServiceException():406 - Testing exception for merchant service complete
2012-11-15 22:55:29,960 [WARN ] MerchantServiceImpl.findLocalStoresForItem():327 - Could not determine latitude and longitude for local stores search from query - lon: null, lat: null, radius: 20.0, zip: null
2012-11-15 22:55:57,077 [INFO ] MetricServiceFunctionalTest.testMetric():42 - Create a metric and save it
2012-11-15 22:55:57,078 [INFO ] MetricServiceFunctionalTest.testMetric():54 - Tried to save metric without credentials. An exception was expected: An Authentication object was not found in the SecurityContext
2012-11-15 22:55:57,078 [INFO ] MetricServiceFunctionalTest.testMetric():57 - Securing channel...
2012-11-15 22:55:57,078 [INFO ] MetricServiceFunctionalTest.testMetric():59 - Channel secured
2012-11-15 22:55:57,078 [INFO ] MetricServiceFunctionalTest.testMetric():61 - Saving a metric. This time with a secure channel
2012-11-15 22:55:57,082 [INFO ] MetricServiceFunctionalTest.testMetric():65 - Metric persisted successfully
2012-11-15 22:55:57,082 [INFO ] MetricServiceFunctionalTest.testMetric():71 - Retrieving metric...
2012-11-15 22:55:57,085 [INFO ] MetricServiceFunctionalTest.testMetric():75 - Metric retrieved successfully
2012-11-15 22:55:57,085 [INFO ] MetricServiceFunctionalTest.testMetric():77 - Deleting metric...
2012-11-15 22:55:57,087 [INFO ] MetricServiceFunctionalTest.testMetric():83 - Deleted metric successfully
2012-11-15 22:55:57,087 [INFO ] MetricServiceFunctionalTest.testMetric():84 - Test complete!
2012-11-15 22:56:00,949 [INFO ] MotivatorMatchingTest.testMotivatorAlgorithm1():54 - Relevancy for: D = 56
2012-11-15 22:56:00,949 [INFO ] MotivatorMatchingTest.testMotivatorAlgorithm1():54 - Relevancy for: E = 81
2012-11-15 22:56:00,950 [INFO ] MotivatorMatchingTest.testMotivatorAlgorithm1():54 - Relevancy for: F = 56
2012-11-15 22:56:00,950 [INFO ] MotivatorMatchingTest.testMotivatorAlgorithm1():54 - Relevancy for: G = 8
2012-11-15 22:56:00,950 [INFO ] MotivatorMatchingTest.testMotivatorAlgorithm1():54 - Relevancy for: A = 56
2012-11-15 22:56:00,950 [INFO ] MotivatorMatchingTest.testMotivatorAlgorithm1():54 - Relevancy for: B = 81
2012-11-15 22:56:00,950 [INFO ] MotivatorMatchingTest.testMotivatorAlgorithm1():54 - Relevancy for: C = 3
2012-11-15 22:56:00,951 [INFO ] MotivatorMatchingTest.testMotivatorAlgorithm2():97 - Relevancy for: D = 56
2012-11-15 22:56:00,951 [INFO ] MotivatorMatchingTest.testMotivatorAlgorithm2():97 - Relevancy for: E = 81
2012-11-15 22:56:00,951 [INFO ] MotivatorMatchingTest.testMotivatorAlgorithm2():97 - Relevancy for: F = 56
2012-11-15 22:56:00,952 [INFO ] MotivatorMatchingTest.testMotivatorAlgorithm2():97 - Relevancy for: G = 8
2012-11-15 22:56:00,952 [INFO ] MotivatorMatchingTest.testMotivatorAlgorithm2():97 - Relevancy for: A = 49
2012-11-15 22:56:00,952 [INFO ] MotivatorMatchingTest.testMotivatorAlgorithm2():97 - Relevancy for: B = 81
2012-11-15 22:56:00,952 [INFO ] MotivatorMatchingTest.testMotivatorAlgorithm2():97 - Relevancy for: C = 3
2012-11-15 22:56:01,979 [INFO ] OwnerServiceFunctionalTest.setUp():81 - Starting set up...
2012-11-15 22:56:06,908 [INFO ] OwnerServiceFunctionalTest.setUp():135 - Set up complete
2012-11-15 22:56:06,908 [INFO ] OwnerServiceFunctionalTest.testFindOwnerByUrlName():189 - Finding owner by url name
2012-11-15 22:56:06,910 [INFO ] OwnerServiceFunctionalTest.testFindOwnerByUrlName():194 - Finding owner by url name complete.
2012-11-15 22:56:06,910 [INFO ] OwnerServiceFunctionalTest.tearDown():140 - Starting tear down...
2012-11-15 22:56:10,111 [INFO ] OwnerServiceFunctionalTest.tearDown():184 - Tear down complete
2012-11-15 22:56:10,113 [INFO ] OwnerServiceFunctionalTest.setUp():81 - Starting set up...
2012-11-15 22:56:13,672 [INFO ] OwnerServiceFunctionalTest.setUp():135 - Set up complete
2012-11-15 22:56:13,672 [INFO ] OwnerServiceFunctionalTest.testFindOwnerCount():199 - Finding owner count
2012-11-15 22:56:13,674 [INFO ] OwnerServiceFunctionalTest.testFindOwnerCount():204 - Finding owner count complete.
2012-11-15 22:56:13,675 [INFO ] OwnerServiceFunctionalTest.tearDown():140 - Starting tear down...
2012-11-15 22:56:17,623 [INFO ] OwnerServiceFunctionalTest.tearDown():184 - Tear down complete
2012-11-15 22:56:17,625 [INFO ] OwnerServiceFunctionalTest.setUp():81 - Starting set up...
2012-11-15 22:56:21,184 [INFO ] OwnerServiceFunctionalTest.setUp():135 - Set up complete
2012-11-15 22:56:21,184 [INFO ] OwnerServiceFunctionalTest.testFindOwners():209 - Find owners
2012-11-15 22:56:21,187 [INFO ] OwnerServiceFunctionalTest.testFindOwners():214 - Find owners complete.
2012-11-15 22:56:21,188 [INFO ] OwnerServiceFunctionalTest.tearDown():140 - Starting tear down...
2012-11-15 22:56:25,541 [INFO ] OwnerServiceFunctionalTest.tearDown():184 - Tear down complete
2012-11-15 22:56:25,543 [INFO ] OwnerServiceFunctionalTest.setUp():81 - Starting set up...
2012-11-15 22:56:29,707 [INFO ] OwnerServiceFunctionalTest.setUp():135 - Set up complete
2012-11-15 22:56:29,707 [INFO ] OwnerServiceFunctionalTest.testFindOwnersByFirstLetter():219 - Find owners with first letter...
2012-11-15 22:56:29,713 [INFO ] OwnerServiceFunctionalTest.testFindOwnersByFirstLetter():224 - Find owners complete.
2012-11-15 22:56:29,714 [INFO ] OwnerServiceFunctionalTest.tearDown():140 - Starting tear down...
2012-11-15 22:56:34,155 [INFO ] OwnerServiceFunctionalTest.tearDown():184 - Tear down complete
2012-11-15 22:56:34,157 [INFO ] OwnerServiceFunctionalTest.setUp():81 - Starting set up...
2012-11-15 22:56:37,969 [INFO ] OwnerServiceFunctionalTest.setUp():135 - Set up complete
2012-11-15 22:56:37,969 [INFO ] OwnerServiceFunctionalTest.testFindOwnerAggregates():230 - Find owner aggregates
2012-11-15 22:56:37,990 [INFO ] OwnerServiceFunctionalTest.testFindOwnerAggregates():241 - Find owner aggregates complete.
2012-11-15 22:56:37,990 [INFO ] OwnerServiceFunctionalTest.tearDown():140 - Starting tear down...
2012-11-15 22:56:41,848 [INFO ] OwnerServiceFunctionalTest.tearDown():184 - Tear down complete
2012-11-15 22:56:41,850 [INFO ] OwnerServiceFunctionalTest.setUp():81 - Starting set up...
2012-11-15 22:56:45,332 [INFO ] OwnerServiceFunctionalTest.setUp():135 - Set up complete
2012-11-15 22:56:45,333 [INFO ] OwnerServiceFunctionalTest.testFindExtendedOwnerAggregates():248 - Find extended owner aggregates
2012-11-15 22:56:45,844 [INFO ] OwnerServiceFunctionalTest.testFindExtendedOwnerAggregates():255 - Let's call the same method again. This time caching should kick in and the call should be a lot faster.
2012-11-15 22:56:45,845 [INFO ] OwnerServiceFunctionalTest.testFindExtendedOwnerAggregates():270 - Find owner aggregates complete.
2012-11-15 22:56:45,845 [INFO ] OwnerServiceFunctionalTest.tearDown():140 - Starting tear down...
2012-11-15 22:56:49,709 [INFO ] OwnerServiceFunctionalTest.tearDown():184 - Tear down complete
2012-11-15 22:56:49,711 [INFO ] OwnerServiceFunctionalTest.setUp():81 - Starting set up...
2012-11-15 22:56:55,120 [INFO ] OwnerServiceFunctionalTest.setUp():135 - Set up complete
2012-11-15 22:56:55,120 [INFO ] OwnerServiceFunctionalTest.testFindAllOwners():276 - Find all owners
2012-11-15 22:56:55,189 [INFO ] OwnerServiceFunctionalTest.testFindAllOwners():282 - Find all owners complete.
2012-11-15 22:56:55,189 [INFO ] OwnerServiceFunctionalTest.tearDown():140 - Starting tear down...
2012-11-15 22:56:59,763 [INFO ] OwnerServiceFunctionalTest.tearDown():184 - Tear down complete
2012-11-15 22:57:00,780 [INFO ] PostalCodeServiceFunctionalTest.setUp():48 - Set up PostalCodeServiceFunctionalTest...
2012-11-15 22:57:00,781 [INFO ] PostalCodeServiceFunctionalTest.setUp():67 - Set up complete
2012-11-15 22:57:00,781 [INFO ] PostalCodeServiceFunctionalTest.testFindPostalCodeByCode():89 - Finding postal code by code
2012-11-15 22:57:00,783 [INFO ] PostalCodeServiceFunctionalTest.testFindPostalCodeByCode():94 - Finding postal code by code complete.
2012-11-15 22:57:00,783 [INFO ] PostalCodeServiceFunctionalTest.tearDown():72 - Starting tear down...
2012-11-15 22:57:00,785 [INFO ] PostalCodeServiceFunctionalTest.tearDown():84 - Tear down complete
2012-11-15 22:57:00,786 [INFO ] PostalCodeServiceFunctionalTest.setUp():48 - Set up PostalCodeServiceFunctionalTest...
2012-11-15 22:57:00,787 [INFO ] PostalCodeServiceFunctionalTest.setUp():67 - Set up complete
2012-11-15 22:57:00,787 [INFO ] PostalCodeServiceFunctionalTest.testFindPostalCodeByCityAndStateName():99 - Finding postal code by city and state name
2012-11-15 22:57:00,856 [INFO ] PostalCodeServiceFunctionalTest.testFindPostalCodeByCityAndStateName():104 - Finding postal code by city and state name complete.
2012-11-15 22:57:00,857 [INFO ] PostalCodeServiceFunctionalTest.tearDown():72 - Starting tear down...
2012-11-15 22:57:00,858 [INFO ] PostalCodeServiceFunctionalTest.tearDown():84 - Tear down complete
2012-11-15 22:57:01,875 [INFO ] ProductEngineServiceCompleteFunctionalTest.setUp():76 - Testing a completely controlled, front-to-back, scenario of matching
2012-11-15 22:57:01,875 [INFO ] ProductEngineServiceCompleteFunctionalTest.setUp():78 - Securing channel...
2012-11-15 22:57:01,875 [INFO ] ProductEngineServiceCompleteFunctionalTest.setUp():80 - Channel secured
2012-11-15 22:57:01,876 [INFO ] ProductEngineServiceCompleteFunctionalTest.setUp():82 - Now we want to create a pertinent question
2012-11-15 22:57:02,519 [INFO ] ProductEngineServiceCompleteFunctionalTest.setUp():121 - Now we need the user to answer the question with key a
2012-11-15 22:57:03,009 [INFO ] ProductEngineServiceCompleteFunctionalTest.setUp():128 - Motivators should match the answer 1-to-1
2012-11-15 22:57:03,010 [INFO ] ProductEngineServiceCompleteFunctionalTest.setUp():137 - Time to create a product that matches the user
2012-11-15 22:57:06,520 [INFO ] ProductEngineServiceCompleteFunctionalTest.testCompleteFunctionality():199 - Test is all set up. Now let's run a query to find the top 20% relevant products for our new user
2012-11-15 22:57:06,520 [INFO ] ProductEngineServiceCompleteFunctionalTest.testCompleteFunctionality():201 - ===========================================================
2012-11-15 22:57:06,520 [INFO ] ProductEngineServiceCompleteFunctionalTest.testCompleteFunctionality():202 - Matching user code: ProductEngineServiceCompleteFunctionalTestUserCode with category: TestCategory
2012-11-15 22:57:06,557 [WARN ] ProductEngineServiceImpl.processFiltersAndFilterOutItemsByPresets():281 - Category with urlName: testcategory does not have any functional filters
2012-11-15 22:57:06,560 [INFO ] ProductEngineServiceCompleteFunctionalTest.testCompleteFunctionality():213 - An amazing product. Relevancy: 324. Motivators: {D=0, E=9, F=0, G=9, A=9, B=0, C=9}
2012-11-15 22:57:06,560 [INFO ] ProductEngineServiceCompleteFunctionalTest.testCompleteFunctionality():219 - ===========================================================
2012-11-15 22:57:06,561 [INFO ] ProductEngineServiceCompleteFunctionalTest.tearDown():187 - Test ran fine. Time to delete all our test creations
2012-11-15 22:57:11,628 [INFO ] ProductEngineServiceFunctionalTest.setUp():91 - Set up test data for functional test...
2012-11-15 22:57:21,469 [INFO ] ProductEngineServiceFunctionalTest.setUp():248 - All test data has been created for this functional test
2012-11-15 22:57:21,469 [INFO ] ProductEngineServiceFunctionalTest.testItemsWithFilters():305 - Testing in-memory item retrieval...
2012-11-15 22:57:21,504 [INFO ] ProductEngineServiceFunctionalTest.testItemsWithFilters():325 - That should've retrieved the items but also cached them for the first time
2012-11-15 22:57:21,505 [INFO ] ProductEngineServiceFunctionalTest.testItemsWithFilters():327 - Now we're going to use the filters and narrow the result set
2012-11-15 22:57:21,506 [INFO ] ProductEngineServiceFunctionalTest.testItemsWithFilters():353 - Now we compare the first result set with the second result set. They should be the same as there are no user presets involved.
2012-11-15 22:57:21,506 [INFO ] ProductEngineServiceFunctionalTest.testItemsWithFilters():356 - Price filter works. Now we add a multiple choice filter.
2012-11-15 22:57:21,506 [INFO ] ProductEngineServiceFunctionalTest.testItemsWithFilters():372 - Now we compare the second result set with the third result set. They should be the same as there are no user presets involved.
2012-11-15 22:57:21,507 [INFO ] ProductEngineServiceFunctionalTest.testItemsWithFilters():379 - Testing in-memory item retrieval complete
2012-11-15 22:57:29,591 [INFO ] ProductEngineServiceFunctionalTest.setUp():91 - Set up test data for functional test...
2012-11-15 22:57:38,802 [INFO ] ProductEngineServiceFunctionalTest.setUp():248 - All test data has been created for this functional test
2012-11-15 22:57:38,802 [INFO ] ProductEngineServiceFunctionalTest.testCategoryFilter():384 - Testing category filter...
2012-11-15 22:57:38,802 [INFO ] ProductEngineServiceFunctionalTest.testCategoryFilter():387 - Now we're going to filter on category
2012-11-15 22:57:38,834 [INFO ] ProductEngineServiceFunctionalTest.testCategoryFilter():411 - Testing category filter complete
2012-11-15 22:57:46,061 [INFO ] ProductEngineServiceFunctionalTest.setUp():91 - Set up test data for functional test...
2012-11-15 22:57:56,920 [INFO ] ProductEngineServiceFunctionalTest.setUp():248 - All test data has been created for this functional test
2012-11-15 22:58:05,190 [INFO ] ProductGridServiceUnitTest.testSaveProductGrid():130 - First we create a productGrid
2012-11-15 22:58:05,192 [INFO ] ProductGridServiceUnitTest.testSaveProductGrid():148 - ProductGrid was saved successfully
2012-11-15 22:58:05,194 [INFO ] ProductGridServiceUnitTest.testQueryProductGrid():153 - Time to query the service for grids
2012-11-15 22:58:05,195 [INFO ] ProductGridServiceUnitTest.testQueryProductGrid():183 - ProductGrid objects queried successfully
2012-11-15 22:58:05,197 [INFO ] ProductGridServiceUnitTest.testSaveProductGridFilters():188 - Time to add some filters...
2012-11-15 22:58:05,198 [INFO ] ProductGridServiceUnitTest.testSaveProductGridFilters():206 - Time to add some filters was successful
2012-11-15 22:58:05,199 [INFO ] ProductGridServiceUnitTest.testSaveProductGridFilters():208 - Remove the filter again...
2012-11-15 22:58:05,199 [INFO ] ProductGridServiceUnitTest.testSaveProductGridFilters():222 - Remove the filter again successful
2012-11-15 22:58:05,200 [INFO ] ProductGridServiceUnitTest.testRemoveProductGrid():227 - Remove the ProductGrid again...
2012-11-15 22:58:05,202 [INFO ] ProductGridServiceUnitTest.testRemoveProductGrid():239 - Remove the ProductGrid again successful
2012-11-15 22:58:05,203 [INFO ] ProductGridServiceUnitTest.testFindPublishedProductGrid():244 - Attempting to find a product grid that has not been published...
2012-11-15 22:58:05,203 [INFO ] ProductGridServiceUnitTest.testFindPublishedProductGrid():256 - Attempting to find a product grid that has not been published successful
2012-11-15 22:58:05,205 [INFO ] ProductGridServiceUnitTest.testEnrichProductGrid():261 - Enriching product grid...
2012-11-15 22:58:05,205 [INFO ] ProductGridServiceUnitTest.testEnrichProductGrid():263 - First, we're going to call this method without any email
2012-11-15 22:58:05,207 [INFO ] ProductGridServiceUnitTest.testEnrichProductGrid():281 - This time we want to return relevant items
2012-11-15 22:58:05,208 [INFO ] ProductGridServiceUnitTest.testEnrichProductGrid():308 - Enriching product grid successful
2012-11-15 22:58:05,216 [INFO ] ProfileServiceUnitTest.testRemoveUserProfile():74 - Set up user data to remove
2012-11-15 22:58:05,218 [INFO ] ProfileServiceUnitTest.testRemoveUserProfile():87 - User profile was removed successfully
2012-11-15 22:58:05,232 [INFO ] QuizServiceFunctionalTest.setUp():46 - Setting up test...
2012-11-15 22:58:05,687 [INFO ] QuizServiceFunctionalTest.setUp():53 - Setting up test complete
2012-11-15 22:58:05,687 [INFO ] QuizServiceFunctionalTest.testFindQuestionByUrlName():70 - Retrieving question by url name...
2012-11-15 22:58:05,689 [INFO ] QuizServiceFunctionalTest.testFindQuestionByUrlName():74 - Retrieving question by url name complete
2012-11-15 22:58:06,741 [INFO ] RoleServiceFunctionalTest.testRole():38 - Create a role and save it
2012-11-15 22:58:06,742 [INFO ] RoleServiceFunctionalTest.testRole():49 - Tried to save role without credentials. An exception was expected: An Authentication object was not found in the SecurityContext
2012-11-15 22:58:06,742 [INFO ] RoleServiceFunctionalTest.testRole():52 - Securing channel...
2012-11-15 22:58:06,742 [INFO ] RoleServiceFunctionalTest.testRole():54 - Channel secured
2012-11-15 22:58:06,742 [INFO ] RoleServiceFunctionalTest.testRole():56 - Saving a role. This time with a secure channel
2012-11-15 22:58:07,446 [INFO ] RoleServiceFunctionalTest.testRole():60 - Role persisted successfully
2012-11-15 22:58:07,447 [INFO ] RoleServiceFunctionalTest.testRole():66 - Retrieving role...
2012-11-15 22:58:07,448 [INFO ] RoleServiceFunctionalTest.testRole():70 - Role retrieved successfully
2012-11-15 22:58:07,448 [INFO ] RoleServiceFunctionalTest.testRole():72 - Deleting role...
2012-11-15 22:58:08,052 [INFO ] RoleServiceFunctionalTest.testRole():78 - Deleted role successfully
2012-11-15 22:58:08,053 [INFO ] RoleServiceFunctionalTest.testRole():79 - Test complete!
2012-11-15 22:58:09,709 [INFO ] StaticContentServiceFunctionalTest.testDynamicContentGeneration():65 - Testing velocity integration with static content...
2012-11-15 22:58:09,709 [INFO ] StaticContentServiceFunctionalTest.testDynamicContentGeneration():67 - First we retrieve the static content object statically...
2012-11-15 22:58:09,712 [INFO ] StaticContentServiceFunctionalTest.testDynamicContentGeneration():71 - First we retrieve the static content object statically complete
2012-11-15 22:58:09,712 [INFO ] StaticContentServiceFunctionalTest.testDynamicContentGeneration():73 - Then we retrieve the static content object dynamically...
2012-11-15 22:58:09,718 [INFO ] StaticContentServiceFunctionalTest.testDynamicContentGeneration():77 - Then we retrieve the static content object dynamically complete
2012-11-15 22:58:09,718 [INFO ] StaticContentServiceFunctionalTest.testDynamicContentGeneration():79 - Testing velocity integration with static content complete
2012-11-15 22:58:10,776 [INFO ] StoreServiceFunctionalTest.setUp():81 - Starting set up...
2012-11-15 22:58:15,250 [INFO ] StoreServiceFunctionalTest.setUp():135 - Set up complete
2012-11-15 22:58:15,250 [INFO ] StoreServiceFunctionalTest.testFindStoreByUrlName():189 - Finding store by url name
2012-11-15 22:58:15,253 [INFO ] StoreServiceFunctionalTest.testFindStoreByUrlName():194 - Finding store by url name complete.
2012-11-15 22:58:15,253 [INFO ] StoreServiceFunctionalTest.tearDown():140 - Starting tear down...
2012-11-15 22:58:19,337 [INFO ] StoreServiceFunctionalTest.tearDown():184 - Tear down complete
2012-11-15 22:58:19,339 [INFO ] StoreServiceFunctionalTest.setUp():81 - Starting set up...
2012-11-15 22:58:22,942 [INFO ] StoreServiceFunctionalTest.setUp():135 - Set up complete
2012-11-15 22:58:22,943 [INFO ] StoreServiceFunctionalTest.testFindStoreByAffiliateUrlName():199 - Finding store by affiliate url name
2012-11-15 22:58:22,944 [INFO ] StoreServiceFunctionalTest.testFindStoreByAffiliateUrlName():204 - Finding store by affiliate url name complete.
2012-11-15 22:58:22,945 [INFO ] StoreServiceFunctionalTest.tearDown():140 - Starting tear down...
2012-11-15 22:58:27,693 [INFO ] StoreServiceFunctionalTest.tearDown():184 - Tear down complete
2012-11-15 22:58:27,696 [INFO ] StoreServiceFunctionalTest.setUp():81 - Starting set up...
2012-11-15 22:58:31,716 [INFO ] StoreServiceFunctionalTest.setUp():135 - Set up complete
2012-11-15 22:58:31,717 [INFO ] StoreServiceFunctionalTest.testFindStoreByMerchantId():209 - Finding store by merchant id
2012-11-15 22:58:31,718 [INFO ] StoreServiceFunctionalTest.testFindStoreByMerchantId():214 - Finding store by merchant id complete.
2012-11-15 22:58:31,718 [INFO ] StoreServiceFunctionalTest.tearDown():140 - Starting tear down...
2012-11-15 22:58:35,624 [INFO ] StoreServiceFunctionalTest.tearDown():184 - Tear down complete
2012-11-15 22:58:35,626 [INFO ] StoreServiceFunctionalTest.setUp():81 - Starting set up...
2012-11-15 22:58:38,829 [INFO ] StoreServiceFunctionalTest.setUp():135 - Set up complete
2012-11-15 22:58:38,829 [INFO ] StoreServiceFunctionalTest.testFindStoresByUrlName():219 - Find stores by url name.
2012-11-15 22:58:38,832 [INFO ] StoreServiceFunctionalTest.testFindStoresByUrlName():229 - Find stores by url name complete.
2012-11-15 22:58:38,833 [INFO ] StoreServiceFunctionalTest.tearDown():140 - Starting tear down...
2012-11-15 22:58:44,307 [INFO ] StoreServiceFunctionalTest.tearDown():184 - Tear down complete
2012-11-15 22:58:44,308 [INFO ] StoreServiceFunctionalTest.setUp():81 - Starting set up...
2012-11-15 22:58:48,946 [INFO ] StoreServiceFunctionalTest.setUp():135 - Set up complete
2012-11-15 22:58:48,947 [INFO ] StoreServiceFunctionalTest.testFindStores():234 - Find stores
2012-11-15 22:58:48,949 [INFO ] StoreServiceFunctionalTest.testFindStores():239 - Find stores complete.
2012-11-15 22:58:48,949 [INFO ] StoreServiceFunctionalTest.tearDown():140 - Starting tear down...
2012-11-15 22:58:52,500 [INFO ] StoreServiceFunctionalTest.tearDown():184 - Tear down complete
2012-11-15 22:58:52,502 [INFO ] StoreServiceFunctionalTest.setUp():81 - Starting set up...
2012-11-15 22:58:57,120 [INFO ] StoreServiceFunctionalTest.setUp():135 - Set up complete
2012-11-15 22:58:57,121 [INFO ] StoreServiceFunctionalTest.testFindStoresByFirstLetter():244 - Find stores with first letter...
2012-11-15 22:58:57,125 [INFO ] StoreServiceFunctionalTest.testFindStoresByFirstLetter():249 - Find stores complete.
2012-11-15 22:58:57,126 [INFO ] StoreServiceFunctionalTest.tearDown():140 - Starting tear down...
2012-11-15 22:59:01,510 [INFO ] StoreServiceFunctionalTest.tearDown():184 - Tear down complete
2012-11-15 22:59:01,512 [INFO ] StoreServiceFunctionalTest.setUp():81 - Starting set up...
2012-11-15 22:59:06,131 [INFO ] StoreServiceFunctionalTest.setUp():135 - Set up complete
2012-11-15 22:59:06,131 [INFO ] StoreServiceFunctionalTest.testFindStoreCount():254 - Find store count...
2012-11-15 22:59:06,132 [INFO ] StoreServiceFunctionalTest.testFindStoreCount():258 - Find store count complete.
2012-11-15 22:59:06,133 [INFO ] StoreServiceFunctionalTest.tearDown():140 - Starting tear down...
2012-11-15 22:59:09,875 [INFO ] StoreServiceFunctionalTest.tearDown():184 - Tear down complete
2012-11-15 22:59:09,877 [INFO ] StoreServiceFunctionalTest.setUp():81 - Starting set up...
2012-11-15 22:59:14,423 [INFO ] StoreServiceFunctionalTest.setUp():135 - Set up complete
2012-11-15 22:59:14,424 [INFO ] StoreServiceFunctionalTest.testFindStoreAggregates():264 - Find store aggregates
2012-11-15 22:59:14,438 [INFO ] StoreServiceFunctionalTest.testFindStoreAggregates():275 - Find store aggregates complete.
2012-11-15 22:59:14,439 [INFO ] StoreServiceFunctionalTest.tearDown():140 - Starting tear down...
2012-11-15 22:59:18,634 [INFO ] StoreServiceFunctionalTest.tearDown():184 - Tear down complete
2012-11-15 22:59:18,636 [INFO ] StoreServiceFunctionalTest.setUp():81 - Starting set up...
2012-11-15 22:59:22,517 [INFO ] StoreServiceFunctionalTest.setUp():135 - Set up complete
2012-11-15 22:59:22,518 [INFO ] StoreServiceFunctionalTest.testFindStoreAggregateDetails():282 - Find extended store aggregates
2012-11-15 22:59:22,664 [INFO ] StoreServiceFunctionalTest.testFindStoreAggregateDetails():289 - Let's call the same method again. This time caching should kick in and the call should be a lot faster.
2012-11-15 22:59:22,665 [INFO ] StoreServiceFunctionalTest.testFindStoreAggregateDetails():304 - Find store aggregates complete.
2012-11-15 22:59:22,665 [INFO ] StoreServiceFunctionalTest.tearDown():140 - Starting tear down...
2012-11-15 22:59:28,507 [INFO ] StoreServiceFunctionalTest.tearDown():184 - Tear down complete
2012-11-15 22:59:28,508 [INFO ] StoreServiceFunctionalTest.setUp():81 - Starting set up...
2012-11-15 22:59:32,246 [INFO ] StoreServiceFunctionalTest.setUp():135 - Set up complete
2012-11-15 22:59:32,247 [INFO ] StoreServiceFunctionalTest.testFindAllStores():310 - Find all stores
2012-11-15 22:59:32,257 [INFO ] StoreServiceFunctionalTest.testFindAllStores():316 - Find all stores complete.
2012-11-15 22:59:32,257 [INFO ] StoreServiceFunctionalTest.tearDown():140 - Starting tear down...
2012-11-15 22:59:36,097 [INFO ] StoreServiceFunctionalTest.tearDown():184 - Tear down complete
2012-11-15 22:59:37,107 [INFO ] TaskServiceUnitTest.testTaskService():55 - First we create a task
2012-11-15 22:59:37,108 [INFO ] TaskServiceUnitTest.testTaskService():74 - Task was saved successfully
2012-11-15 22:59:37,108 [INFO ] TaskServiceUnitTest.testTaskService():76 - Time to query the service for tasks
2012-11-15 22:59:37,109 [INFO ] TaskServiceUnitTest.testTaskService():95 - Task service queried successfully
2012-11-15 22:59:37,109 [INFO ] TaskServiceUnitTest.testTaskService():97 - Remove the task again
2012-11-15 22:59:39,299 [INFO ] UserServiceFunctionalTest.testUserService():78 - Retrieving user...
2012-11-15 22:59:39,301 [INFO ] UserServiceFunctionalTest.testUserService():91 - User retrieved successfully
2012-11-15 22:59:39,301 [INFO ] UserServiceFunctionalTest.testUserService():93 - Deleting user...
2012-11-15 22:59:40,222 [INFO ] UserServiceFunctionalTest.testUserService():99 - Deleting user successful
2012-11-15 22:59:40,222 [INFO ] UserServiceFunctionalTest.testUserService():100 - Test complete!
2012-11-15 22:59:43,093 [INFO ] UserServiceFunctionalTest.testFindUserByEmailBasedOnEmailLength():106 - Testing find user by email on user service based on the length of the email address
2012-11-15 22:59:43,095 [INFO ] UserServiceFunctionalTest.testFindUserByEmailBasedOnEmailLength():111 - Using partial email addresses and ensure that the user is not found...
2012-11-15 22:59:43,097 [INFO ] UserServiceFunctionalTest.testFindUserByEmailBasedOnEmailLength():120 - Testing find user by email based on email length complete
2012-11-15 22:59:46,495 [INFO ] UserServiceFunctionalTest.testLoadUserByUsername():125 - Testing load user by username on user service
2012-11-15 22:59:46,497 [INFO ] UserServiceFunctionalTest.testLoadUserByUsername():129 - Testing find user ids by social network on user service complete
2012-11-15 22:59:46,498 [INFO ] UserServiceFunctionalTest.testLoadUserByUsername():137 - Testing load user by username on user service complete
2012-11-15 22:59:51,189 [INFO ] UserServiceFunctionalTest.testEncryptPassword():142 - Test encrypt password...
2012-11-15 22:59:51,244 [INFO ] UserServiceFunctionalTest.testEncryptPassword():146 - Test encrypt password complete
2012-11-15 22:59:55,348 [INFO ] UserServiceFunctionalTest.testSaveUsers():151 - Testing load user by username on user service
2012-11-15 22:59:55,350 [WARN ] UserServiceImpl.saveUsers():889 - Trying to insert duplicate user with email: popeye@gmail.fake
2012-11-15 22:59:55,350 [INFO ] UserServiceFunctionalTest.testSaveUsers():156 - Testing load user by username on user service complete
2012-11-15 22:59:59,799 [INFO ] UserTrackerServiceFunctionalTest.testRedirectSaleTracking():62 - Create a userTracker and save it
2012-11-15 22:59:59,799 [INFO ] UserTrackerServiceFunctionalTest.testRedirectSaleTracking():66 - Securing channel...
2012-11-15 22:59:59,800 [INFO ] UserTrackerServiceFunctionalTest.testRedirectSaleTracking():68 - Channel secured
2012-11-15 22:59:59,808 [INFO ] UserTrackerServiceFunctionalTest.testRedirectSaleTracking():77 - Saving a Redirect.
2012-11-15 22:59:59,818 [INFO ] UserTrackerServiceFunctionalTest.testRedirectSaleTracking():82 - Redirect persisted successfully
2012-11-15 22:59:59,819 [INFO ] UserTrackerServiceFunctionalTest.testRedirectSaleTracking():88 - Saving redirect Sale...
2012-11-15 22:59:59,927 [INFO ] UserTrackerServiceFunctionalTest.testRedirectSaleTracking():127 - Test complete!
2012-11-15 23:00:01,878 [INFO ] VelocityServiceFunctionalTest.testMergeTemplateWithString():53 - Testing velocityService.mergeTemplateWithString()...
2012-11-15 23:00:01,908 [INFO ] VelocityServiceFunctionalTest.testMergeTemplateWithString():67 - Velocity merge result:

Numbers formatting test:
Unformatted number: 3.15
Formatted as currency: $3.15
Formatted as number: 3.15
Formatted as integer: 3
Formatted as percentage: 315%

Date formatting test:
Unformatted current date: Nov 15, 2012 11:00:01 PM
Formatted as long date: November 15, 2012 11:00:01 PM ICT
Formatted as medium time date: 11:00:01 PM
Formatted as full date: Thursday, November 15, 2012
Formatted as short date: Nov 15, 2012 11:00 PM
Formatted as pattern date: 2012-11-15 23:0:1

Arbitrary date formatting:
Unformatted date: Thu Apr 05 23:00:01 ICT 2012
Formatted medium date: Apr 5, 2012 11:00:01 PM
2012-11-15 23:00:01,909 [INFO ] VelocityServiceFunctionalTest.testMergeTemplateWithString():72 - Testing velocityService.mergeTemplateWithString() complete
2012-11-15 23:00:02,947 [INFO ] UserMongoEventListenerFunctionalTest.testUserMongoEventListener():49 - Testing UserMongoEventListener...
2012-11-15 23:00:03,184 [INFO ] UserMongoEventListenerFunctionalTest.testUserMongoEventListener():65 - At this point, the strings have been encrypted and are no longer the same
2012-11-15 23:00:03,186 [INFO ] UserMongoEventListenerFunctionalTest.testUserMongoEventListener():71 - Strings have been encrypted and are no longer the same
2012-11-15 23:00:03,186 [INFO ] UserMongoEventListenerFunctionalTest.testUserMongoEventListener():73 - Now we decrypt the strings again
2012-11-15 23:00:03,247 [INFO ] UserMongoEventListenerFunctionalTest.testUserMongoEventListener():80 - Strings have been decrypted and are the same again
2012-11-15 23:00:03,248 [INFO ] UserMongoEventListenerFunctionalTest.testUserMongoEventListener():82 - Now we are going to encrypt twice but only decrypt once, and we want the strings to match after
2012-11-15 23:00:03,491 [INFO ] UserMongoEventListenerFunctionalTest.testUserMongoEventListener():91 - Strings have been decrypted and are the same again
2012-11-15 23:00:03,491 [INFO ] UserMongoEventListenerFunctionalTest.testUserMongoEventListener():93 - Testing UserMongoEventListener completed
2012-11-15 23:00:16,114 [ERROR] ImageComparison.<init>():60 - Can't get input stream from URL!
javax.imageio.IIOException: Can't get input stream from URL!
	at javax.imageio.ImageIO.read(ImageIO.java:1369)
	at com.lela.util.utilities.image.ImageComparison.prepareImageForComparison(ImageComparison.java:66)
	at com.lela.util.utilities.image.ImageComparison.<init>(ImageComparison.java:50)
	at com.lela.commons.test.utilities.image.ImageComparisonTest.compare404URLs(ImageComparisonTest.java:186)
	at sun.reflect.NativeMethodAccessorImpl.invoke0(Native Method)
	at sun.reflect.NativeMethodAccessorImpl.invoke(NativeMethodAccessorImpl.java:39)
	at sun.reflect.DelegatingMethodAccessorImpl.invoke(DelegatingMethodAccessorImpl.java:25)
	at java.lang.reflect.Method.invoke(Method.java:597)
	at org.junit.runners.model.FrameworkMethod$1.runReflectiveCall(FrameworkMethod.java:44)
	at org.junit.internal.runners.model.ReflectiveCallable.run(ReflectiveCallable.java:15)
	at org.junit.runners.model.FrameworkMethod.invokeExplosively(FrameworkMethod.java:41)
	at org.junit.internal.runners.statements.InvokeMethod.evaluate(InvokeMethod.java:20)
	at org.junit.runners.BlockJUnit4ClassRunner.runChild(BlockJUnit4ClassRunner.java:76)
	at org.junit.runners.BlockJUnit4ClassRunner.runChild(BlockJUnit4ClassRunner.java:50)
	at org.junit.runners.ParentRunner$3.run(ParentRunner.java:193)
	at org.junit.runners.ParentRunner$1.schedule(ParentRunner.java:52)
	at org.junit.runners.ParentRunner.runChildren(ParentRunner.java:191)
	at org.junit.runners.ParentRunner.access$000(ParentRunner.java:42)
	at org.junit.runners.ParentRunner$2.evaluate(ParentRunner.java:184)
	at org.junit.runners.ParentRunner.run(ParentRunner.java:236)
	at org.apache.maven.surefire.junit4.JUnit4Provider.execute(JUnit4Provider.java:252)
	at org.apache.maven.surefire.junit4.JUnit4Provider.executeTestSet(JUnit4Provider.java:141)
	at org.apache.maven.surefire.junit4.JUnit4Provider.invoke(JUnit4Provider.java:112)
	at sun.reflect.NativeMethodAccessorImpl.invoke0(Native Method)
	at sun.reflect.NativeMethodAccessorImpl.invoke(NativeMethodAccessorImpl.java:39)
	at sun.reflect.DelegatingMethodAccessorImpl.invoke(DelegatingMethodAccessorImpl.java:25)
	at java.lang.reflect.Method.invoke(Method.java:597)
	at org.apache.maven.surefire.util.ReflectionUtils.invokeMethodWithArray(ReflectionUtils.java:189)
	at org.apache.maven.surefire.booter.ProviderFactory$ProviderProxy.invoke(ProviderFactory.java:165)
	at org.apache.maven.surefire.booter.ProviderFactory.invokeProvider(ProviderFactory.java:85)
	at org.apache.maven.surefire.booter.ForkedBooter.runSuitesInProcess(ForkedBooter.java:113)
	at org.apache.maven.surefire.booter.ForkedBooter.main(ForkedBooter.java:75)
Caused by: java.io.IOException: Server returned HTTP response code: 400 for URL: http://ecx.images-amazon.com/images/I/i_do_not_exist.jpg
	at sun.net.www.protocol.http.HttpURLConnection.getInputStream(HttpURLConnection.java:1436)
	at java.net.URL.openStream(URL.java:1010)
	at javax.imageio.ImageIO.read(ImageIO.java:1367)
	... 31 more
2012-11-15 23:00:16,261 [ERROR] ImageComparison.<init>():60 - Can't get input stream from URL!
javax.imageio.IIOException: Can't get input stream from URL!
	at javax.imageio.ImageIO.read(ImageIO.java:1369)
	at com.lela.util.utilities.image.ImageComparison.prepareImageForComparison(ImageComparison.java:66)
	at com.lela.util.utilities.image.ImageComparison.<init>(ImageComparison.java:47)
	at com.lela.commons.test.utilities.image.ImageComparisonTest.compare404URLs(ImageComparisonTest.java:186)
	at sun.reflect.NativeMethodAccessorImpl.invoke0(Native Method)
	at sun.reflect.NativeMethodAccessorImpl.invoke(NativeMethodAccessorImpl.java:39)
	at sun.reflect.DelegatingMethodAccessorImpl.invoke(DelegatingMethodAccessorImpl.java:25)
	at java.lang.reflect.Method.invoke(Method.java:597)
	at org.junit.runners.model.FrameworkMethod$1.runReflectiveCall(FrameworkMethod.java:44)
	at org.junit.internal.runners.model.ReflectiveCallable.run(ReflectiveCallable.java:15)
	at org.junit.runners.model.FrameworkMethod.invokeExplosively(FrameworkMethod.java:41)
	at org.junit.internal.runners.statements.InvokeMethod.evaluate(InvokeMethod.java:20)
	at org.junit.runners.BlockJUnit4ClassRunner.runChild(BlockJUnit4ClassRunner.java:76)
	at org.junit.runners.BlockJUnit4ClassRunner.runChild(BlockJUnit4ClassRunner.java:50)
	at org.junit.runners.ParentRunner$3.run(ParentRunner.java:193)
	at org.junit.runners.ParentRunner$1.schedule(ParentRunner.java:52)
	at org.junit.runners.ParentRunner.runChildren(ParentRunner.java:191)
	at org.junit.runners.ParentRunner.access$000(ParentRunner.java:42)
	at org.junit.runners.ParentRunner$2.evaluate(ParentRunner.java:184)
	at org.junit.runners.ParentRunner.run(ParentRunner.java:236)
	at org.apache.maven.surefire.junit4.JUnit4Provider.execute(JUnit4Provider.java:252)
	at org.apache.maven.surefire.junit4.JUnit4Provider.executeTestSet(JUnit4Provider.java:141)
	at org.apache.maven.surefire.junit4.JUnit4Provider.invoke(JUnit4Provider.java:112)
	at sun.reflect.NativeMethodAccessorImpl.invoke0(Native Method)
	at sun.reflect.NativeMethodAccessorImpl.invoke(NativeMethodAccessorImpl.java:39)
	at sun.reflect.DelegatingMethodAccessorImpl.invoke(DelegatingMethodAccessorImpl.java:25)
	at java.lang.reflect.Method.invoke(Method.java:597)
	at org.apache.maven.surefire.util.ReflectionUtils.invokeMethodWithArray(ReflectionUtils.java:189)
	at org.apache.maven.surefire.booter.ProviderFactory$ProviderProxy.invoke(ProviderFactory.java:165)
	at org.apache.maven.surefire.booter.ProviderFactory.invokeProvider(ProviderFactory.java:85)
	at org.apache.maven.surefire.booter.ForkedBooter.runSuitesInProcess(ForkedBooter.java:113)
	at org.apache.maven.surefire.booter.ForkedBooter.main(ForkedBooter.java:75)
Caused by: java.io.IOException: Server returned HTTP response code: 400 for URL: http://ecx.images-amazon.com/images/I/i_do_not_exist.jpg
	at sun.net.www.protocol.http.HttpURLConnection.getInputStream(HttpURLConnection.java:1436)
	at java.net.URL.openStream(URL.java:1010)
	at javax.imageio.ImageIO.read(ImageIO.java:1367)
	... 31 more
2012-11-15 23:00:16,410 [ERROR] ImageComparison.<init>():93 - Can't get input stream from URL!
javax.imageio.IIOException: Can't get input stream from URL!
	at javax.imageio.ImageIO.read(ImageIO.java:1369)
	at com.lela.util.utilities.image.ImageComparison.prepareImageForComparison(ImageComparison.java:66)
	at com.lela.util.utilities.image.ImageComparison.<init>(ImageComparison.java:84)
	at com.lela.commons.test.utilities.image.ImageComparisonTest.compare404URLs2(ImageComparisonTest.java:210)
	at sun.reflect.NativeMethodAccessorImpl.invoke0(Native Method)
	at sun.reflect.NativeMethodAccessorImpl.invoke(NativeMethodAccessorImpl.java:39)
	at sun.reflect.DelegatingMethodAccessorImpl.invoke(DelegatingMethodAccessorImpl.java:25)
	at java.lang.reflect.Method.invoke(Method.java:597)
	at org.junit.runners.model.FrameworkMethod$1.runReflectiveCall(FrameworkMethod.java:44)
	at org.junit.internal.runners.model.ReflectiveCallable.run(ReflectiveCallable.java:15)
	at org.junit.runners.model.FrameworkMethod.invokeExplosively(FrameworkMethod.java:41)
	at org.junit.internal.runners.statements.InvokeMethod.evaluate(InvokeMethod.java:20)
	at org.junit.runners.BlockJUnit4ClassRunner.runChild(BlockJUnit4ClassRunner.java:76)
	at org.junit.runners.BlockJUnit4ClassRunner.runChild(BlockJUnit4ClassRunner.java:50)
	at org.junit.runners.ParentRunner$3.run(ParentRunner.java:193)
	at org.junit.runners.ParentRunner$1.schedule(ParentRunner.java:52)
	at org.junit.runners.ParentRunner.runChildren(ParentRunner.java:191)
	at org.junit.runners.ParentRunner.access$000(ParentRunner.java:42)
	at org.junit.runners.ParentRunner$2.evaluate(ParentRunner.java:184)
	at org.junit.runners.ParentRunner.run(ParentRunner.java:236)
	at org.apache.maven.surefire.junit4.JUnit4Provider.execute(JUnit4Provider.java:252)
	at org.apache.maven.surefire.junit4.JUnit4Provider.executeTestSet(JUnit4Provider.java:141)
	at org.apache.maven.surefire.junit4.JUnit4Provider.invoke(JUnit4Provider.java:112)
	at sun.reflect.NativeMethodAccessorImpl.invoke0(Native Method)
	at sun.reflect.NativeMethodAccessorImpl.invoke(NativeMethodAccessorImpl.java:39)
	at sun.reflect.DelegatingMethodAccessorImpl.invoke(DelegatingMethodAccessorImpl.java:25)
	at java.lang.reflect.Method.invoke(Method.java:597)
	at org.apache.maven.surefire.util.ReflectionUtils.invokeMethodWithArray(ReflectionUtils.java:189)
	at org.apache.maven.surefire.booter.ProviderFactory$ProviderProxy.invoke(ProviderFactory.java:165)
	at org.apache.maven.surefire.booter.ProviderFactory.invokeProvider(ProviderFactory.java:85)
	at org.apache.maven.surefire.booter.ForkedBooter.runSuitesInProcess(ForkedBooter.java:113)
	at org.apache.maven.surefire.booter.ForkedBooter.main(ForkedBooter.java:75)
Caused by: java.io.IOException: Server returned HTTP response code: 400 for URL: http://ecx.images-amazon.com/images/I/i_do_not_exist.jpg
	at sun.net.www.protocol.http.HttpURLConnection.getInputStream(HttpURLConnection.java:1436)
	at java.net.URL.openStream(URL.java:1010)
	at javax.imageio.ImageIO.read(ImageIO.java:1367)
	... 31 more
2012-11-15 23:00:42,991 [INFO ] S3FileServiceFunctionalTest.testS3FileServiceWithNoErrors():40 - Testing S3FileService saving a file
2012-11-15 23:00:53,044 [INFO ] S3FileServiceFunctionalTest.testS3FileServiceWithNoErrors():73 - Testing S3FileService complete!
2012-11-15 23:00:54,401 [INFO ] UtilityServiceFunctionalTest.testUtilityServiceWithNoErrors():58 - Testing ImageUtilityService regular square image
2012-11-15 23:01:10,804 [INFO ] UtilityServiceFunctionalTest.testUtilityServiceWithNoErrors():96 - Testing ImageUtilityService regular square image complete!
2012-11-15 23:01:10,806 [INFO ] UtilityServiceFunctionalTest.testUtilityServiceOnlyScaleImage():101 - Testing ImageUtilityService to scale an image...
2012-11-15 23:01:14,435 [INFO ] UtilityServiceFunctionalTest.testUtilityServiceOnlyScaleImage():143 - Testing ImageUtilityService with rectangular image complete!
2012-11-15 23:01:14,436 [INFO ] UtilityServiceFunctionalTest.testUtilityServiceWithBlackImage():148 - Testing ImageUtilityService B&W image...
2012-11-15 23:01:33,371 [INFO ] UtilityServiceFunctionalTest.testUtilityServiceWithBlackImage():183 - Testing ImageUtilityService B&W image complete!
2012-11-15 23:01:33,371 [INFO ] UtilityServiceFunctionalTest.testUtilityServiceWithImageWithBadExifData():188 - Testing ImageUtilityService bad exif data...
2012-11-15 23:01:51,391 [INFO ] UtilityServiceFunctionalTest.testUtilityServiceWithImageWithBadExifData():223 - Testing ImageUtilityService bad exif data complete!
2012-11-15 23:01:51,392 [INFO ] UtilityServiceFunctionalTest.testUtilityServiceWithImageWithCmyk():228 - Testing ImageUtilityService bad exif data...
2012-11-15 23:01:51,412 [ERROR] ImageUtilityServiceImpl.readBufferedImage():519 - Unsupported Image Type
javax.imageio.IIOException: Unsupported Image Type
	at com.sun.imageio.plugins.jpeg.JPEGImageReader.readInternal(JPEGImageReader.java:977)
	at com.sun.imageio.plugins.jpeg.JPEGImageReader.read(JPEGImageReader.java:948)
	at javax.imageio.ImageIO.read(ImageIO.java:1422)
	at javax.imageio.ImageIO.read(ImageIO.java:1326)
	at com.lela.commons.service.impl.ImageUtilityServiceImpl.readBufferedImage(ImageUtilityServiceImpl.java:492)
	at com.lela.commons.service.impl.ImageUtilityServiceImpl.retrieveExternalImage(ImageUtilityServiceImpl.java:424)
	at com.lela.commons.service.impl.ImageUtilityServiceImpl.ingestImage(ImageUtilityServiceImpl.java:198)
	at com.lela.commons.service.impl.ImageUtilityServiceImpl.ingestImage(ImageUtilityServiceImpl.java:117)
	at com.lela.commons.test.utilities.UtilityServiceFunctionalTest.testUtilityServiceWithImageWithCmyk(UtilityServiceFunctionalTest.java:236)
	at sun.reflect.NativeMethodAccessorImpl.invoke0(Native Method)
	at sun.reflect.NativeMethodAccessorImpl.invoke(NativeMethodAccessorImpl.java:39)
	at sun.reflect.DelegatingMethodAccessorImpl.invoke(DelegatingMethodAccessorImpl.java:25)
	at java.lang.reflect.Method.invoke(Method.java:597)
	at org.junit.runners.model.FrameworkMethod$1.runReflectiveCall(FrameworkMethod.java:44)
	at org.junit.internal.runners.model.ReflectiveCallable.run(ReflectiveCallable.java:15)
	at org.junit.runners.model.FrameworkMethod.invokeExplosively(FrameworkMethod.java:41)
	at org.junit.internal.runners.statements.InvokeMethod.evaluate(InvokeMethod.java:20)
	at org.junit.runners.BlockJUnit4ClassRunner.runChild(BlockJUnit4ClassRunner.java:76)
	at org.junit.runners.BlockJUnit4ClassRunner.runChild(BlockJUnit4ClassRunner.java:50)
	at org.junit.runners.ParentRunner$3.run(ParentRunner.java:193)
	at org.junit.runners.ParentRunner$1.schedule(ParentRunner.java:52)
	at org.junit.runners.ParentRunner.runChildren(ParentRunner.java:191)
	at org.junit.runners.ParentRunner.access$000(ParentRunner.java:42)
	at org.junit.runners.ParentRunner$2.evaluate(ParentRunner.java:184)
	at org.junit.runners.ParentRunner.run(ParentRunner.java:236)
	at org.apache.maven.surefire.junit4.JUnit4Provider.execute(JUnit4Provider.java:252)
	at org.apache.maven.surefire.junit4.JUnit4Provider.executeTestSet(JUnit4Provider.java:141)
	at org.apache.maven.surefire.junit4.JUnit4Provider.invoke(JUnit4Provider.java:112)
	at sun.reflect.NativeMethodAccessorImpl.invoke0(Native Method)
	at sun.reflect.NativeMethodAccessorImpl.invoke(NativeMethodAccessorImpl.java:39)
	at sun.reflect.DelegatingMethodAccessorImpl.invoke(DelegatingMethodAccessorImpl.java:25)
	at java.lang.reflect.Method.invoke(Method.java:597)
	at org.apache.maven.surefire.util.ReflectionUtils.invokeMethodWithArray(ReflectionUtils.java:189)
	at org.apache.maven.surefire.booter.ProviderFactory$ProviderProxy.invoke(ProviderFactory.java:165)
	at org.apache.maven.surefire.booter.ProviderFactory.invokeProvider(ProviderFactory.java:85)
	at org.apache.maven.surefire.booter.ForkedBooter.runSuitesInProcess(ForkedBooter.java:113)
	at org.apache.maven.surefire.booter.ForkedBooter.main(ForkedBooter.java:75)
2012-11-15 23:02:11,565 [INFO ] UtilityServiceFunctionalTest.testUtilityServiceWithImageWithCmyk():263 - Testing ImageUtilityService bad exif data complete!
2012-11-15 23:02:11,566 [INFO ] UtilityServiceFunctionalTest.testUtilityServiceWithRectangularImage():268 - Testing ImageUtilityService with rectangular image...
2012-11-15 23:02:26,032 [INFO ] UtilityServiceFunctionalTest.testUtilityServiceWithRectangularImage():308 - Testing ImageUtilityService with rectangular image complete!
2012-11-15 23:02:26,032 [INFO ] UtilityServiceFunctionalTest.testUtilityServiceWithTooSmallImage():313 - Testing ImageUtilityService with too small image...
2012-11-15 23:02:42,186 [INFO ] UtilityServiceFunctionalTest.testUtilityServiceWithTooSmallImage():352 - Testing ImageUtilityService with to small image complete!
2012-11-15 23:02:42,187 [INFO ] UtilityServiceFunctionalTest.testUtilityServiceWithBadWalmartImage():357 - Testing ImageUtilityService with bad walmart image...
2012-11-15 23:02:42,193 [INFO ] UtilityServiceFunctionalTest.testUtilityServiceWithBadWalmartImage():365 - This test should throw an exception becaus the image is a bad one
2012-11-15 23:02:42,272 [INFO ] UtilityServiceFunctionalTest.testUtilityServiceWithBadWalmartImage():369 - Method call successfully threw an exception
2012-11-15 23:02:42,273 [INFO ] UtilityServiceFunctionalTest.testUtilityServiceWithBadWalmartImage():375 - Testing ImageUtilityService with bad walmart image complete!
2012-11-15 23:02:42,273 [INFO ] UtilityServiceFunctionalTest.testUtilityServiceWithSolidBackGroundImages():380 - Testing ImageUtilityService with too small image...
2012-11-15 23:08:41,466 [WARN ] ServerRunning.apply():141 - Not executing tests because basic connectivity test failed for hostName=dev.lela.com, port=8080
org.springframework.web.client.ResourceAccessException: I/O error: Connection refused; nested exception is java.net.ConnectException: Connection refused
	at org.springframework.web.client.RestTemplate.doExecute(RestTemplate.java:461)
	at org.springframework.web.client.RestTemplate.execute(RestTemplate.java:409)
	at org.springframework.web.client.RestTemplate.getForEntity(RestTemplate.java:229)
	at com.lela.util.test.integration.oauth.ServerRunning.apply(ServerRunning.java:137)
	at org.junit.runners.BlockJUnit4ClassRunner.withRules(BlockJUnit4ClassRunner.java:344)
	at org.junit.runners.BlockJUnit4ClassRunner.methodBlock(BlockJUnit4ClassRunner.java:263)
	at org.junit.runners.BlockJUnit4ClassRunner.runChild(BlockJUnit4ClassRunner.java:76)
	at org.junit.runners.BlockJUnit4ClassRunner.runChild(BlockJUnit4ClassRunner.java:50)
	at org.junit.runners.ParentRunner$3.run(ParentRunner.java:193)
	at org.junit.runners.ParentRunner$1.schedule(ParentRunner.java:52)
	at org.junit.runners.ParentRunner.runChildren(ParentRunner.java:191)
	at org.junit.runners.ParentRunner.access$000(ParentRunner.java:42)
	at org.junit.runners.ParentRunner$2.evaluate(ParentRunner.java:184)
	at org.junit.runners.ParentRunner.run(ParentRunner.java:236)
	at org.apache.maven.surefire.junit4.JUnit4Provider.execute(JUnit4Provider.java:252)
	at org.apache.maven.surefire.junit4.JUnit4Provider.executeTestSet(JUnit4Provider.java:141)
	at org.apache.maven.surefire.junit4.JUnit4Provider.invoke(JUnit4Provider.java:112)
	at sun.reflect.NativeMethodAccessorImpl.invoke0(Native Method)
	at sun.reflect.NativeMethodAccessorImpl.invoke(NativeMethodAccessorImpl.java:39)
	at sun.reflect.DelegatingMethodAccessorImpl.invoke(DelegatingMethodAccessorImpl.java:25)
	at java.lang.reflect.Method.invoke(Method.java:597)
	at org.apache.maven.surefire.util.ReflectionUtils.invokeMethodWithArray(ReflectionUtils.java:189)
	at org.apache.maven.surefire.booter.ProviderFactory$ProviderProxy.invoke(ProviderFactory.java:165)
	at org.apache.maven.surefire.booter.ProviderFactory.invokeProvider(ProviderFactory.java:85)
	at org.apache.maven.surefire.booter.ForkedBooter.runSuitesInProcess(ForkedBooter.java:113)
	at org.apache.maven.surefire.booter.ForkedBooter.main(ForkedBooter.java:75)
Caused by: java.net.ConnectException: Connection refused
	at java.net.PlainSocketImpl.socketConnect(Native Method)
	at java.net.PlainSocketImpl.doConnect(PlainSocketImpl.java:351)
	at java.net.PlainSocketImpl.connectToAddress(PlainSocketImpl.java:213)
	at java.net.PlainSocketImpl.connect(PlainSocketImpl.java:200)
	at java.net.SocksSocketImpl.connect(SocksSocketImpl.java:432)
	at java.net.Socket.connect(Socket.java:529)
	at java.net.Socket.connect(Socket.java:478)
	at sun.net.NetworkClient.doConnect(NetworkClient.java:163)
	at sun.net.www.http.HttpClient.openServer(HttpClient.java:388)
	at sun.net.www.http.HttpClient.openServer(HttpClient.java:523)
	at sun.net.www.http.HttpClient.<init>(HttpClient.java:227)
	at sun.net.www.http.HttpClient.New(HttpClient.java:300)
	at sun.net.www.http.HttpClient.New(HttpClient.java:317)
	at sun.net.www.protocol.http.HttpURLConnection.getNewHttpClient(HttpURLConnection.java:970)
	at sun.net.www.protocol.http.HttpURLConnection.plainConnect(HttpURLConnection.java:911)
	at sun.net.www.protocol.http.HttpURLConnection.connect(HttpURLConnection.java:836)
	at org.springframework.http.client.SimpleBufferingClientHttpRequest.executeInternal(SimpleBufferingClientHttpRequest.java:73)
	at org.springframework.http.client.AbstractBufferingClientHttpRequest.executeInternal(AbstractBufferingClientHttpRequest.java:46)
	at org.springframework.http.client.AbstractClientHttpRequest.execute(AbstractClientHttpRequest.java:49)
	at org.springframework.web.client.RestTemplate.doExecute(RestTemplate.java:446)
	... 25 more
2012-11-15 23:08:43,534 [ERROR] SearchServiceImpl.deleteItemsByQuery():619 - Solr server is NOT available! This might cause havoc on the search functionality.
2012-11-15 23:08:43,535 [ERROR] SearchServiceImpl.deleteItemsByQuery():619 - Solr server is NOT available! This might cause havoc on the search functionality.
2012-11-15 23:08:43,535 [INFO ] SearchServiceIntegrationTest.testSearchService():119 - Testing search service...
2012-11-15 23:08:44,580 [INFO ] SearchServiceIntegrationTest.testSearchService():134 - First we search by category
2012-11-15 23:08:44,598 [INFO ] SearchServiceIntegrationTest.testSearchService():146 - Now we search on something more specific that will only give us a subset of documents.
2012-11-15 23:08:44,598 [INFO ] SearchServiceIntegrationTest.testSearchService():148 - Let's search for item1 name first...
2012-11-15 23:08:44,606 [INFO ] SearchServiceIntegrationTest.testSearchService():164 - Search for item1 name was successful
2012-11-15 23:08:44,606 [INFO ] SearchServiceIntegrationTest.testSearchService():166 - Let's compare the results of the last query with the same query, but this time by not using the extended dismax query parser
2012-11-15 23:08:44,612 [INFO ] SearchServiceIntegrationTest.testSearchService():184 - Let's search for item2 name second...
2012-11-15 23:08:44,621 [INFO ] SearchServiceIntegrationTest.testSearchService():199 - Search for item2 name was successful
2012-11-15 23:08:44,621 [INFO ] SearchServiceIntegrationTest.testSearchService():201 - That worked marvellously. Now let's search for brand.
2012-11-15 23:08:44,630 [INFO ] SearchServiceIntegrationTest.testSearchService():217 - We can also search for brand using the dedicated brand method
2012-11-15 23:08:44,636 [INFO ] SearchServiceIntegrationTest.testSearchService():232 - Brand search successful. Let's search for colors
2012-11-15 23:08:44,646 [INFO ] SearchServiceIntegrationTest.testSearchService():248 - Color search successful. Finally we search on attributes
2012-11-15 23:08:44,646 [INFO ] SearchServiceIntegrationTest.testSearchService():250 - Color search successful. Let's search for stores
2012-11-15 23:08:44,655 [INFO ] SearchServiceIntegrationTest.testSearchService():266 - Color search successful. Finally we search on attributes
2012-11-15 23:08:44,655 [INFO ] SearchServiceIntegrationTest.testSearchService():268 - Attribute search successful.
2012-11-15 23:08:44,656 [INFO ] SearchServiceIntegrationTest.testSearchService():270 - Now we want to use the specific category field to retrieve data
2012-11-15 23:08:44,662 [INFO ] SearchServiceIntegrationTest.testSearchService():286 - Searching by category field worked
2012-11-15 23:08:44,662 [INFO ] SearchServiceIntegrationTest.testSearchService():288 - Nothing left to do so we delete all the Solr documents
2012-11-15 23:08:44,681 [INFO ] SearchServiceIntegrationTest.testSearchService():308 - Testing search service complete
2012-11-15 23:08:44,742 [INFO ] SearchServiceIntegrationTest.testExceptions():313 - Testing passing no terms across...
2012-11-15 23:08:44,742 [INFO ] SearchServiceIntegrationTest.testExceptions():322 - Testing passing no terms across completed
2012-11-15 23:08:44,799 [INFO ] SearchServiceIntegrationTest.testPlurals():327 - Testing searching for 'caterpillars' and 'caterpillar'...
2012-11-15 23:08:44,800 [INFO ] SearchServiceIntegrationTest.testPlurals():331 - First we have to create some test data
2012-11-15 23:08:45,812 [INFO ] SearchServiceIntegrationTest.testPlurals():374 - Returned 1 results for 'caterpillar'
2012-11-15 23:08:45,817 [INFO ] SearchServiceIntegrationTest.testPlurals():383 - Returned 1 results for 'caterpillars'
2012-11-15 23:08:45,818 [INFO ] SearchServiceIntegrationTest.testPlurals():390 - Testing searching for 'caterpillars' and 'caterpillar' complete
2012-11-15 23:08:46,108 [INFO ] PriceAlertJobUnitTest.testEmailPriceAlert():79 - Test email price alert
2012-11-15 23:08:46,132 [INFO ] PriceAlertJobUnitTest.testEmailPriceAlert():99 - Test price alert email successful
2012-11-15 23:08:46,135 [INFO ] PriceAlertJobUnitTest.testNoPriceAlertWithHigherPrice():107 - Test no price alert for higher price
2012-11-15 23:08:46,135 [INFO ] PriceAlertJobUnitTest.testNoPriceAlertWithHigherPrice():127 - Test price alert email successful
2012-11-15 23:08:46,137 [INFO ] PriceAlertJobUnitTest.testNoPriceAlertWithDisabledAlert():135 - Test no price alert for diasbled alert
2012-11-15 23:08:46,138 [INFO ] PriceAlertJobUnitTest.testNoPriceAlertWithDisabledAlert():155 - Test price alert email successful
2012-11-15 23:08:48,976 [WARN ] PropertiesLoaderSupport.loadProperties():198 - Could not load properties from class path resource [mailjimp.properties]: class path resource [mailjimp.properties] cannot be opened because it does not exist
2012-11-15 23:09:27,124 [INFO ] BranchServiceFunctionalTest.setUp():65 - Setting up BranchServiceFunctionalTest...
2012-11-15 23:09:29,440 [INFO ] BranchServiceFunctionalTest.setUp():98 - Set up complete
2012-11-15 23:09:29,441 [INFO ] BranchServiceFunctionalTest.testFindBranchByUrlName():132 - Finding branch by url name
2012-11-15 23:09:29,452 [INFO ] BranchServiceFunctionalTest.testFindBranchByUrlName():137 - Finding branch by url name complete.
2012-11-15 23:09:29,453 [INFO ] BranchServiceFunctionalTest.tearDown():103 - Tearing down...
2012-11-15 23:09:31,689 [INFO ] BranchServiceFunctionalTest.tearDown():127 - Tear down complete
2012-11-15 23:09:31,691 [INFO ] BranchServiceFunctionalTest.setUp():65 - Setting up BranchServiceFunctionalTest...
2012-11-15 23:09:33,942 [INFO ] BranchServiceFunctionalTest.setUp():98 - Set up complete
2012-11-15 23:09:33,943 [INFO ] BranchServiceFunctionalTest.testFindBranchByLocationCode():142 - Finding branch by local code
2012-11-15 23:09:33,958 [INFO ] BranchServiceFunctionalTest.testFindBranchByLocationCode():147 - Finding branch by local code complete.
2012-11-15 23:09:33,958 [INFO ] BranchServiceFunctionalTest.tearDown():103 - Tearing down...
2012-11-15 23:09:35,180 [INFO ] BranchServiceFunctionalTest.tearDown():127 - Tear down complete
2012-11-15 23:09:35,182 [INFO ] BranchServiceFunctionalTest.setUp():65 - Setting up BranchServiceFunctionalTest...
2012-11-15 23:09:36,107 [INFO ] BranchServiceFunctionalTest.setUp():98 - Set up complete
2012-11-15 23:09:36,108 [INFO ] BranchServiceFunctionalTest.testFindBranchesByAffiliateUrlName():152 - Finding branches by affiliate url name
2012-11-15 23:09:36,122 [INFO ] BranchServiceFunctionalTest.testFindBranchesByAffiliateUrlName():158 - Finding branches by affiliate url name complete.
2012-11-15 23:09:36,123 [INFO ] BranchServiceFunctionalTest.tearDown():103 - Tearing down...
2012-11-15 23:09:37,632 [INFO ] BranchServiceFunctionalTest.tearDown():127 - Tear down complete
2012-11-15 23:09:37,635 [INFO ] BranchServiceFunctionalTest.setUp():65 - Setting up BranchServiceFunctionalTest...
2012-11-15 23:09:38,630 [INFO ] BranchServiceFunctionalTest.setUp():98 - Set up complete
2012-11-15 23:09:38,630 [INFO ] BranchServiceFunctionalTest.testFindBranchesByMerchantId():163 - Finding branches by merchant id
2012-11-15 23:09:38,641 [INFO ] BranchServiceFunctionalTest.testFindBranchesByMerchantId():169 - Finding branches by merchant id complete.
2012-11-15 23:09:38,641 [INFO ] BranchServiceFunctionalTest.tearDown():103 - Tearing down...
2012-11-15 23:09:39,772 [INFO ] BranchServiceFunctionalTest.tearDown():127 - Tear down complete
2012-11-15 23:09:39,774 [INFO ] BranchServiceFunctionalTest.setUp():65 - Setting up BranchServiceFunctionalTest...
2012-11-15 23:09:40,784 [INFO ] BranchServiceFunctionalTest.setUp():98 - Set up complete
2012-11-15 23:09:40,784 [INFO ] BranchServiceFunctionalTest.testFindNearest():174 - Finding branches by coordinates
2012-11-15 23:09:40,790 [INFO ] BranchServiceFunctionalTest.testFindNearest():186 - Finding branches by coordinates.
2012-11-15 23:09:40,791 [INFO ] BranchServiceFunctionalTest.tearDown():103 - Tearing down...
2012-11-15 23:09:42,139 [INFO ] BranchServiceFunctionalTest.tearDown():127 - Tear down complete
2012-11-15 23:09:56,089 [WARN ] PropertiesLoaderSupport.loadProperties():198 - Could not load properties from class path resource [mailjimp.properties]: class path resource [mailjimp.properties] cannot be opened because it does not exist
2012-11-15 23:09:58,504 [INFO ] CacheServiceFunctionalTest.testCacheServiceUsingFailsafe():117 - Starting cache test. using failsafe method..
2012-11-15 23:09:58,505 [INFO ] CacheServiceFunctionalTest.testCacheServiceUsingFailsafe():121 - Starting test with cacheSize 200
2012-11-15 23:09:58,515 [INFO ] CacheServiceFunctionalTest.runTestForSize():161 - Starting to place 200 elements in cache
2012-11-15 23:09:58,783 [INFO ] CacheServiceFunctionalTest.runTestForSize():164 - Placed 200 elements in cache
2012-11-15 23:09:58,796 [INFO ] CacheServiceFunctionalTest.testCacheServiceUsingFailsafe():121 - Starting test with cacheSize 300
2012-11-15 23:09:58,805 [INFO ] CacheServiceFunctionalTest.runTestForSize():161 - Starting to place 300 elements in cache
2012-11-15 23:09:59,177 [INFO ] CacheServiceFunctionalTest.runTestForSize():164 - Placed 300 elements in cache
2012-11-15 23:09:59,180 [INFO ] CacheServiceFunctionalTest.testCacheServiceUsingFailsafe():121 - Starting test with cacheSize 400
2012-11-15 23:09:59,195 [INFO ] CacheServiceFunctionalTest.runTestForSize():161 - Starting to place 400 elements in cache
2012-11-15 23:09:59,738 [INFO ] CacheServiceFunctionalTest.runTestForSize():164 - Placed 400 elements in cache
2012-11-15 23:09:59,742 [INFO ] CacheServiceFunctionalTest.testCacheServiceUsingFailsafe():121 - Starting test with cacheSize 500
2012-11-15 23:09:59,760 [INFO ] CacheServiceFunctionalTest.runTestForSize():161 - Starting to place 500 elements in cache
2012-11-15 23:10:00,434 [INFO ] CacheServiceFunctionalTest.runTestForSize():164 - Placed 500 elements in cache
2012-11-15 23:10:00,437 [INFO ] CacheServiceFunctionalTest.testCacheServiceUsingFailsafe():121 - Starting test with cacheSize 600
2012-11-15 23:10:00,497 [INFO ] CacheServiceFunctionalTest.runTestForSize():161 - Starting to place 600 elements in cache
2012-11-15 23:10:01,555 [INFO ] CacheServiceFunctionalTest.runTestForSize():164 - Placed 600 elements in cache
2012-11-15 23:10:01,559 [INFO ] CacheServiceFunctionalTest.testCacheServiceUsingFailsafe():121 - Starting test with cacheSize 700
2012-11-15 23:10:01,594 [INFO ] CacheServiceFunctionalTest.runTestForSize():161 - Starting to place 700 elements in cache
2012-11-15 23:10:03,220 [INFO ] CacheServiceFunctionalTest.runTestForSize():164 - Placed 700 elements in cache
2012-11-15 23:10:03,226 [INFO ] CacheServiceFunctionalTest.testCacheServiceUsingFailsafe():121 - Starting test with cacheSize 800
2012-11-15 23:10:03,380 [INFO ] CacheServiceFunctionalTest.runTestForSize():161 - Starting to place 800 elements in cache
2012-11-15 23:10:05,818 [INFO ] CacheServiceFunctionalTest.runTestForSize():164 - Placed 800 elements in cache
2012-11-15 23:10:05,836 [INFO ] CacheServiceFunctionalTest.testCacheServiceUsingFailsafe():121 - Starting test with cacheSize 900
2012-11-15 23:10:06,080 [INFO ] CacheServiceFunctionalTest.runTestForSize():161 - Starting to place 900 elements in cache
2012-11-15 23:10:09,273 [INFO ] CacheServiceFunctionalTest.runTestForSize():164 - Placed 900 elements in cache
2012-11-15 23:10:09,281 [INFO ] CacheServiceFunctionalTest.testCacheServiceUsingFailsafe():121 - Starting test with cacheSize 1000
2012-11-15 23:10:09,461 [INFO ] CacheServiceFunctionalTest.runTestForSize():161 - Starting to place 1000 elements in cache
2012-11-15 23:10:14,142 [INFO ] CacheServiceFunctionalTest.runTestForSize():164 - Placed 1000 elements in cache
2012-11-15 23:10:14,154 [INFO ] CacheServiceFunctionalTest.testCacheServiceUsingFailsafe():121 - Starting test with cacheSize 1100
2012-11-15 23:10:14,492 [INFO ] CacheServiceFunctionalTest.runTestForSize():161 - Starting to place 1100 elements in cache
2012-11-15 23:10:21,511 [INFO ] CacheServiceFunctionalTest.runTestForSize():164 - Placed 1100 elements in cache
2012-11-15 23:10:21,528 [INFO ] CacheServiceFunctionalTest.testCacheServiceUsingFailsafe():121 - Starting test with cacheSize 1200
2012-11-15 23:10:21,890 [INFO ] CacheServiceFunctionalTest.runTestForSize():161 - Starting to place 1200 elements in cache
2012-11-15 23:10:29,761 [INFO ] CacheServiceFunctionalTest.runTestForSize():164 - Placed 1200 elements in cache
2012-11-15 23:10:29,776 [INFO ] CacheServiceFunctionalTest.testCacheServiceUsingFailsafe():121 - Starting test with cacheSize 1300
2012-11-15 23:10:30,235 [INFO ] CacheServiceFunctionalTest.runTestForSize():161 - Starting to place 1300 elements in cache
2012-11-15 23:10:36,316 [INFO ] CacheServiceFunctionalTest.runTestForSize():164 - Placed 1300 elements in cache
2012-11-15 23:10:36,397 [WARN ] CacheServiceImpl.retrieveCacheableList():113 - The cache has got corrupt for cache name item and cache key testCacheKey. This could happen because the cache memory is low. Try increasing the value of maxBytesLocalHeap in ehcache.xml.
2012-11-15 23:10:36,398 [INFO ] CacheServiceFunctionalTest.runTestForSize():206 - Retrieved null value from cache. Probably ran out of memory
2012-11-15 23:10:36,398 [INFO ] CacheServiceFunctionalTest.runTestForSize():214 - Test finished with cacheSize of : 1300
2012-11-15 23:10:36,399 [INFO ] CacheServiceFunctionalTest.testCacheServiceUsingFailsafe():134 - Test testCacheServiceUsingFailsafe passed!!!
2012-11-15 23:10:37,626 [INFO ] CategoryItemFunctionalTest.setup():85 - First we create a category for the item
2012-11-15 23:10:38,949 [INFO ] CategoryItemFunctionalTest.setup():90 - Then we create an owner for the item
2012-11-15 23:10:41,358 [INFO ] CategoryItemFunctionalTest.testItemCategoryOwner():132 - Create an item and save it
2012-11-15 23:10:41,366 [INFO ] CategoryItemFunctionalTest.testItemCategoryOwner():138 - Tried to save item without credentials. An exception was expected: An Authentication object was not found in the SecurityContext
2012-11-15 23:10:41,366 [INFO ] CategoryItemFunctionalTest.testItemCategoryOwner():141 - Securing channel...
2012-11-15 23:10:41,367 [INFO ] CategoryItemFunctionalTest.testItemCategoryOwner():143 - Channel secured
2012-11-15 23:10:41,368 [INFO ] CategoryItemFunctionalTest.testItemCategoryOwner():149 - Retrieving categories successfully
2012-11-15 23:10:41,368 [INFO ] CategoryItemFunctionalTest.testItemCategoryOwner():151 - Retrieving items...
2012-11-15 23:10:41,370 [INFO ] CategoryItemFunctionalTest.testItemCategoryOwner():157 - Items retrieved successfully
2012-11-15 23:10:41,370 [INFO ] CategoryItemFunctionalTest.testItemCategoryOwner():159 - Deleting items...
2012-11-15 23:10:42,501 [INFO ] CategoryItemFunctionalTest.testItemCategoryOwner():165 - Deleted items successfully
2012-11-15 23:10:42,501 [INFO ] CategoryItemFunctionalTest.testItemCategoryOwner():167 - Deleting owner...
2012-11-15 23:10:43,835 [INFO ] CategoryItemFunctionalTest.testItemCategoryOwner():172 - Deleted owner successfully
2012-11-15 23:10:43,836 [INFO ] CategoryItemFunctionalTest.testItemCategoryOwner():174 - Deleting categories...
2012-11-15 23:10:44,544 [INFO ] CategoryItemFunctionalTest.testItemCategoryOwner():181 - Deleted category successfully
2012-11-15 23:10:44,544 [INFO ] CategoryItemFunctionalTest.testItemCategoryOwner():183 - Test complete!
2012-11-15 23:10:44,673 [INFO ] CategoryItemFunctionalTest.setup():85 - First we create a category for the item
2012-11-15 23:10:45,112 [INFO ] CategoryItemFunctionalTest.setup():90 - Then we create an owner for the item
2012-11-15 23:10:50,461 [INFO ] CategoryItemFunctionalTest.setup():85 - First we create a category for the item
2012-11-15 23:10:51,069 [INFO ] CategoryItemFunctionalTest.setup():90 - Then we create an owner for the item
2012-11-15 23:10:52,861 [INFO ] CategoryItemFunctionalTest.testFindCategory():196 - Test find category by Id
2012-11-15 23:10:52,865 [INFO ] CategoryItemFunctionalTest.testFindCategory():202 - Test find category by Id complete.
2012-11-15 23:10:56,244 [INFO ] CategoryItemFunctionalTest.setup():85 - First we create a category for the item
2012-11-15 23:10:56,949 [INFO ] CategoryItemFunctionalTest.setup():90 - Then we create an owner for the item
2012-11-15 23:10:59,258 [INFO ] CategoryItemFunctionalTest.testFindItemsByUrlName():207 - Find items by URL name.
2012-11-15 23:10:59,264 [INFO ] CategoryItemFunctionalTest.testFindItemsByUrlName():214 - Find items by URL name complete.
2012-11-15 23:11:02,945 [INFO ] CategoryItemFunctionalTest.setup():85 - First we create a category for the item
2012-11-15 23:11:03,615 [INFO ] CategoryItemFunctionalTest.setup():90 - Then we create an owner for the item
2012-11-15 23:11:05,933 [INFO ] CategoryItemFunctionalTest.testUpdateAvailableInStoresOnItem():224 - Testing updating available stores on item...
2012-11-15 23:11:07,329 [INFO ] CategoryItemFunctionalTest.testUpdateAvailableInStoresOnItem():236 - Now we update this item with available stores
2012-11-15 23:11:10,020 [INFO ] CategoryItemFunctionalTest.testUpdateAvailableInStoresOnItem():251 - Testing updating available stores on item...
2012-11-15 23:11:14,664 [INFO ] ComputedCategoriesFunctionalTest.setUp():88 - Creating test user...
2012-11-15 23:11:16,197 [INFO ] ComputedCategoriesFunctionalTest.setUp():93 - Test user created successfully
2012-11-15 23:11:16,197 [INFO ] ComputedCategoriesFunctionalTest.setUp():95 - Creating a test question...
2012-11-15 23:11:17,083 [INFO ] ComputedCategoriesFunctionalTest.setUp():123 - Let's also create a test category with a test product in it
2012-11-15 23:11:19,114 [INFO ] ComputedCategoriesFunctionalTest.setUp():144 - Set this newly created user in the security context
2012-11-15 23:11:19,115 [INFO ] ComputedCategoriesFunctionalTest.setUp():147 - Test question created successfully
2012-11-15 23:11:19,131 [INFO ] ComputedCategoriesFunctionalTest.testComputedCategories():213 - Testing how computed categories work from end to end...
2012-11-15 23:11:19,131 [INFO ] ComputedCategoriesFunctionalTest.testComputedCategories():214 - We currently are testing for successes only here. We are not trying to produce any errors.
2012-11-15 23:11:19,131 [INFO ] ComputedCategoriesFunctionalTest.testComputedCategories():215 - A newly created user will have no pre-computed categories
2012-11-15 23:11:19,135 [INFO ] ComputedCategoriesFunctionalTest.testComputedCategories():219 - A newly created user also doesn't have any motivator values on it
2012-11-15 23:11:19,137 [INFO ] ComputedCategoriesFunctionalTest.testComputedCategories():223 - User will now answer a question and have motivator values created for this user
2012-11-15 23:11:19,914 [INFO ] ComputedCategoriesFunctionalTest.testComputedCategories():243 - Let's put these motivators to good use and have the user view the product details page for category: computedcategorytestcategory
2012-11-15 23:11:19,957 [WARN ] ProductEngineServiceImpl.processFiltersAndFilterOutItemsByPresets():281 - Category with urlName: computedcategorytestcategory does not have any functional filters
2012-11-15 23:11:19,960 [INFO ] ComputedCategoriesFunctionalTest.testComputedCategories():253 - Successfully loaded the category page for our desired category
2012-11-15 23:11:19,961 [INFO ] ComputedCategoriesFunctionalTest.testComputedCategories():255 - At this point the user should have a computed category entry for the category he just viewed
2012-11-15 23:11:19,961 [INFO ] ComputedCategoriesFunctionalTest.testComputedCategories():261 - The computed categories are good
2012-11-15 23:11:19,961 [INFO ] ComputedCategoriesFunctionalTest.testComputedCategories():263 - Now the user answers another question...
2012-11-15 23:11:21,307 [INFO ] ComputedCategoriesFunctionalTest.testComputedCategories():275 - The computed category was indeed dirty. It will get updated again the next time the user views the product grid.
2012-11-15 23:11:21,307 [INFO ] ComputedCategoriesFunctionalTest.testComputedCategories():277 - Loading the same category for the second time to re-compute motivators
2012-11-15 23:11:21,918 [WARN ] ProductEngineServiceImpl.processFiltersAndFilterOutItemsByPresets():281 - Category with urlName: computedcategorytestcategory does not have any functional filters
2012-11-15 23:11:21,920 [INFO ] ComputedCategoriesFunctionalTest.testComputedCategories():280 - Successfully loaded the category page for our desired category
2012-11-15 23:11:21,921 [INFO ] ComputedCategoriesFunctionalTest.testComputedCategories():282 - At this point the user should have a computed category entry for the category he just viewed
2012-11-15 23:11:21,921 [INFO ] ComputedCategoriesFunctionalTest.testComputedCategories():289 - The computed categories are good
2012-11-15 23:11:21,921 [INFO ] ComputedCategoriesFunctionalTest.testComputedCategories():291 - Now the ingestion service updates the item, which should again set the dirty flag to true
2012-11-15 23:11:21,922 [INFO ] ComputedCategoriesFunctionalTest.testComputedCategories():292 - We can't test that fully, so instead we will just use the method calls that makes that happen
2012-11-15 23:11:22,627 [INFO ] ComputedCategoriesFunctionalTest.testComputedCategories():300 - Loading the same category for the third time to re-compute motivators
2012-11-15 23:11:23,135 [WARN ] ProductEngineServiceImpl.processFiltersAndFilterOutItemsByPresets():281 - Category with urlName: computedcategorytestcategory does not have any functional filters
2012-11-15 23:11:23,137 [INFO ] ComputedCategoriesFunctionalTest.testComputedCategories():309 - The computed category was indeed dirty
2012-11-15 23:11:23,137 [INFO ] ComputedCategoriesFunctionalTest.testComputedCategories():311 - Tested how computed categories work from end to end SUCCESSFULLY
2012-11-15 23:11:23,137 [INFO ] ComputedCategoriesFunctionalTest.tearDown():156 - Unsecuring channel from test user and securing with admin user with more privileges
2012-11-15 23:11:23,138 [INFO ] ComputedCategoriesFunctionalTest.tearDown():159 - Removing test user
2012-11-15 23:11:30,100 [INFO ] ComputedCategoriesFunctionalTest.tearDown():203 - Test user was removed successfully
2012-11-15 23:11:31,155 [INFO ] DepartmentServiceUnitTest.testFindFunctionalFilterCountByCategoryGroupUrlName():80 - Testing findFunctionalFilterCountByCategoryGroupUrlName()...
2012-11-15 23:11:31,156 [INFO ] DepartmentServiceUnitTest.testFindFunctionalFilterCountByCategoryGroupUrlName():92 - Testing findFunctionalFilterCountByCategoryGroupUrlName() complete
2012-11-15 23:11:31,157 [INFO ] DepartmentServiceUnitTest.testFindDepartmentLandingPage():97 - Testing findDepartmentLandingPage()...
2012-11-15 23:11:31,159 [INFO ] DepartmentServiceUnitTest.testFindDepartmentLandingPage():118 - Testing findDepartmentLandingPage() complete
2012-11-15 23:11:31,160 [INFO ] DepartmentServiceUnitTest.testFindDepartmentLandingPageData():123 - Testing findDepartmentLandingPageData()...
2012-11-15 23:11:31,161 [INFO ] DepartmentServiceUnitTest.testFindDepartmentLandingPageData():153 - Testing findDepartmentLandingPageData() complete
2012-11-15 23:11:31,164 [INFO ] DepartmentServiceUnitTest.testFindDepartmentSearchResults():158 - Testing findDepartmentSearchResults()...
2012-11-15 23:11:31,167 [INFO ] DepartmentServiceUnitTest.testFindDepartmentSearchResults():199 - First we retrieve the regular items list
2012-11-15 23:11:31,168 [INFO ] DepartmentServiceUnitTest.testFindDepartmentSearchResults():209 - Then we retrieve the relevant items list
2012-11-15 23:11:31,169 [INFO ] DepartmentServiceUnitTest.testFindDepartmentSearchResults():228 - Testing findDepartmentSearchResults() complete
2012-11-15 23:11:31,184 [WARN ] DistributedCacheEvictionServiceFunctionalTest.setUp():57 - Running test setup
2012-11-15 23:11:32,201 [INFO ] EventServiceFunctionalTest.testEvent():39 - Create a event and save it
2012-11-15 23:11:32,201 [INFO ] EventServiceFunctionalTest.testEvent():50 - Tried to save event without credentials. An exception was expected: An Authentication object was not found in the SecurityContext
2012-11-15 23:11:32,202 [INFO ] EventServiceFunctionalTest.testEvent():53 - Securing channel...
2012-11-15 23:11:32,202 [INFO ] EventServiceFunctionalTest.testEvent():55 - Channel secured
2012-11-15 23:11:32,202 [INFO ] EventServiceFunctionalTest.testEvent():57 - Saving a event. This time with a secure channel
2012-11-15 23:11:32,883 [INFO ] EventServiceFunctionalTest.testEvent():61 - Event persisted successfully
2012-11-15 23:11:32,884 [INFO ] EventServiceFunctionalTest.testEvent():67 - Retrieving event...
2012-11-15 23:11:32,885 [INFO ] EventServiceFunctionalTest.testEvent():71 - Event retrieved successfully
2012-11-15 23:11:32,885 [INFO ] EventServiceFunctionalTest.testEvent():73 - Deleting event...
2012-11-15 23:11:32,923 [INFO ] EventServiceFunctionalTest.testEvent():79 - Deleted event successfully
2012-11-15 23:11:32,924 [INFO ] EventServiceFunctionalTest.testEvent():80 - Test complete!
2012-11-15 23:11:34,955 [INFO ] FunctionalFilterFunctionalTest.testFunctionalFilter():50 - Create a functional filter and save it
2012-11-15 23:11:34,956 [INFO ] FunctionalFilterFunctionalTest.testFunctionalFilter():69 - Tried to save functional filter without credentials. An exception was expected: An Authentication object was not found in the SecurityContext
2012-11-15 23:11:34,956 [INFO ] FunctionalFilterFunctionalTest.testFunctionalFilter():72 - Securing channel...
2012-11-15 23:11:34,957 [INFO ] FunctionalFilterFunctionalTest.testFunctionalFilter():74 - Channel secured
2012-11-15 23:11:34,957 [INFO ] FunctionalFilterFunctionalTest.testFunctionalFilter():76 - Saving a functional filter. This time with a secure channel
2012-11-15 23:11:35,587 [INFO ] FunctionalFilterFunctionalTest.testFunctionalFilter():80 - Functional filter persisted successfully
2012-11-15 23:11:35,587 [INFO ] FunctionalFilterFunctionalTest.testFunctionalFilter():86 - Retrieving functional filter...
2012-11-15 23:11:35,589 [INFO ] FunctionalFilterFunctionalTest.testFunctionalFilter():90 - Functional filter retrieved successfully
2012-11-15 23:11:35,591 [INFO ] FunctionalFilterFunctionalTest.testFunctionalFilter():97 - Deleting functional filter...
2012-11-15 23:11:35,954 [INFO ] FunctionalFilterFunctionalTest.testFunctionalFilter():107 - Deleted functional filter successfully
2012-11-15 23:11:35,955 [INFO ] FunctionalFilterFunctionalTest.testFunctionalFilter():108 - Test complete!
2012-11-15 23:11:36,972 [INFO ] HTMLUtilityServiceFunctionalTest.testFetchImagesFromUrl():36 - Testing fetchImagesFromUrl()...
2012-11-15 23:11:36,972 [INFO ] HTMLUtilityServiceFunctionalTest.testFetchImagesFromUrl():38 - Retrieving all images from Yahoo's homepage
2012-11-15 23:11:38,119 [INFO ] HTMLUtilityServiceFunctionalTest.testFetchImagesFromUrl():41 - Retrieved 73 unrestricted images from Yahoo's homepage
2012-11-15 23:11:38,119 [INFO ] HTMLUtilityServiceFunctionalTest.testFetchImagesFromUrl():43 - Retrieving all images from Google's homepage BUT this time we have a crazy width and height restriction so we expect no images in return
2012-11-15 23:11:38,458 [INFO ] HTMLUtilityServiceFunctionalTest.testFetchImagesFromUrl():47 - Retrieving all images from Yahoo's homepage BUT this time we have a crazy width and height restriction so we expect no images in return
2012-11-15 23:11:55,116 [INFO ] HTMLUtilityServiceFunctionalTest.testFetchImagesFromUrl():51 - Testing fetchImagesFromUrl() complete
2012-11-15 23:11:56,144 [INFO ] LocalCacheEvictionServiceFunctionalTest.testSQSQueue():97 - Hello, world. This is message 1 in a batch of 8
2012-11-15 23:11:56,845 [INFO ] LocalCacheEvictionServiceFunctionalTest.testSQSQueue():97 - Hello, world. This is message 2 in a batch of 8
2012-11-15 23:11:56,862 [INFO ] LocalCacheEvictionServiceFunctionalTest$DelayedMessageHandler.handle():208 - Received a message: body = Hello, world. This is message 4 in a batch of 5
2012-11-15 23:11:56,864 [INFO ] LocalCacheEvictionServiceFunctionalTest$DelayedMessageHandler.handle():208 - Received a message: body = Hello, world. This is message 5 in a batch of 5
2012-11-15 23:11:56,865 [INFO ] LocalCacheEvictionServiceFunctionalTest$DelayedMessageHandler.handle():208 - Received a message: body = Hello, world. This is message 1 in a batch of 5
2012-11-15 23:11:56,864 [INFO ] LocalCacheEvictionServiceFunctionalTest$DelayedMessageHandler.handle():208 - Received a message: body = Hello, world. This is message 1 in a batch of 5
2012-11-15 23:11:56,862 [INFO ] LocalCacheEvictionServiceFunctionalTest$DelayedMessageHandler.handle():208 - Received a message: body = Hello, world. This is message 5 in a batch of 5
2012-11-15 23:11:56,862 [INFO ] LocalCacheEvictionServiceFunctionalTest$DelayedMessageHandler.handle():208 - Received a message: body = Hello, world. This is message 5 in a batch of 5
2012-11-15 23:11:56,862 [INFO ] LocalCacheEvictionServiceFunctionalTest$DelayedMessageHandler.handle():208 - Received a message: body = Hello, world. This is message 4 in a batch of 5
2012-11-15 23:11:56,868 [INFO ] LocalCacheEvictionServiceFunctionalTest$DelayedMessageHandler.handle():208 - Received a message: body = Hello, world. This is message 3 in a batch of 5
2012-11-15 23:11:56,867 [INFO ] LocalCacheEvictionServiceFunctionalTest$DelayedMessageHandler.handle():208 - Received a message: body = Hello, world. This is message 3 in a batch of 5
2012-11-15 23:11:56,866 [INFO ] LocalCacheEvictionServiceFunctionalTest$DelayedMessageHandler.handle():208 - Received a message: body = Hello, world. This is message 1 in a batch of 5
2012-11-15 23:11:57,188 [INFO ] LocalCacheEvictionServiceFunctionalTest.testSQSQueue():97 - Hello, world. This is message 3 in a batch of 8
2012-11-15 23:11:57,528 [INFO ] LocalCacheEvictionServiceFunctionalTest.testSQSQueue():97 - Hello, world. This is message 4 in a batch of 8
2012-11-15 23:11:57,871 [INFO ] LocalCacheEvictionServiceFunctionalTest.testSQSQueue():97 - Hello, world. This is message 5 in a batch of 8
2012-11-15 23:11:59,767 [INFO ] LocalCacheEvictionServiceFunctionalTest.testSQSQueue():97 - Hello, world. This is message 6 in a batch of 8
2012-11-15 23:12:00,484 [INFO ] LocalCacheEvictionServiceFunctionalTest.testSQSQueue():97 - Hello, world. This is message 7 in a batch of 8
2012-11-15 23:12:01,111 [INFO ] LocalCacheEvictionServiceFunctionalTest.testSQSQueue():97 - Hello, world. This is message 8 in a batch of 8
2012-11-15 23:12:09,607 [INFO ] MailServiceFunctionalTest.testMailService():77 - Testing mail service
2012-11-15 23:12:09,848 [INFO ] MailServiceFunctionalTest.testMailService():89 - Test mail service complete!
2012-11-15 23:12:20,226 [INFO ] MailServiceFunctionalTest.testRelationshipRequestMailService():94 - Testing relationship request mail service
2012-11-15 23:12:20,271 [INFO ] MailServiceFunctionalTest.testRelationshipRequestMailService():107 - Test relationship request mail service complete!
2012-11-15 23:12:27,518 [ERROR] AbstractQueueListener$QueuePollerTask.run():224 - SQS Queue poll failed
java.util.concurrent.RejectedExecutionException
	at java.util.concurrent.ThreadPoolExecutor$AbortPolicy.rejectedExecution(ThreadPoolExecutor.java:1768)
	at java.util.concurrent.ThreadPoolExecutor.reject(ThreadPoolExecutor.java:767)
	at java.util.concurrent.ThreadPoolExecutor.execute(ThreadPoolExecutor.java:658)
	at com.polarrose.amazon.spring.sqs.impl.AbstractQueueListener$QueuePollerTask.run(AbstractQueueListener.java:219)
	at java.util.concurrent.Executors$RunnableAdapter.call(Executors.java:439)
	at java.util.concurrent.FutureTask$Sync.innerRun(FutureTask.java:303)
	at java.util.concurrent.FutureTask.run(FutureTask.java:138)
	at java.util.concurrent.ScheduledThreadPoolExecutor$ScheduledFutureTask.access$301(ScheduledThreadPoolExecutor.java:98)
	at java.util.concurrent.ScheduledThreadPoolExecutor$ScheduledFutureTask.run(ScheduledThreadPoolExecutor.java:206)
	at java.util.concurrent.ThreadPoolExecutor$Worker.runTask(ThreadPoolExecutor.java:886)
	at java.util.concurrent.ThreadPoolExecutor$Worker.run(ThreadPoolExecutor.java:908)
	at java.lang.Thread.run(Thread.java:680)
2012-11-15 23:12:28,770 [INFO ] MailServiceFunctionalTest.testRelationshipConfirmationMailService():112 - Testing relationship confirmation mail service
2012-11-15 23:12:28,808 [INFO ] MailServiceFunctionalTest.testRelationshipConfirmationMailService():125 - Test relationship confirmation mail service complete!
2012-11-15 23:12:37,965 [INFO ] MailServiceFunctionalTest.testSendShareWithFriends():130 - Testing share with friends mail service
2012-11-15 23:12:37,991 [INFO ] MailServiceFunctionalTest.testSendShareWithFriends():143 - Test relationship confirmation mail service complete!
2012-11-15 23:12:45,456 [INFO ] MailServiceFunctionalTest.testSharedWithFriendsRegistrationConfirmation():148 - Testing share with friends registration confirmation mail service
2012-11-15 23:12:45,480 [INFO ] MailServiceFunctionalTest.testSharedWithFriendsRegistrationConfirmation():162 - Test share with friends registration confirmation mail service complete!
2012-11-15 23:12:53,186 [INFO ] MailServiceFunctionalTest.testAllInvitationsUsedConfirmation():167 - Testing all invitations used confirmation mail service
2012-11-15 23:12:53,211 [INFO ] MailServiceFunctionalTest.testAllInvitationsUsedConfirmation():180 - Testing all invitations used confirmation mail service complete!
2012-11-15 23:13:01,822 [INFO ] MailServiceFunctionalTest.testSendEmailNoLocaleMailService():185 - Testing mail service
2012-11-15 23:13:01,955 [INFO ] MailServiceFunctionalTest.testSendEmailNoLocaleMailService():250 - Test send email no locale mail service complete!
2012-11-15 23:13:10,382 [INFO ] MailServiceFunctionalTest.testExceptionMailService():255 - Testing exception for merchant service...
2012-11-15 23:13:10,382 [INFO ] MailServiceFunctionalTest.testExceptionMailService():279 - Testing exception for merchant service complete
2012-11-15 23:13:19,668 [INFO ] MerchantServiceFunctionalTest.testMerchantService():237 - Testing merchant service...
2012-11-15 23:13:19,673 [INFO ] MerchantServiceFunctionalTest.testMerchantService():264 - Testing merchant service complete
2012-11-15 23:13:26,315 [INFO ] MerchantServiceFunctionalTest.testAmazonMerchantService():269 - Testing amazon merchant service...
2012-11-15 23:13:26,321 [INFO ] MerchantServiceFunctionalTest.testAmazonMerchantService():296 - Testing amazon merchant service complete
2012-11-15 23:13:30,249 [INFO ] MerchantServiceFunctionalTest.testAffiliateIdAmazonMerchantService():332 - Testing affiliate id for amazon merchant service...
2012-11-15 23:13:30,254 [INFO ] MerchantServiceFunctionalTest.testAffiliateIdAmazonMerchantService():343 - Testing affiliate id for amazon merchant service complete
2012-11-15 23:13:34,883 [INFO ] MerchantServiceFunctionalTest.testUserIdPopshopsMerchantService():348 - Testing user id for popshops merchant service...
2012-11-15 23:13:34,892 [INFO ] MerchantServiceFunctionalTest.testUserIdPopshopsMerchantService():359 - Testing affiliate id for popshops merchant service complete
2012-11-15 23:13:39,454 [INFO ] MerchantServiceFunctionalTest.testOnlyIncludedMerchantIdMerchantService():364 - Testing included merchant id for merchant service...
2012-11-15 23:13:39,459 [INFO ] MerchantServiceFunctionalTest.testOnlyIncludedMerchantIdMerchantService():377 - Testing included merchant id for merchant service complete
2012-11-15 23:13:44,591 [INFO ] MerchantServiceFunctionalTest.testMerchantServiceException():382 - Testing exception for merchant service...
2012-11-15 23:13:44,594 [INFO ] MerchantServiceFunctionalTest.testMerchantServiceException():406 - Testing exception for merchant service complete
2012-11-15 23:14:17,295 [WARN ] MerchantServiceImpl.findLocalStoresForItem():327 - Could not determine latitude and longitude for local stores search from query - lon: null, lat: null, radius: 20.0, zip: null
2012-11-15 23:14:45,672 [INFO ] MetricServiceFunctionalTest.testMetric():42 - Create a metric and save it
2012-11-15 23:14:45,673 [INFO ] MetricServiceFunctionalTest.testMetric():54 - Tried to save metric without credentials. An exception was expected: An Authentication object was not found in the SecurityContext
2012-11-15 23:14:45,673 [INFO ] MetricServiceFunctionalTest.testMetric():57 - Securing channel...
2012-11-15 23:14:45,674 [INFO ] MetricServiceFunctionalTest.testMetric():59 - Channel secured
2012-11-15 23:14:45,674 [INFO ] MetricServiceFunctionalTest.testMetric():61 - Saving a metric. This time with a secure channel
2012-11-15 23:14:45,678 [INFO ] MetricServiceFunctionalTest.testMetric():65 - Metric persisted successfully
2012-11-15 23:14:45,678 [INFO ] MetricServiceFunctionalTest.testMetric():71 - Retrieving metric...
2012-11-15 23:14:45,679 [INFO ] MetricServiceFunctionalTest.testMetric():75 - Metric retrieved successfully
2012-11-15 23:14:45,679 [INFO ] MetricServiceFunctionalTest.testMetric():77 - Deleting metric...
2012-11-15 23:14:45,681 [INFO ] MetricServiceFunctionalTest.testMetric():83 - Deleted metric successfully
2012-11-15 23:14:45,681 [INFO ] MetricServiceFunctionalTest.testMetric():84 - Test complete!
2012-11-15 23:14:49,354 [INFO ] MotivatorMatchingTest.testMotivatorAlgorithm1():54 - Relevancy for: D = 56
2012-11-15 23:14:49,354 [INFO ] MotivatorMatchingTest.testMotivatorAlgorithm1():54 - Relevancy for: E = 81
2012-11-15 23:14:49,354 [INFO ] MotivatorMatchingTest.testMotivatorAlgorithm1():54 - Relevancy for: F = 56
2012-11-15 23:14:49,355 [INFO ] MotivatorMatchingTest.testMotivatorAlgorithm1():54 - Relevancy for: G = 8
2012-11-15 23:14:49,355 [INFO ] MotivatorMatchingTest.testMotivatorAlgorithm1():54 - Relevancy for: A = 56
2012-11-15 23:14:49,355 [INFO ] MotivatorMatchingTest.testMotivatorAlgorithm1():54 - Relevancy for: B = 81
2012-11-15 23:14:49,355 [INFO ] MotivatorMatchingTest.testMotivatorAlgorithm1():54 - Relevancy for: C = 3
2012-11-15 23:14:49,356 [INFO ] MotivatorMatchingTest.testMotivatorAlgorithm2():97 - Relevancy for: D = 56
2012-11-15 23:14:49,357 [INFO ] MotivatorMatchingTest.testMotivatorAlgorithm2():97 - Relevancy for: E = 81
2012-11-15 23:14:49,357 [INFO ] MotivatorMatchingTest.testMotivatorAlgorithm2():97 - Relevancy for: F = 56
2012-11-15 23:14:49,357 [INFO ] MotivatorMatchingTest.testMotivatorAlgorithm2():97 - Relevancy for: G = 8
2012-11-15 23:14:49,357 [INFO ] MotivatorMatchingTest.testMotivatorAlgorithm2():97 - Relevancy for: A = 49
2012-11-15 23:14:49,357 [INFO ] MotivatorMatchingTest.testMotivatorAlgorithm2():97 - Relevancy for: B = 81
2012-11-15 23:14:49,358 [INFO ] MotivatorMatchingTest.testMotivatorAlgorithm2():97 - Relevancy for: C = 3
2012-11-15 23:14:50,384 [INFO ] OwnerServiceFunctionalTest.setUp():81 - Starting set up...
2012-11-15 23:14:54,594 [INFO ] OwnerServiceFunctionalTest.setUp():135 - Set up complete
2012-11-15 23:14:54,595 [INFO ] OwnerServiceFunctionalTest.testFindOwnerByUrlName():189 - Finding owner by url name
2012-11-15 23:14:54,597 [INFO ] OwnerServiceFunctionalTest.testFindOwnerByUrlName():194 - Finding owner by url name complete.
2012-11-15 23:14:54,598 [INFO ] OwnerServiceFunctionalTest.tearDown():140 - Starting tear down...
2012-11-15 23:14:59,207 [INFO ] OwnerServiceFunctionalTest.tearDown():184 - Tear down complete
2012-11-15 23:14:59,208 [INFO ] OwnerServiceFunctionalTest.setUp():81 - Starting set up...
2012-11-15 23:15:02,935 [INFO ] OwnerServiceFunctionalTest.setUp():135 - Set up complete
2012-11-15 23:15:02,936 [INFO ] OwnerServiceFunctionalTest.testFindOwnerCount():199 - Finding owner count
2012-11-15 23:15:02,937 [INFO ] OwnerServiceFunctionalTest.testFindOwnerCount():204 - Finding owner count complete.
2012-11-15 23:15:02,937 [INFO ] OwnerServiceFunctionalTest.tearDown():140 - Starting tear down...
2012-11-15 23:15:06,051 [INFO ] OwnerServiceFunctionalTest.tearDown():184 - Tear down complete
2012-11-15 23:15:06,053 [INFO ] OwnerServiceFunctionalTest.setUp():81 - Starting set up...
2012-11-15 23:15:10,499 [INFO ] OwnerServiceFunctionalTest.setUp():135 - Set up complete
2012-11-15 23:15:10,499 [INFO ] OwnerServiceFunctionalTest.testFindOwners():209 - Find owners
2012-11-15 23:15:10,501 [INFO ] OwnerServiceFunctionalTest.testFindOwners():214 - Find owners complete.
2012-11-15 23:15:10,502 [INFO ] OwnerServiceFunctionalTest.tearDown():140 - Starting tear down...
2012-11-15 23:15:14,941 [INFO ] OwnerServiceFunctionalTest.tearDown():184 - Tear down complete
2012-11-15 23:15:14,943 [INFO ] OwnerServiceFunctionalTest.setUp():81 - Starting set up...
2012-11-15 23:15:19,692 [INFO ] OwnerServiceFunctionalTest.setUp():135 - Set up complete
2012-11-15 23:15:19,693 [INFO ] OwnerServiceFunctionalTest.testFindOwnersByFirstLetter():219 - Find owners with first letter...
2012-11-15 23:15:19,698 [INFO ] OwnerServiceFunctionalTest.testFindOwnersByFirstLetter():224 - Find owners complete.
2012-11-15 23:15:19,698 [INFO ] OwnerServiceFunctionalTest.tearDown():140 - Starting tear down...
2012-11-15 23:15:23,513 [INFO ] OwnerServiceFunctionalTest.tearDown():184 - Tear down complete
2012-11-15 23:15:23,515 [INFO ] OwnerServiceFunctionalTest.setUp():81 - Starting set up...
2012-11-15 23:15:27,884 [INFO ] OwnerServiceFunctionalTest.setUp():135 - Set up complete
2012-11-15 23:15:27,885 [INFO ] OwnerServiceFunctionalTest.testFindOwnerAggregates():230 - Find owner aggregates
2012-11-15 23:15:27,901 [INFO ] OwnerServiceFunctionalTest.testFindOwnerAggregates():241 - Find owner aggregates complete.
2012-11-15 23:15:27,902 [INFO ] OwnerServiceFunctionalTest.tearDown():140 - Starting tear down...
2012-11-15 23:15:31,377 [INFO ] OwnerServiceFunctionalTest.tearDown():184 - Tear down complete
2012-11-15 23:15:31,379 [INFO ] OwnerServiceFunctionalTest.setUp():81 - Starting set up...
2012-11-15 23:15:35,332 [INFO ] OwnerServiceFunctionalTest.setUp():135 - Set up complete
2012-11-15 23:15:35,332 [INFO ] OwnerServiceFunctionalTest.testFindExtendedOwnerAggregates():248 - Find extended owner aggregates
2012-11-15 23:15:35,820 [INFO ] OwnerServiceFunctionalTest.testFindExtendedOwnerAggregates():255 - Let's call the same method again. This time caching should kick in and the call should be a lot faster.
2012-11-15 23:15:35,821 [INFO ] OwnerServiceFunctionalTest.testFindExtendedOwnerAggregates():270 - Find owner aggregates complete.
2012-11-15 23:15:35,821 [INFO ] OwnerServiceFunctionalTest.tearDown():140 - Starting tear down...
2012-11-15 23:15:39,338 [INFO ] OwnerServiceFunctionalTest.tearDown():184 - Tear down complete
2012-11-15 23:15:39,339 [INFO ] OwnerServiceFunctionalTest.setUp():81 - Starting set up...
2012-11-15 23:15:48,268 [INFO ] OwnerServiceFunctionalTest.setUp():135 - Set up complete
2012-11-15 23:15:48,269 [INFO ] OwnerServiceFunctionalTest.testFindAllOwners():276 - Find all owners
2012-11-15 23:15:48,325 [INFO ] OwnerServiceFunctionalTest.testFindAllOwners():282 - Find all owners complete.
2012-11-15 23:15:48,325 [INFO ] OwnerServiceFunctionalTest.tearDown():140 - Starting tear down...
2012-11-15 23:15:54,677 [INFO ] OwnerServiceFunctionalTest.tearDown():184 - Tear down complete
2012-11-15 23:15:55,697 [INFO ] PostalCodeServiceFunctionalTest.setUp():48 - Set up PostalCodeServiceFunctionalTest...
2012-11-15 23:15:55,698 [INFO ] PostalCodeServiceFunctionalTest.setUp():67 - Set up complete
2012-11-15 23:15:55,698 [INFO ] PostalCodeServiceFunctionalTest.testFindPostalCodeByCode():89 - Finding postal code by code
2012-11-15 23:15:55,699 [INFO ] PostalCodeServiceFunctionalTest.testFindPostalCodeByCode():94 - Finding postal code by code complete.
2012-11-15 23:15:55,700 [INFO ] PostalCodeServiceFunctionalTest.tearDown():72 - Starting tear down...
2012-11-15 23:15:55,701 [INFO ] PostalCodeServiceFunctionalTest.tearDown():84 - Tear down complete
2012-11-15 23:15:55,703 [INFO ] PostalCodeServiceFunctionalTest.setUp():48 - Set up PostalCodeServiceFunctionalTest...
2012-11-15 23:15:55,704 [INFO ] PostalCodeServiceFunctionalTest.setUp():67 - Set up complete
2012-11-15 23:15:55,704 [INFO ] PostalCodeServiceFunctionalTest.testFindPostalCodeByCityAndStateName():99 - Finding postal code by city and state name
2012-11-15 23:15:55,728 [INFO ] PostalCodeServiceFunctionalTest.testFindPostalCodeByCityAndStateName():104 - Finding postal code by city and state name complete.
2012-11-15 23:15:55,729 [INFO ] PostalCodeServiceFunctionalTest.tearDown():72 - Starting tear down...
2012-11-15 23:15:55,730 [INFO ] PostalCodeServiceFunctionalTest.tearDown():84 - Tear down complete
2012-11-15 23:15:56,747 [INFO ] ProductEngineServiceCompleteFunctionalTest.setUp():76 - Testing a completely controlled, front-to-back, scenario of matching
2012-11-15 23:15:56,747 [INFO ] ProductEngineServiceCompleteFunctionalTest.setUp():78 - Securing channel...
2012-11-15 23:15:56,747 [INFO ] ProductEngineServiceCompleteFunctionalTest.setUp():80 - Channel secured
2012-11-15 23:15:56,748 [INFO ] ProductEngineServiceCompleteFunctionalTest.setUp():82 - Now we want to create a pertinent question
2012-11-15 23:15:57,562 [INFO ] ProductEngineServiceCompleteFunctionalTest.setUp():121 - Now we need the user to answer the question with key a
2012-11-15 23:15:59,210 [INFO ] ProductEngineServiceCompleteFunctionalTest.setUp():128 - Motivators should match the answer 1-to-1
2012-11-15 23:15:59,211 [INFO ] ProductEngineServiceCompleteFunctionalTest.setUp():137 - Time to create a product that matches the user
2012-11-15 23:16:02,362 [INFO ] ProductEngineServiceCompleteFunctionalTest.testCompleteFunctionality():199 - Test is all set up. Now let's run a query to find the top 20% relevant products for our new user
2012-11-15 23:16:02,363 [INFO ] ProductEngineServiceCompleteFunctionalTest.testCompleteFunctionality():201 - ===========================================================
2012-11-15 23:16:02,363 [INFO ] ProductEngineServiceCompleteFunctionalTest.testCompleteFunctionality():202 - Matching user code: ProductEngineServiceCompleteFunctionalTestUserCode with category: TestCategory
2012-11-15 23:16:03,007 [WARN ] ProductEngineServiceImpl.processFiltersAndFilterOutItemsByPresets():281 - Category with urlName: testcategory does not have any functional filters
2012-11-15 23:16:03,009 [INFO ] ProductEngineServiceCompleteFunctionalTest.testCompleteFunctionality():213 - An amazing product. Relevancy: 324. Motivators: {D=0, E=9, F=0, G=9, A=9, B=0, C=9}
2012-11-15 23:16:03,010 [INFO ] ProductEngineServiceCompleteFunctionalTest.testCompleteFunctionality():219 - ===========================================================
2012-11-15 23:16:03,010 [INFO ] ProductEngineServiceCompleteFunctionalTest.tearDown():187 - Test ran fine. Time to delete all our test creations
2012-11-15 23:16:07,983 [INFO ] ProductEngineServiceFunctionalTest.setUp():91 - Set up test data for functional test...
2012-11-15 23:16:16,698 [INFO ] ProductEngineServiceFunctionalTest.setUp():248 - All test data has been created for this functional test
2012-11-15 23:16:16,698 [INFO ] ProductEngineServiceFunctionalTest.testItemsWithFilters():305 - Testing in-memory item retrieval...
2012-11-15 23:16:16,733 [INFO ] ProductEngineServiceFunctionalTest.testItemsWithFilters():325 - That should've retrieved the items but also cached them for the first time
2012-11-15 23:16:16,734 [INFO ] ProductEngineServiceFunctionalTest.testItemsWithFilters():327 - Now we're going to use the filters and narrow the result set
2012-11-15 23:16:16,734 [INFO ] ProductEngineServiceFunctionalTest.testItemsWithFilters():353 - Now we compare the first result set with the second result set. They should be the same as there are no user presets involved.
2012-11-15 23:16:16,735 [INFO ] ProductEngineServiceFunctionalTest.testItemsWithFilters():356 - Price filter works. Now we add a multiple choice filter.
2012-11-15 23:16:16,735 [INFO ] ProductEngineServiceFunctionalTest.testItemsWithFilters():372 - Now we compare the second result set with the third result set. They should be the same as there are no user presets involved.
2012-11-15 23:16:16,735 [INFO ] ProductEngineServiceFunctionalTest.testItemsWithFilters():379 - Testing in-memory item retrieval complete
2012-11-15 23:16:23,435 [INFO ] ProductEngineServiceFunctionalTest.setUp():91 - Set up test data for functional test...
2012-11-15 23:16:31,430 [INFO ] ProductEngineServiceFunctionalTest.setUp():248 - All test data has been created for this functional test
2012-11-15 23:16:31,431 [INFO ] ProductEngineServiceFunctionalTest.testCategoryFilter():384 - Testing category filter...
2012-11-15 23:16:31,431 [INFO ] ProductEngineServiceFunctionalTest.testCategoryFilter():387 - Now we're going to filter on category
2012-11-15 23:16:31,461 [INFO ] ProductEngineServiceFunctionalTest.testCategoryFilter():411 - Testing category filter complete
2012-11-15 23:16:40,330 [INFO ] ProductEngineServiceFunctionalTest.setUp():91 - Set up test data for functional test...
2012-11-15 23:16:51,301 [INFO ] ProductEngineServiceFunctionalTest.setUp():248 - All test data has been created for this functional test
2012-11-15 23:17:02,327 [INFO ] ProductGridServiceUnitTest.testSaveProductGrid():130 - First we create a productGrid
2012-11-15 23:17:02,329 [INFO ] ProductGridServiceUnitTest.testSaveProductGrid():148 - ProductGrid was saved successfully
2012-11-15 23:17:02,330 [INFO ] ProductGridServiceUnitTest.testQueryProductGrid():153 - Time to query the service for grids
2012-11-15 23:17:02,331 [INFO ] ProductGridServiceUnitTest.testQueryProductGrid():183 - ProductGrid objects queried successfully
2012-11-15 23:17:02,332 [INFO ] ProductGridServiceUnitTest.testSaveProductGridFilters():188 - Time to add some filters...
2012-11-15 23:17:02,333 [INFO ] ProductGridServiceUnitTest.testSaveProductGridFilters():206 - Time to add some filters was successful
2012-11-15 23:17:02,333 [INFO ] ProductGridServiceUnitTest.testSaveProductGridFilters():208 - Remove the filter again...
2012-11-15 23:17:02,334 [INFO ] ProductGridServiceUnitTest.testSaveProductGridFilters():222 - Remove the filter again successful
2012-11-15 23:17:02,335 [INFO ] ProductGridServiceUnitTest.testRemoveProductGrid():227 - Remove the ProductGrid again...
2012-11-15 23:17:02,335 [INFO ] ProductGridServiceUnitTest.testRemoveProductGrid():239 - Remove the ProductGrid again successful
2012-11-15 23:17:02,337 [INFO ] ProductGridServiceUnitTest.testFindPublishedProductGrid():244 - Attempting to find a product grid that has not been published...
2012-11-15 23:17:02,337 [INFO ] ProductGridServiceUnitTest.testFindPublishedProductGrid():256 - Attempting to find a product grid that has not been published successful
2012-11-15 23:17:02,338 [INFO ] ProductGridServiceUnitTest.testEnrichProductGrid():261 - Enriching product grid...
2012-11-15 23:17:02,338 [INFO ] ProductGridServiceUnitTest.testEnrichProductGrid():263 - First, we're going to call this method without any email
2012-11-15 23:17:02,340 [INFO ] ProductGridServiceUnitTest.testEnrichProductGrid():281 - This time we want to return relevant items
2012-11-15 23:17:02,340 [INFO ] ProductGridServiceUnitTest.testEnrichProductGrid():308 - Enriching product grid successful
2012-11-15 23:17:02,348 [INFO ] ProfileServiceUnitTest.testRemoveUserProfile():74 - Set up user data to remove
2012-11-15 23:17:02,349 [INFO ] ProfileServiceUnitTest.testRemoveUserProfile():87 - User profile was removed successfully
2012-11-15 23:17:02,363 [INFO ] QuizServiceFunctionalTest.setUp():46 - Setting up test...
2012-11-15 23:17:02,701 [INFO ] QuizServiceFunctionalTest.setUp():53 - Setting up test complete
2012-11-15 23:17:02,702 [INFO ] QuizServiceFunctionalTest.testFindQuestionByUrlName():70 - Retrieving question by url name...
2012-11-15 23:17:02,703 [INFO ] QuizServiceFunctionalTest.testFindQuestionByUrlName():74 - Retrieving question by url name complete
2012-11-15 23:17:03,754 [INFO ] RoleServiceFunctionalTest.testRole():38 - Create a role and save it
2012-11-15 23:17:03,755 [INFO ] RoleServiceFunctionalTest.testRole():49 - Tried to save role without credentials. An exception was expected: An Authentication object was not found in the SecurityContext
2012-11-15 23:17:03,755 [INFO ] RoleServiceFunctionalTest.testRole():52 - Securing channel...
2012-11-15 23:17:03,755 [INFO ] RoleServiceFunctionalTest.testRole():54 - Channel secured
2012-11-15 23:17:03,756 [INFO ] RoleServiceFunctionalTest.testRole():56 - Saving a role. This time with a secure channel
2012-11-15 23:17:04,516 [INFO ] RoleServiceFunctionalTest.testRole():60 - Role persisted successfully
2012-11-15 23:17:04,516 [INFO ] RoleServiceFunctionalTest.testRole():66 - Retrieving role...
2012-11-15 23:17:04,517 [INFO ] RoleServiceFunctionalTest.testRole():70 - Role retrieved successfully
2012-11-15 23:17:04,518 [INFO ] RoleServiceFunctionalTest.testRole():72 - Deleting role...
2012-11-15 23:17:05,151 [INFO ] RoleServiceFunctionalTest.testRole():78 - Deleted role successfully
2012-11-15 23:17:05,152 [INFO ] RoleServiceFunctionalTest.testRole():79 - Test complete!
2012-11-15 23:17:06,768 [INFO ] StaticContentServiceFunctionalTest.testDynamicContentGeneration():65 - Testing velocity integration with static content...
2012-11-15 23:17:06,768 [INFO ] StaticContentServiceFunctionalTest.testDynamicContentGeneration():67 - First we retrieve the static content object statically...
2012-11-15 23:17:06,770 [INFO ] StaticContentServiceFunctionalTest.testDynamicContentGeneration():71 - First we retrieve the static content object statically complete
2012-11-15 23:17:06,770 [INFO ] StaticContentServiceFunctionalTest.testDynamicContentGeneration():73 - Then we retrieve the static content object dynamically...
2012-11-15 23:17:06,775 [INFO ] StaticContentServiceFunctionalTest.testDynamicContentGeneration():77 - Then we retrieve the static content object dynamically complete
2012-11-15 23:17:06,776 [INFO ] StaticContentServiceFunctionalTest.testDynamicContentGeneration():79 - Testing velocity integration with static content complete
2012-11-15 23:17:07,831 [INFO ] StoreServiceFunctionalTest.setUp():81 - Starting set up...
2012-11-15 23:17:12,411 [INFO ] StoreServiceFunctionalTest.setUp():135 - Set up complete
2012-11-15 23:17:12,411 [INFO ] StoreServiceFunctionalTest.testFindStoreByUrlName():189 - Finding store by url name
2012-11-15 23:17:12,413 [INFO ] StoreServiceFunctionalTest.testFindStoreByUrlName():194 - Finding store by url name complete.
2012-11-15 23:17:12,414 [INFO ] StoreServiceFunctionalTest.tearDown():140 - Starting tear down...
2012-11-15 23:17:17,409 [INFO ] StoreServiceFunctionalTest.tearDown():184 - Tear down complete
2012-11-15 23:17:17,411 [INFO ] StoreServiceFunctionalTest.setUp():81 - Starting set up...
2012-11-15 23:17:21,644 [INFO ] StoreServiceFunctionalTest.setUp():135 - Set up complete
2012-11-15 23:17:21,644 [INFO ] StoreServiceFunctionalTest.testFindStoreByAffiliateUrlName():199 - Finding store by affiliate url name
2012-11-15 23:17:21,646 [INFO ] StoreServiceFunctionalTest.testFindStoreByAffiliateUrlName():204 - Finding store by affiliate url name complete.
2012-11-15 23:17:21,646 [INFO ] StoreServiceFunctionalTest.tearDown():140 - Starting tear down...
2012-11-15 23:17:25,102 [INFO ] StoreServiceFunctionalTest.tearDown():184 - Tear down complete
2012-11-15 23:17:25,104 [INFO ] StoreServiceFunctionalTest.setUp():81 - Starting set up...
2012-11-15 23:17:28,521 [INFO ] StoreServiceFunctionalTest.setUp():135 - Set up complete
2012-11-15 23:17:28,522 [INFO ] StoreServiceFunctionalTest.testFindStoreByMerchantId():209 - Finding store by merchant id
2012-11-15 23:17:28,523 [INFO ] StoreServiceFunctionalTest.testFindStoreByMerchantId():214 - Finding store by merchant id complete.
2012-11-15 23:17:28,524 [INFO ] StoreServiceFunctionalTest.tearDown():140 - Starting tear down...
2012-11-15 23:17:32,568 [INFO ] StoreServiceFunctionalTest.tearDown():184 - Tear down complete
2012-11-15 23:17:32,570 [INFO ] StoreServiceFunctionalTest.setUp():81 - Starting set up...
2012-11-15 23:17:37,343 [INFO ] StoreServiceFunctionalTest.setUp():135 - Set up complete
2012-11-15 23:17:37,344 [INFO ] StoreServiceFunctionalTest.testFindStoresByUrlName():219 - Find stores by url name.
2012-11-15 23:17:37,345 [INFO ] StoreServiceFunctionalTest.testFindStoresByUrlName():229 - Find stores by url name complete.
2012-11-15 23:17:37,346 [INFO ] StoreServiceFunctionalTest.tearDown():140 - Starting tear down...
2012-11-15 23:17:43,123 [INFO ] StoreServiceFunctionalTest.tearDown():184 - Tear down complete
2012-11-15 23:17:43,125 [INFO ] StoreServiceFunctionalTest.setUp():81 - Starting set up...
2012-11-15 23:17:47,936 [INFO ] StoreServiceFunctionalTest.setUp():135 - Set up complete
2012-11-15 23:17:47,936 [INFO ] StoreServiceFunctionalTest.testFindStores():234 - Find stores
2012-11-15 23:17:47,938 [INFO ] StoreServiceFunctionalTest.testFindStores():239 - Find stores complete.
2012-11-15 23:17:47,938 [INFO ] StoreServiceFunctionalTest.tearDown():140 - Starting tear down...
2012-11-15 23:17:56,120 [INFO ] StoreServiceFunctionalTest.tearDown():184 - Tear down complete
2012-11-15 23:17:56,122 [INFO ] StoreServiceFunctionalTest.setUp():81 - Starting set up...
2012-11-15 23:18:04,254 [INFO ] StoreServiceFunctionalTest.setUp():135 - Set up complete
2012-11-15 23:18:04,254 [INFO ] StoreServiceFunctionalTest.testFindStoresByFirstLetter():244 - Find stores with first letter...
2012-11-15 23:18:04,258 [INFO ] StoreServiceFunctionalTest.testFindStoresByFirstLetter():249 - Find stores complete.
2012-11-15 23:18:04,258 [INFO ] StoreServiceFunctionalTest.tearDown():140 - Starting tear down...
2012-11-15 23:18:09,764 [INFO ] StoreServiceFunctionalTest.tearDown():184 - Tear down complete
2012-11-15 23:18:09,766 [INFO ] StoreServiceFunctionalTest.setUp():81 - Starting set up...
2012-11-15 23:18:15,383 [INFO ] StoreServiceFunctionalTest.setUp():135 - Set up complete
2012-11-15 23:18:15,383 [INFO ] StoreServiceFunctionalTest.testFindStoreCount():254 - Find store count...
2012-11-15 23:18:15,384 [INFO ] StoreServiceFunctionalTest.testFindStoreCount():258 - Find store count complete.
2012-11-15 23:18:15,385 [INFO ] StoreServiceFunctionalTest.tearDown():140 - Starting tear down...
2012-11-15 23:18:20,228 [INFO ] StoreServiceFunctionalTest.tearDown():184 - Tear down complete
2012-11-15 23:18:20,229 [INFO ] StoreServiceFunctionalTest.setUp():81 - Starting set up...
2012-11-15 23:18:26,325 [INFO ] StoreServiceFunctionalTest.setUp():135 - Set up complete
2012-11-15 23:18:26,325 [INFO ] StoreServiceFunctionalTest.testFindStoreAggregates():264 - Find store aggregates
2012-11-15 23:18:26,338 [INFO ] StoreServiceFunctionalTest.testFindStoreAggregates():275 - Find store aggregates complete.
2012-11-15 23:18:26,338 [INFO ] StoreServiceFunctionalTest.tearDown():140 - Starting tear down...
2012-11-15 23:18:31,127 [INFO ] StoreServiceFunctionalTest.tearDown():184 - Tear down complete
2012-11-15 23:18:31,129 [INFO ] StoreServiceFunctionalTest.setUp():81 - Starting set up...
2012-11-15 23:18:34,876 [INFO ] StoreServiceFunctionalTest.setUp():135 - Set up complete
2012-11-15 23:18:34,877 [INFO ] StoreServiceFunctionalTest.testFindStoreAggregateDetails():282 - Find extended store aggregates
2012-11-15 23:18:35,022 [INFO ] StoreServiceFunctionalTest.testFindStoreAggregateDetails():289 - Let's call the same method again. This time caching should kick in and the call should be a lot faster.
2012-11-15 23:18:35,023 [INFO ] StoreServiceFunctionalTest.testFindStoreAggregateDetails():304 - Find store aggregates complete.
2012-11-15 23:18:35,023 [INFO ] StoreServiceFunctionalTest.tearDown():140 - Starting tear down...
2012-11-15 23:18:38,933 [INFO ] StoreServiceFunctionalTest.tearDown():184 - Tear down complete
2012-11-15 23:18:38,936 [INFO ] StoreServiceFunctionalTest.setUp():81 - Starting set up...
2012-11-15 23:18:43,662 [INFO ] StoreServiceFunctionalTest.setUp():135 - Set up complete
2012-11-15 23:18:43,663 [INFO ] StoreServiceFunctionalTest.testFindAllStores():310 - Find all stores
2012-11-15 23:18:43,672 [INFO ] StoreServiceFunctionalTest.testFindAllStores():316 - Find all stores complete.
2012-11-15 23:18:43,672 [INFO ] StoreServiceFunctionalTest.tearDown():140 - Starting tear down...
2012-11-15 23:18:47,350 [INFO ] StoreServiceFunctionalTest.tearDown():184 - Tear down complete
2012-11-15 23:18:48,362 [INFO ] TaskServiceUnitTest.testTaskService():55 - First we create a task
2012-11-15 23:18:48,362 [INFO ] TaskServiceUnitTest.testTaskService():74 - Task was saved successfully
2012-11-15 23:18:48,362 [INFO ] TaskServiceUnitTest.testTaskService():76 - Time to query the service for tasks
2012-11-15 23:18:48,363 [INFO ] TaskServiceUnitTest.testTaskService():95 - Task service queried successfully
2012-11-15 23:18:48,364 [INFO ] TaskServiceUnitTest.testTaskService():97 - Remove the task again
2012-11-15 23:18:51,208 [INFO ] UserServiceFunctionalTest.testUserService():78 - Retrieving user...
2012-11-15 23:18:51,210 [INFO ] UserServiceFunctionalTest.testUserService():91 - User retrieved successfully
2012-11-15 23:18:51,210 [INFO ] UserServiceFunctionalTest.testUserService():93 - Deleting user...
2012-11-15 23:18:52,550 [INFO ] UserServiceFunctionalTest.testUserService():99 - Deleting user successful
2012-11-15 23:18:52,551 [INFO ] UserServiceFunctionalTest.testUserService():100 - Test complete!
2012-11-15 23:18:55,154 [INFO ] UserServiceFunctionalTest.testFindUserByEmailBasedOnEmailLength():106 - Testing find user by email on user service based on the length of the email address
2012-11-15 23:18:55,156 [INFO ] UserServiceFunctionalTest.testFindUserByEmailBasedOnEmailLength():111 - Using partial email addresses and ensure that the user is not found...
2012-11-15 23:18:55,159 [INFO ] UserServiceFunctionalTest.testFindUserByEmailBasedOnEmailLength():120 - Testing find user by email based on email length complete
2012-11-15 23:18:59,506 [INFO ] UserServiceFunctionalTest.testLoadUserByUsername():125 - Testing load user by username on user service
2012-11-15 23:18:59,508 [INFO ] UserServiceFunctionalTest.testLoadUserByUsername():129 - Testing find user ids by social network on user service complete
2012-11-15 23:18:59,509 [INFO ] UserServiceFunctionalTest.testLoadUserByUsername():137 - Testing load user by username on user service complete
2012-11-15 23:19:03,950 [INFO ] UserServiceFunctionalTest.testEncryptPassword():142 - Test encrypt password...
2012-11-15 23:19:04,015 [INFO ] UserServiceFunctionalTest.testEncryptPassword():146 - Test encrypt password complete
2012-11-15 23:19:08,350 [INFO ] UserServiceFunctionalTest.testSaveUsers():151 - Testing load user by username on user service
2012-11-15 23:19:08,353 [WARN ] UserServiceImpl.saveUsers():889 - Trying to insert duplicate user with email: popeye@gmail.fake
2012-11-15 23:19:08,353 [INFO ] UserServiceFunctionalTest.testSaveUsers():156 - Testing load user by username on user service complete
2012-11-15 23:19:13,406 [INFO ] UserTrackerServiceFunctionalTest.testRedirectSaleTracking():62 - Create a userTracker and save it
2012-11-15 23:19:13,406 [INFO ] UserTrackerServiceFunctionalTest.testRedirectSaleTracking():66 - Securing channel...
2012-11-15 23:19:13,407 [INFO ] UserTrackerServiceFunctionalTest.testRedirectSaleTracking():68 - Channel secured
2012-11-15 23:19:13,415 [INFO ] UserTrackerServiceFunctionalTest.testRedirectSaleTracking():77 - Saving a Redirect.
2012-11-15 23:19:13,424 [INFO ] UserTrackerServiceFunctionalTest.testRedirectSaleTracking():82 - Redirect persisted successfully
2012-11-15 23:19:13,424 [INFO ] UserTrackerServiceFunctionalTest.testRedirectSaleTracking():88 - Saving redirect Sale...
2012-11-15 23:19:13,476 [INFO ] UserTrackerServiceFunctionalTest.testRedirectSaleTracking():127 - Test complete!
2012-11-15 23:19:15,460 [INFO ] VelocityServiceFunctionalTest.testMergeTemplateWithString():53 - Testing velocityService.mergeTemplateWithString()...
2012-11-15 23:19:15,489 [INFO ] VelocityServiceFunctionalTest.testMergeTemplateWithString():67 - Velocity merge result:

Numbers formatting test:
Unformatted number: 3.15
Formatted as currency: $3.15
Formatted as number: 3.15
Formatted as integer: 3
Formatted as percentage: 315%

Date formatting test:
Unformatted current date: Nov 15, 2012 11:19:15 PM
Formatted as long date: November 15, 2012 11:19:15 PM ICT
Formatted as medium time date: 11:19:15 PM
Formatted as full date: Thursday, November 15, 2012
Formatted as short date: Nov 15, 2012 11:19 PM
Formatted as pattern date: 2012-11-15 23:19:15

Arbitrary date formatting:
Unformatted date: Thu Apr 05 23:19:15 ICT 2012
Formatted medium date: Apr 5, 2012 11:19:15 PM
2012-11-15 23:19:15,489 [INFO ] VelocityServiceFunctionalTest.testMergeTemplateWithString():72 - Testing velocityService.mergeTemplateWithString() complete
2012-11-15 23:19:16,525 [INFO ] UserMongoEventListenerFunctionalTest.testUserMongoEventListener():49 - Testing UserMongoEventListener...
2012-11-15 23:19:16,763 [INFO ] UserMongoEventListenerFunctionalTest.testUserMongoEventListener():65 - At this point, the strings have been encrypted and are no longer the same
2012-11-15 23:19:16,764 [INFO ] UserMongoEventListenerFunctionalTest.testUserMongoEventListener():71 - Strings have been encrypted and are no longer the same
2012-11-15 23:19:16,765 [INFO ] UserMongoEventListenerFunctionalTest.testUserMongoEventListener():73 - Now we decrypt the strings again
2012-11-15 23:19:16,839 [INFO ] UserMongoEventListenerFunctionalTest.testUserMongoEventListener():80 - Strings have been decrypted and are the same again
2012-11-15 23:19:16,839 [INFO ] UserMongoEventListenerFunctionalTest.testUserMongoEventListener():82 - Now we are going to encrypt twice but only decrypt once, and we want the strings to match after
2012-11-15 23:19:17,111 [INFO ] UserMongoEventListenerFunctionalTest.testUserMongoEventListener():91 - Strings have been decrypted and are the same again
2012-11-15 23:19:17,111 [INFO ] UserMongoEventListenerFunctionalTest.testUserMongoEventListener():93 - Testing UserMongoEventListener completed
2012-11-15 23:19:31,125 [ERROR] ImageComparison.<init>():60 - Can't get input stream from URL!
javax.imageio.IIOException: Can't get input stream from URL!
	at javax.imageio.ImageIO.read(ImageIO.java:1369)
	at com.lela.util.utilities.image.ImageComparison.prepareImageForComparison(ImageComparison.java:66)
	at com.lela.util.utilities.image.ImageComparison.<init>(ImageComparison.java:50)
	at com.lela.commons.test.utilities.image.ImageComparisonTest.compare404URLs(ImageComparisonTest.java:186)
	at sun.reflect.NativeMethodAccessorImpl.invoke0(Native Method)
	at sun.reflect.NativeMethodAccessorImpl.invoke(NativeMethodAccessorImpl.java:39)
	at sun.reflect.DelegatingMethodAccessorImpl.invoke(DelegatingMethodAccessorImpl.java:25)
	at java.lang.reflect.Method.invoke(Method.java:597)
	at org.junit.runners.model.FrameworkMethod$1.runReflectiveCall(FrameworkMethod.java:44)
	at org.junit.internal.runners.model.ReflectiveCallable.run(ReflectiveCallable.java:15)
	at org.junit.runners.model.FrameworkMethod.invokeExplosively(FrameworkMethod.java:41)
	at org.junit.internal.runners.statements.InvokeMethod.evaluate(InvokeMethod.java:20)
	at org.junit.runners.BlockJUnit4ClassRunner.runChild(BlockJUnit4ClassRunner.java:76)
	at org.junit.runners.BlockJUnit4ClassRunner.runChild(BlockJUnit4ClassRunner.java:50)
	at org.junit.runners.ParentRunner$3.run(ParentRunner.java:193)
	at org.junit.runners.ParentRunner$1.schedule(ParentRunner.java:52)
	at org.junit.runners.ParentRunner.runChildren(ParentRunner.java:191)
	at org.junit.runners.ParentRunner.access$000(ParentRunner.java:42)
	at org.junit.runners.ParentRunner$2.evaluate(ParentRunner.java:184)
	at org.junit.runners.ParentRunner.run(ParentRunner.java:236)
	at org.apache.maven.surefire.junit4.JUnit4Provider.execute(JUnit4Provider.java:252)
	at org.apache.maven.surefire.junit4.JUnit4Provider.executeTestSet(JUnit4Provider.java:141)
	at org.apache.maven.surefire.junit4.JUnit4Provider.invoke(JUnit4Provider.java:112)
	at sun.reflect.NativeMethodAccessorImpl.invoke0(Native Method)
	at sun.reflect.NativeMethodAccessorImpl.invoke(NativeMethodAccessorImpl.java:39)
	at sun.reflect.DelegatingMethodAccessorImpl.invoke(DelegatingMethodAccessorImpl.java:25)
	at java.lang.reflect.Method.invoke(Method.java:597)
	at org.apache.maven.surefire.util.ReflectionUtils.invokeMethodWithArray(ReflectionUtils.java:189)
	at org.apache.maven.surefire.booter.ProviderFactory$ProviderProxy.invoke(ProviderFactory.java:165)
	at org.apache.maven.surefire.booter.ProviderFactory.invokeProvider(ProviderFactory.java:85)
	at org.apache.maven.surefire.booter.ForkedBooter.runSuitesInProcess(ForkedBooter.java:113)
	at org.apache.maven.surefire.booter.ForkedBooter.main(ForkedBooter.java:75)
Caused by: java.io.IOException: Server returned HTTP response code: 400 for URL: http://ecx.images-amazon.com/images/I/i_do_not_exist.jpg
	at sun.net.www.protocol.http.HttpURLConnection.getInputStream(HttpURLConnection.java:1436)
	at java.net.URL.openStream(URL.java:1010)
	at javax.imageio.ImageIO.read(ImageIO.java:1367)
	... 31 more
2012-11-15 23:19:31,221 [ERROR] ImageComparison.<init>():60 - Can't get input stream from URL!
javax.imageio.IIOException: Can't get input stream from URL!
	at javax.imageio.ImageIO.read(ImageIO.java:1369)
	at com.lela.util.utilities.image.ImageComparison.prepareImageForComparison(ImageComparison.java:66)
	at com.lela.util.utilities.image.ImageComparison.<init>(ImageComparison.java:47)
	at com.lela.commons.test.utilities.image.ImageComparisonTest.compare404URLs(ImageComparisonTest.java:186)
	at sun.reflect.NativeMethodAccessorImpl.invoke0(Native Method)
	at sun.reflect.NativeMethodAccessorImpl.invoke(NativeMethodAccessorImpl.java:39)
	at sun.reflect.DelegatingMethodAccessorImpl.invoke(DelegatingMethodAccessorImpl.java:25)
	at java.lang.reflect.Method.invoke(Method.java:597)
	at org.junit.runners.model.FrameworkMethod$1.runReflectiveCall(FrameworkMethod.java:44)
	at org.junit.internal.runners.model.ReflectiveCallable.run(ReflectiveCallable.java:15)
	at org.junit.runners.model.FrameworkMethod.invokeExplosively(FrameworkMethod.java:41)
	at org.junit.internal.runners.statements.InvokeMethod.evaluate(InvokeMethod.java:20)
	at org.junit.runners.BlockJUnit4ClassRunner.runChild(BlockJUnit4ClassRunner.java:76)
	at org.junit.runners.BlockJUnit4ClassRunner.runChild(BlockJUnit4ClassRunner.java:50)
	at org.junit.runners.ParentRunner$3.run(ParentRunner.java:193)
	at org.junit.runners.ParentRunner$1.schedule(ParentRunner.java:52)
	at org.junit.runners.ParentRunner.runChildren(ParentRunner.java:191)
	at org.junit.runners.ParentRunner.access$000(ParentRunner.java:42)
	at org.junit.runners.ParentRunner$2.evaluate(ParentRunner.java:184)
	at org.junit.runners.ParentRunner.run(ParentRunner.java:236)
	at org.apache.maven.surefire.junit4.JUnit4Provider.execute(JUnit4Provider.java:252)
	at org.apache.maven.surefire.junit4.JUnit4Provider.executeTestSet(JUnit4Provider.java:141)
	at org.apache.maven.surefire.junit4.JUnit4Provider.invoke(JUnit4Provider.java:112)
	at sun.reflect.NativeMethodAccessorImpl.invoke0(Native Method)
	at sun.reflect.NativeMethodAccessorImpl.invoke(NativeMethodAccessorImpl.java:39)
	at sun.reflect.DelegatingMethodAccessorImpl.invoke(DelegatingMethodAccessorImpl.java:25)
	at java.lang.reflect.Method.invoke(Method.java:597)
	at org.apache.maven.surefire.util.ReflectionUtils.invokeMethodWithArray(ReflectionUtils.java:189)
	at org.apache.maven.surefire.booter.ProviderFactory$ProviderProxy.invoke(ProviderFactory.java:165)
	at org.apache.maven.surefire.booter.ProviderFactory.invokeProvider(ProviderFactory.java:85)
	at org.apache.maven.surefire.booter.ForkedBooter.runSuitesInProcess(ForkedBooter.java:113)
	at org.apache.maven.surefire.booter.ForkedBooter.main(ForkedBooter.java:75)
Caused by: java.io.IOException: Server returned HTTP response code: 400 for URL: http://ecx.images-amazon.com/images/I/i_do_not_exist.jpg
	at sun.net.www.protocol.http.HttpURLConnection.getInputStream(HttpURLConnection.java:1436)
	at java.net.URL.openStream(URL.java:1010)
	at javax.imageio.ImageIO.read(ImageIO.java:1367)
	... 31 more
2012-11-15 23:19:31,356 [ERROR] ImageComparison.<init>():93 - Can't get input stream from URL!
javax.imageio.IIOException: Can't get input stream from URL!
	at javax.imageio.ImageIO.read(ImageIO.java:1369)
	at com.lela.util.utilities.image.ImageComparison.prepareImageForComparison(ImageComparison.java:66)
	at com.lela.util.utilities.image.ImageComparison.<init>(ImageComparison.java:84)
	at com.lela.commons.test.utilities.image.ImageComparisonTest.compare404URLs2(ImageComparisonTest.java:210)
	at sun.reflect.NativeMethodAccessorImpl.invoke0(Native Method)
	at sun.reflect.NativeMethodAccessorImpl.invoke(NativeMethodAccessorImpl.java:39)
	at sun.reflect.DelegatingMethodAccessorImpl.invoke(DelegatingMethodAccessorImpl.java:25)
	at java.lang.reflect.Method.invoke(Method.java:597)
	at org.junit.runners.model.FrameworkMethod$1.runReflectiveCall(FrameworkMethod.java:44)
	at org.junit.internal.runners.model.ReflectiveCallable.run(ReflectiveCallable.java:15)
	at org.junit.runners.model.FrameworkMethod.invokeExplosively(FrameworkMethod.java:41)
	at org.junit.internal.runners.statements.InvokeMethod.evaluate(InvokeMethod.java:20)
	at org.junit.runners.BlockJUnit4ClassRunner.runChild(BlockJUnit4ClassRunner.java:76)
	at org.junit.runners.BlockJUnit4ClassRunner.runChild(BlockJUnit4ClassRunner.java:50)
	at org.junit.runners.ParentRunner$3.run(ParentRunner.java:193)
	at org.junit.runners.ParentRunner$1.schedule(ParentRunner.java:52)
	at org.junit.runners.ParentRunner.runChildren(ParentRunner.java:191)
	at org.junit.runners.ParentRunner.access$000(ParentRunner.java:42)
	at org.junit.runners.ParentRunner$2.evaluate(ParentRunner.java:184)
	at org.junit.runners.ParentRunner.run(ParentRunner.java:236)
	at org.apache.maven.surefire.junit4.JUnit4Provider.execute(JUnit4Provider.java:252)
	at org.apache.maven.surefire.junit4.JUnit4Provider.executeTestSet(JUnit4Provider.java:141)
	at org.apache.maven.surefire.junit4.JUnit4Provider.invoke(JUnit4Provider.java:112)
	at sun.reflect.NativeMethodAccessorImpl.invoke0(Native Method)
	at sun.reflect.NativeMethodAccessorImpl.invoke(NativeMethodAccessorImpl.java:39)
	at sun.reflect.DelegatingMethodAccessorImpl.invoke(DelegatingMethodAccessorImpl.java:25)
	at java.lang.reflect.Method.invoke(Method.java:597)
	at org.apache.maven.surefire.util.ReflectionUtils.invokeMethodWithArray(ReflectionUtils.java:189)
	at org.apache.maven.surefire.booter.ProviderFactory$ProviderProxy.invoke(ProviderFactory.java:165)
	at org.apache.maven.surefire.booter.ProviderFactory.invokeProvider(ProviderFactory.java:85)
	at org.apache.maven.surefire.booter.ForkedBooter.runSuitesInProcess(ForkedBooter.java:113)
	at org.apache.maven.surefire.booter.ForkedBooter.main(ForkedBooter.java:75)
Caused by: java.io.IOException: Server returned HTTP response code: 400 for URL: http://ecx.images-amazon.com/images/I/i_do_not_exist.jpg
	at sun.net.www.protocol.http.HttpURLConnection.getInputStream(HttpURLConnection.java:1436)
	at java.net.URL.openStream(URL.java:1010)
	at javax.imageio.ImageIO.read(ImageIO.java:1367)
	... 31 more
2012-11-15 23:19:55,045 [INFO ] S3FileServiceFunctionalTest.testS3FileServiceWithNoErrors():40 - Testing S3FileService saving a file
2012-11-15 23:20:05,246 [INFO ] S3FileServiceFunctionalTest.testS3FileServiceWithNoErrors():73 - Testing S3FileService complete!
2012-11-15 23:20:06,658 [INFO ] UtilityServiceFunctionalTest.testUtilityServiceWithNoErrors():58 - Testing ImageUtilityService regular square image
2012-11-15 23:20:25,481 [INFO ] UtilityServiceFunctionalTest.testUtilityServiceWithNoErrors():96 - Testing ImageUtilityService regular square image complete!
2012-11-15 23:20:25,482 [INFO ] UtilityServiceFunctionalTest.testUtilityServiceOnlyScaleImage():101 - Testing ImageUtilityService to scale an image...
2012-11-15 23:20:28,934 [INFO ] UtilityServiceFunctionalTest.testUtilityServiceOnlyScaleImage():143 - Testing ImageUtilityService with rectangular image complete!
2012-11-15 23:20:28,935 [INFO ] UtilityServiceFunctionalTest.testUtilityServiceWithBlackImage():148 - Testing ImageUtilityService B&W image...
2012-11-15 23:20:44,372 [INFO ] UtilityServiceFunctionalTest.testUtilityServiceWithBlackImage():183 - Testing ImageUtilityService B&W image complete!
2012-11-15 23:20:44,372 [INFO ] UtilityServiceFunctionalTest.testUtilityServiceWithImageWithBadExifData():188 - Testing ImageUtilityService bad exif data...
2012-11-15 23:21:00,744 [INFO ] UtilityServiceFunctionalTest.testUtilityServiceWithImageWithBadExifData():223 - Testing ImageUtilityService bad exif data complete!
2012-11-15 23:21:00,745 [INFO ] UtilityServiceFunctionalTest.testUtilityServiceWithImageWithCmyk():228 - Testing ImageUtilityService bad exif data...
2012-11-15 23:21:00,758 [ERROR] ImageUtilityServiceImpl.readBufferedImage():519 - Unsupported Image Type
javax.imageio.IIOException: Unsupported Image Type
	at com.sun.imageio.plugins.jpeg.JPEGImageReader.readInternal(JPEGImageReader.java:977)
	at com.sun.imageio.plugins.jpeg.JPEGImageReader.read(JPEGImageReader.java:948)
	at javax.imageio.ImageIO.read(ImageIO.java:1422)
	at javax.imageio.ImageIO.read(ImageIO.java:1326)
	at com.lela.commons.service.impl.ImageUtilityServiceImpl.readBufferedImage(ImageUtilityServiceImpl.java:492)
	at com.lela.commons.service.impl.ImageUtilityServiceImpl.retrieveExternalImage(ImageUtilityServiceImpl.java:424)
	at com.lela.commons.service.impl.ImageUtilityServiceImpl.ingestImage(ImageUtilityServiceImpl.java:198)
	at com.lela.commons.service.impl.ImageUtilityServiceImpl.ingestImage(ImageUtilityServiceImpl.java:117)
	at com.lela.commons.test.utilities.UtilityServiceFunctionalTest.testUtilityServiceWithImageWithCmyk(UtilityServiceFunctionalTest.java:236)
	at sun.reflect.NativeMethodAccessorImpl.invoke0(Native Method)
	at sun.reflect.NativeMethodAccessorImpl.invoke(NativeMethodAccessorImpl.java:39)
	at sun.reflect.DelegatingMethodAccessorImpl.invoke(DelegatingMethodAccessorImpl.java:25)
	at java.lang.reflect.Method.invoke(Method.java:597)
	at org.junit.runners.model.FrameworkMethod$1.runReflectiveCall(FrameworkMethod.java:44)
	at org.junit.internal.runners.model.ReflectiveCallable.run(ReflectiveCallable.java:15)
	at org.junit.runners.model.FrameworkMethod.invokeExplosively(FrameworkMethod.java:41)
	at org.junit.internal.runners.statements.InvokeMethod.evaluate(InvokeMethod.java:20)
	at org.junit.runners.BlockJUnit4ClassRunner.runChild(BlockJUnit4ClassRunner.java:76)
	at org.junit.runners.BlockJUnit4ClassRunner.runChild(BlockJUnit4ClassRunner.java:50)
	at org.junit.runners.ParentRunner$3.run(ParentRunner.java:193)
	at org.junit.runners.ParentRunner$1.schedule(ParentRunner.java:52)
	at org.junit.runners.ParentRunner.runChildren(ParentRunner.java:191)
	at org.junit.runners.ParentRunner.access$000(ParentRunner.java:42)
	at org.junit.runners.ParentRunner$2.evaluate(ParentRunner.java:184)
	at org.junit.runners.ParentRunner.run(ParentRunner.java:236)
	at org.apache.maven.surefire.junit4.JUnit4Provider.execute(JUnit4Provider.java:252)
	at org.apache.maven.surefire.junit4.JUnit4Provider.executeTestSet(JUnit4Provider.java:141)
	at org.apache.maven.surefire.junit4.JUnit4Provider.invoke(JUnit4Provider.java:112)
	at sun.reflect.NativeMethodAccessorImpl.invoke0(Native Method)
	at sun.reflect.NativeMethodAccessorImpl.invoke(NativeMethodAccessorImpl.java:39)
	at sun.reflect.DelegatingMethodAccessorImpl.invoke(DelegatingMethodAccessorImpl.java:25)
	at java.lang.reflect.Method.invoke(Method.java:597)
	at org.apache.maven.surefire.util.ReflectionUtils.invokeMethodWithArray(ReflectionUtils.java:189)
	at org.apache.maven.surefire.booter.ProviderFactory$ProviderProxy.invoke(ProviderFactory.java:165)
	at org.apache.maven.surefire.booter.ProviderFactory.invokeProvider(ProviderFactory.java:85)
	at org.apache.maven.surefire.booter.ForkedBooter.runSuitesInProcess(ForkedBooter.java:113)
	at org.apache.maven.surefire.booter.ForkedBooter.main(ForkedBooter.java:75)
2012-11-15 23:21:23,054 [INFO ] UtilityServiceFunctionalTest.testUtilityServiceWithImageWithCmyk():263 - Testing ImageUtilityService bad exif data complete!
2012-11-15 23:21:23,056 [INFO ] UtilityServiceFunctionalTest.testUtilityServiceWithRectangularImage():268 - Testing ImageUtilityService with rectangular image...
2012-11-15 23:21:47,255 [INFO ] UtilityServiceFunctionalTest.testUtilityServiceWithRectangularImage():308 - Testing ImageUtilityService with rectangular image complete!
2012-11-15 23:21:47,256 [INFO ] UtilityServiceFunctionalTest.testUtilityServiceWithTooSmallImage():313 - Testing ImageUtilityService with too small image...
2012-11-15 23:22:05,667 [INFO ] UtilityServiceFunctionalTest.testUtilityServiceWithTooSmallImage():352 - Testing ImageUtilityService with to small image complete!
2012-11-15 23:22:05,667 [INFO ] UtilityServiceFunctionalTest.testUtilityServiceWithBadWalmartImage():357 - Testing ImageUtilityService with bad walmart image...
2012-11-15 23:22:05,676 [INFO ] UtilityServiceFunctionalTest.testUtilityServiceWithBadWalmartImage():365 - This test should throw an exception becaus the image is a bad one
2012-11-15 23:22:05,795 [INFO ] UtilityServiceFunctionalTest.testUtilityServiceWithBadWalmartImage():369 - Method call successfully threw an exception
2012-11-15 23:22:05,795 [INFO ] UtilityServiceFunctionalTest.testUtilityServiceWithBadWalmartImage():375 - Testing ImageUtilityService with bad walmart image complete!
2012-11-15 23:22:05,796 [INFO ] UtilityServiceFunctionalTest.testUtilityServiceWithSolidBackGroundImages():380 - Testing ImageUtilityService with too small image...
